2020-11-17 09:10:52.748 INFO  [restartedMain]com.wsy.blog.BlogApplication.logStarting:55 -Starting BlogApplication on DESKTOP-E7QN2JV with PID 84 (D:\MyProject\blog\blog\target\classes started by wsy in D:\MyProject\blog\blog)
2020-11-17 09:10:52.755 INFO  [restartedMain]com.wsy.blog.BlogApplication.logStartupProfileInfo:651 -No active profile set, falling back to default profiles: default
2020-11-17 09:10:52.817 INFO  [restartedMain]o.s.b.devtools.env.DevToolsPropertyDefaultsPostProcessor.logTo:225 -Devtools property defaults active! Set 'spring.devtools.add-properties' to 'false' to disable
2020-11-17 09:10:52.817 INFO  [restartedMain]o.s.b.devtools.env.DevToolsPropertyDefaultsPostProcessor.logTo:225 -For additional web related logging consider setting the 'logging.level.web' property to 'DEBUG'
2020-11-17 09:10:53.903 INFO  [restartedMain]o.s.d.repository.config.RepositoryConfigurationDelegate.multipleStoresDetected:249 -Multiple Spring Data modules found, entering strict repository configuration mode!
2020-11-17 09:10:53.903 INFO  [restartedMain]o.s.d.repository.config.RepositoryConfigurationDelegate.registerRepositoriesIn:127 -Bootstrapping Spring Data MongoDB repositories in DEFAULT mode.
2020-11-17 09:10:53.999 INFO  [restartedMain]o.s.d.repository.config.RepositoryConfigurationDelegate.registerRepositoriesIn:187 -Finished Spring Data repository scanning in 82ms. Found 4 MongoDB repository interfaces.
2020-11-17 09:10:54.014 INFO  [restartedMain]o.s.d.repository.config.RepositoryConfigurationDelegate.multipleStoresDetected:249 -Multiple Spring Data modules found, entering strict repository configuration mode!
2020-11-17 09:10:54.014 INFO  [restartedMain]o.s.d.repository.config.RepositoryConfigurationDelegate.registerRepositoriesIn:127 -Bootstrapping Spring Data Redis repositories in DEFAULT mode.
2020-11-17 09:10:54.034 INFO  [restartedMain]o.s.d.r.config.RepositoryConfigurationExtensionSupport.isStrictRepositoryCandidate:348 -Spring Data Redis - Could not safely identify store assignment for repository candidate interface com.wsy.blog.dao.CollectionDao. If you want this repository to be a Redis repository, consider annotating your entities with one of these annotations: org.springframework.data.redis.core.RedisHash (preferred), or consider extending one of the following types with your repository: org.springframework.data.keyvalue.repository.KeyValueRepository.
2020-11-17 09:10:54.034 INFO  [restartedMain]o.s.d.r.config.RepositoryConfigurationExtensionSupport.isStrictRepositoryCandidate:348 -Spring Data Redis - Could not safely identify store assignment for repository candidate interface com.wsy.blog.dao.CommentDao. If you want this repository to be a Redis repository, consider annotating your entities with one of these annotations: org.springframework.data.redis.core.RedisHash (preferred), or consider extending one of the following types with your repository: org.springframework.data.keyvalue.repository.KeyValueRepository.
2020-11-17 09:10:54.034 INFO  [restartedMain]o.s.d.r.config.RepositoryConfigurationExtensionSupport.isStrictRepositoryCandidate:348 -Spring Data Redis - Could not safely identify store assignment for repository candidate interface com.wsy.blog.dao.CommentGoodDao. If you want this repository to be a Redis repository, consider annotating your entities with one of these annotations: org.springframework.data.redis.core.RedisHash (preferred), or consider extending one of the following types with your repository: org.springframework.data.keyvalue.repository.KeyValueRepository.
2020-11-17 09:10:54.034 INFO  [restartedMain]o.s.d.r.config.RepositoryConfigurationExtensionSupport.isStrictRepositoryCandidate:348 -Spring Data Redis - Could not safely identify store assignment for repository candidate interface com.wsy.blog.dao.GoodDao. If you want this repository to be a Redis repository, consider annotating your entities with one of these annotations: org.springframework.data.redis.core.RedisHash (preferred), or consider extending one of the following types with your repository: org.springframework.data.keyvalue.repository.KeyValueRepository.
2020-11-17 09:10:54.039 INFO  [restartedMain]o.s.d.repository.config.RepositoryConfigurationDelegate.registerRepositoriesIn:187 -Finished Spring Data repository scanning in 9ms. Found 0 Redis repository interfaces.
2020-11-17 09:10:54.523 INFO  [restartedMain]o.s.c.s.PostProcessorRegistrationDelegate$BeanPostProcessorChecker.postProcessAfterInitialization:335 -Bean 'shiroConfig' of type [com.wsy.blog.config.shiroConfig$$EnhancerBySpringCGLIB$$1ff29b8d] is not eligible for getting processed by all BeanPostProcessors (for example: not eligible for auto-proxying)
2020-11-17 09:10:54.558 INFO  [restartedMain]o.s.c.s.PostProcessorRegistrationDelegate$BeanPostProcessorChecker.postProcessAfterInitialization:335 -Bean 'mybatis-org.mybatis.spring.boot.autoconfigure.MybatisProperties' of type [org.mybatis.spring.boot.autoconfigure.MybatisProperties] is not eligible for getting processed by all BeanPostProcessors (for example: not eligible for auto-proxying)
2020-11-17 09:10:54.573 INFO  [restartedMain]o.s.c.s.PostProcessorRegistrationDelegate$BeanPostProcessorChecker.postProcessAfterInitialization:335 -Bean 'org.mybatis.spring.boot.autoconfigure.MybatisAutoConfiguration' of type [org.mybatis.spring.boot.autoconfigure.MybatisAutoConfiguration$$EnhancerBySpringCGLIB$$a871ec3] is not eligible for getting processed by all BeanPostProcessors (for example: not eligible for auto-proxying)
2020-11-17 09:10:54.578 INFO  [restartedMain]o.s.c.s.PostProcessorRegistrationDelegate$BeanPostProcessorChecker.postProcessAfterInitialization:335 -Bean 'com.alibaba.druid.spring.boot.autoconfigure.DruidDataSourceAutoConfigure' of type [com.alibaba.druid.spring.boot.autoconfigure.DruidDataSourceAutoConfigure$$EnhancerBySpringCGLIB$$f15ec305] is not eligible for getting processed by all BeanPostProcessors (for example: not eligible for auto-proxying)
2020-11-17 09:10:54.578 INFO  [restartedMain]c.a.d.s.boot.autoconfigure.DruidDataSourceAutoConfigure.dataSource:56 -Init DruidDataSource
2020-11-17 09:10:54.674 INFO  [restartedMain]o.s.c.s.PostProcessorRegistrationDelegate$BeanPostProcessorChecker.postProcessAfterInitialization:335 -Bean 'spring.datasource-org.springframework.boot.autoconfigure.jdbc.DataSourceProperties' of type [org.springframework.boot.autoconfigure.jdbc.DataSourceProperties] is not eligible for getting processed by all BeanPostProcessors (for example: not eligible for auto-proxying)
2020-11-17 09:10:54.693 INFO  [restartedMain]o.s.c.s.PostProcessorRegistrationDelegate$BeanPostProcessorChecker.postProcessAfterInitialization:335 -Bean 'com.alibaba.druid.spring.boot.autoconfigure.stat.DruidFilterConfiguration' of type [com.alibaba.druid.spring.boot.autoconfigure.stat.DruidFilterConfiguration] is not eligible for getting processed by all BeanPostProcessors (for example: not eligible for auto-proxying)
2020-11-17 09:10:54.716 INFO  [restartedMain]o.s.c.s.PostProcessorRegistrationDelegate$BeanPostProcessorChecker.postProcessAfterInitialization:335 -Bean 'statFilter' of type [com.alibaba.druid.filter.stat.StatFilter] is not eligible for getting processed by all BeanPostProcessors (for example: not eligible for auto-proxying)
2020-11-17 09:10:55.434 INFO  [restartedMain]com.alibaba.druid.pool.DruidDataSource.init:930 -{dataSource-1} inited
2020-11-17 09:10:55.449 INFO  [restartedMain]o.s.b.a.logging.ConditionEvaluationReportLoggingListener.logMessage:136 -

Error starting ApplicationContext. To display the conditions report re-run your application with 'debug' enabled.
2020-11-17 09:13:04.106 INFO  [restartedMain]com.wsy.blog.BlogApplication.logStarting:55 -Starting BlogApplication on DESKTOP-E7QN2JV with PID 3304 (D:\MyProject\blog\blog\target\classes started by wsy in D:\MyProject\blog\blog)
2020-11-17 09:13:04.110 INFO  [restartedMain]com.wsy.blog.BlogApplication.logStartupProfileInfo:651 -No active profile set, falling back to default profiles: default
2020-11-17 09:13:04.158 INFO  [restartedMain]o.s.b.devtools.env.DevToolsPropertyDefaultsPostProcessor.logTo:225 -Devtools property defaults active! Set 'spring.devtools.add-properties' to 'false' to disable
2020-11-17 09:13:04.159 INFO  [restartedMain]o.s.b.devtools.env.DevToolsPropertyDefaultsPostProcessor.logTo:225 -For additional web related logging consider setting the 'logging.level.web' property to 'DEBUG'
2020-11-17 09:13:04.972 INFO  [restartedMain]o.s.d.repository.config.RepositoryConfigurationDelegate.multipleStoresDetected:249 -Multiple Spring Data modules found, entering strict repository configuration mode!
2020-11-17 09:13:04.973 INFO  [restartedMain]o.s.d.repository.config.RepositoryConfigurationDelegate.registerRepositoriesIn:127 -Bootstrapping Spring Data MongoDB repositories in DEFAULT mode.
2020-11-17 09:13:05.050 INFO  [restartedMain]o.s.d.repository.config.RepositoryConfigurationDelegate.registerRepositoriesIn:187 -Finished Spring Data repository scanning in 72ms. Found 4 MongoDB repository interfaces.
2020-11-17 09:13:05.064 INFO  [restartedMain]o.s.d.repository.config.RepositoryConfigurationDelegate.multipleStoresDetected:249 -Multiple Spring Data modules found, entering strict repository configuration mode!
2020-11-17 09:13:05.065 INFO  [restartedMain]o.s.d.repository.config.RepositoryConfigurationDelegate.registerRepositoriesIn:127 -Bootstrapping Spring Data Redis repositories in DEFAULT mode.
2020-11-17 09:13:05.081 INFO  [restartedMain]o.s.d.r.config.RepositoryConfigurationExtensionSupport.isStrictRepositoryCandidate:348 -Spring Data Redis - Could not safely identify store assignment for repository candidate interface com.wsy.blog.dao.CollectionDao. If you want this repository to be a Redis repository, consider annotating your entities with one of these annotations: org.springframework.data.redis.core.RedisHash (preferred), or consider extending one of the following types with your repository: org.springframework.data.keyvalue.repository.KeyValueRepository.
2020-11-17 09:13:05.082 INFO  [restartedMain]o.s.d.r.config.RepositoryConfigurationExtensionSupport.isStrictRepositoryCandidate:348 -Spring Data Redis - Could not safely identify store assignment for repository candidate interface com.wsy.blog.dao.CommentDao. If you want this repository to be a Redis repository, consider annotating your entities with one of these annotations: org.springframework.data.redis.core.RedisHash (preferred), or consider extending one of the following types with your repository: org.springframework.data.keyvalue.repository.KeyValueRepository.
2020-11-17 09:13:05.082 INFO  [restartedMain]o.s.d.r.config.RepositoryConfigurationExtensionSupport.isStrictRepositoryCandidate:348 -Spring Data Redis - Could not safely identify store assignment for repository candidate interface com.wsy.blog.dao.CommentGoodDao. If you want this repository to be a Redis repository, consider annotating your entities with one of these annotations: org.springframework.data.redis.core.RedisHash (preferred), or consider extending one of the following types with your repository: org.springframework.data.keyvalue.repository.KeyValueRepository.
2020-11-17 09:13:05.083 INFO  [restartedMain]o.s.d.r.config.RepositoryConfigurationExtensionSupport.isStrictRepositoryCandidate:348 -Spring Data Redis - Could not safely identify store assignment for repository candidate interface com.wsy.blog.dao.GoodDao. If you want this repository to be a Redis repository, consider annotating your entities with one of these annotations: org.springframework.data.redis.core.RedisHash (preferred), or consider extending one of the following types with your repository: org.springframework.data.keyvalue.repository.KeyValueRepository.
2020-11-17 09:13:05.083 INFO  [restartedMain]o.s.d.repository.config.RepositoryConfigurationDelegate.registerRepositoriesIn:187 -Finished Spring Data repository scanning in 10ms. Found 0 Redis repository interfaces.
2020-11-17 09:13:05.547 INFO  [restartedMain]o.s.c.s.PostProcessorRegistrationDelegate$BeanPostProcessorChecker.postProcessAfterInitialization:335 -Bean 'shiroConfig' of type [com.wsy.blog.config.shiroConfig$$EnhancerBySpringCGLIB$$c0f2d0e3] is not eligible for getting processed by all BeanPostProcessors (for example: not eligible for auto-proxying)
2020-11-17 09:13:05.602 INFO  [restartedMain]o.s.c.s.PostProcessorRegistrationDelegate$BeanPostProcessorChecker.postProcessAfterInitialization:335 -Bean 'mybatis-org.mybatis.spring.boot.autoconfigure.MybatisProperties' of type [org.mybatis.spring.boot.autoconfigure.MybatisProperties] is not eligible for getting processed by all BeanPostProcessors (for example: not eligible for auto-proxying)
2020-11-17 09:13:05.621 INFO  [restartedMain]o.s.c.s.PostProcessorRegistrationDelegate$BeanPostProcessorChecker.postProcessAfterInitialization:335 -Bean 'org.mybatis.spring.boot.autoconfigure.MybatisAutoConfiguration' of type [org.mybatis.spring.boot.autoconfigure.MybatisAutoConfiguration$$EnhancerBySpringCGLIB$$ab875419] is not eligible for getting processed by all BeanPostProcessors (for example: not eligible for auto-proxying)
2020-11-17 09:13:05.626 INFO  [restartedMain]o.s.c.s.PostProcessorRegistrationDelegate$BeanPostProcessorChecker.postProcessAfterInitialization:335 -Bean 'com.alibaba.druid.spring.boot.autoconfigure.DruidDataSourceAutoConfigure' of type [com.alibaba.druid.spring.boot.autoconfigure.DruidDataSourceAutoConfigure$$EnhancerBySpringCGLIB$$925ef85b] is not eligible for getting processed by all BeanPostProcessors (for example: not eligible for auto-proxying)
2020-11-17 09:13:05.631 INFO  [restartedMain]c.a.d.s.boot.autoconfigure.DruidDataSourceAutoConfigure.dataSource:56 -Init DruidDataSource
2020-11-17 09:13:05.700 INFO  [restartedMain]o.s.c.s.PostProcessorRegistrationDelegate$BeanPostProcessorChecker.postProcessAfterInitialization:335 -Bean 'spring.datasource-org.springframework.boot.autoconfigure.jdbc.DataSourceProperties' of type [org.springframework.boot.autoconfigure.jdbc.DataSourceProperties] is not eligible for getting processed by all BeanPostProcessors (for example: not eligible for auto-proxying)
2020-11-17 09:13:05.770 INFO  [restartedMain]o.s.c.s.PostProcessorRegistrationDelegate$BeanPostProcessorChecker.postProcessAfterInitialization:335 -Bean 'com.alibaba.druid.spring.boot.autoconfigure.stat.DruidFilterConfiguration' of type [com.alibaba.druid.spring.boot.autoconfigure.stat.DruidFilterConfiguration] is not eligible for getting processed by all BeanPostProcessors (for example: not eligible for auto-proxying)
2020-11-17 09:13:05.802 INFO  [restartedMain]o.s.c.s.PostProcessorRegistrationDelegate$BeanPostProcessorChecker.postProcessAfterInitialization:335 -Bean 'statFilter' of type [com.alibaba.druid.filter.stat.StatFilter] is not eligible for getting processed by all BeanPostProcessors (for example: not eligible for auto-proxying)
2020-11-17 09:13:08.025 INFO  [restartedMain]com.alibaba.druid.pool.DruidDataSource.init:930 -{dataSource-1} inited
2020-11-17 09:13:08.026 INFO  [restartedMain]o.s.c.s.PostProcessorRegistrationDelegate$BeanPostProcessorChecker.postProcessAfterInitialization:335 -Bean 'dataSource' of type [com.alibaba.druid.spring.boot.autoconfigure.DruidDataSourceWrapper] is not eligible for getting processed by all BeanPostProcessors (for example: not eligible for auto-proxying)
2020-11-17 09:13:08.094 INFO  [restartedMain]o.s.c.s.PostProcessorRegistrationDelegate$BeanPostProcessorChecker.postProcessAfterInitialization:335 -Bean 'org.springframework.boot.autoconfigure.jdbc.DataSourceInitializerInvoker' of type [org.springframework.boot.autoconfigure.jdbc.DataSourceInitializerInvoker] is not eligible for getting processed by all BeanPostProcessors (for example: not eligible for auto-proxying)
2020-11-17 09:13:08.320 INFO  [restartedMain]o.s.c.s.PostProcessorRegistrationDelegate$BeanPostProcessorChecker.postProcessAfterInitialization:335 -Bean 'sqlSessionFactory' of type [org.apache.ibatis.session.defaults.DefaultSqlSessionFactory] is not eligible for getting processed by all BeanPostProcessors (for example: not eligible for auto-proxying)
2020-11-17 09:13:08.333 INFO  [restartedMain]o.s.c.s.PostProcessorRegistrationDelegate$BeanPostProcessorChecker.postProcessAfterInitialization:335 -Bean 'sqlSessionTemplate' of type [org.mybatis.spring.SqlSessionTemplate] is not eligible for getting processed by all BeanPostProcessors (for example: not eligible for auto-proxying)
2020-11-17 09:13:08.341 INFO  [restartedMain]o.s.c.s.PostProcessorRegistrationDelegate$BeanPostProcessorChecker.postProcessAfterInitialization:335 -Bean 'adminMapper' of type [org.mybatis.spring.mapper.MapperFactoryBean] is not eligible for getting processed by all BeanPostProcessors (for example: not eligible for auto-proxying)
2020-11-17 09:13:08.349 INFO  [restartedMain]o.s.c.s.PostProcessorRegistrationDelegate$BeanPostProcessorChecker.postProcessAfterInitialization:335 -Bean 'adminMapper' of type [com.sun.proxy.$Proxy83] is not eligible for getting processed by all BeanPostProcessors (for example: not eligible for auto-proxying)
2020-11-17 09:13:08.351 INFO  [restartedMain]o.s.c.s.PostProcessorRegistrationDelegate$BeanPostProcessorChecker.postProcessAfterInitialization:335 -Bean 'adminServiceImpl' of type [com.wsy.blog.service.impl.AdminServiceImpl] is not eligible for getting processed by all BeanPostProcessors (for example: not eligible for auto-proxying)
2020-11-17 09:13:08.371 INFO  [restartedMain]o.s.c.s.PostProcessorRegistrationDelegate$BeanPostProcessorChecker.postProcessAfterInitialization:335 -Bean 'userMapper' of type [org.mybatis.spring.mapper.MapperFactoryBean] is not eligible for getting processed by all BeanPostProcessors (for example: not eligible for auto-proxying)
2020-11-17 09:13:08.373 INFO  [restartedMain]o.s.c.s.PostProcessorRegistrationDelegate$BeanPostProcessorChecker.postProcessAfterInitialization:335 -Bean 'userMapper' of type [com.sun.proxy.$Proxy85] is not eligible for getting processed by all BeanPostProcessors (for example: not eligible for auto-proxying)
2020-11-17 09:13:08.392 INFO  [restartedMain]o.s.c.s.PostProcessorRegistrationDelegate$BeanPostProcessorChecker.postProcessAfterInitialization:335 -Bean '(inner bean)#1aca85b' of type [org.springframework.beans.factory.config.PropertiesFactoryBean] is not eligible for getting processed by all BeanPostProcessors (for example: not eligible for auto-proxying)
2020-11-17 09:13:08.394 INFO  [restartedMain]o.s.c.s.PostProcessorRegistrationDelegate$BeanPostProcessorChecker.postProcessAfterInitialization:335 -Bean '(inner bean)#1aca85b' of type [java.util.Properties] is not eligible for getting processed by all BeanPostProcessors (for example: not eligible for auto-proxying)
2020-11-17 09:13:08.426 INFO  [restartedMain]o.s.c.s.PostProcessorRegistrationDelegate$BeanPostProcessorChecker.postProcessAfterInitialization:335 -Bean '(inner bean)#6673e5' of type [org.springframework.data.repository.core.support.PropertiesBasedNamedQueries] is not eligible for getting processed by all BeanPostProcessors (for example: not eligible for auto-proxying)
2020-11-17 09:13:08.430 INFO  [restartedMain]o.s.c.s.PostProcessorRegistrationDelegate$BeanPostProcessorChecker.postProcessAfterInitialization:335 -Bean '(inner bean)#10648a8' of type [org.springframework.data.repository.core.support.RepositoryFragmentsFactoryBean] is not eligible for getting processed by all BeanPostProcessors (for example: not eligible for auto-proxying)
2020-11-17 09:13:08.436 INFO  [restartedMain]o.s.c.s.PostProcessorRegistrationDelegate$BeanPostProcessorChecker.postProcessAfterInitialization:335 -Bean '(inner bean)#10648a8' of type [org.springframework.data.repository.core.support.RepositoryComposition$RepositoryFragments] is not eligible for getting processed by all BeanPostProcessors (for example: not eligible for auto-proxying)
2020-11-17 09:13:08.461 INFO  [restartedMain]o.s.c.s.PostProcessorRegistrationDelegate$BeanPostProcessorChecker.postProcessAfterInitialization:335 -Bean 'spring.data.mongodb-org.springframework.boot.autoconfigure.mongo.MongoProperties' of type [org.springframework.boot.autoconfigure.mongo.MongoProperties] is not eligible for getting processed by all BeanPostProcessors (for example: not eligible for auto-proxying)
2020-11-17 09:13:08.463 INFO  [restartedMain]o.s.c.s.PostProcessorRegistrationDelegate$BeanPostProcessorChecker.postProcessAfterInitialization:335 -Bean 'org.springframework.boot.autoconfigure.data.mongo.MongoDatabaseFactoryDependentConfiguration' of type [org.springframework.boot.autoconfigure.data.mongo.MongoDatabaseFactoryDependentConfiguration] is not eligible for getting processed by all BeanPostProcessors (for example: not eligible for auto-proxying)
2020-11-17 09:13:08.465 INFO  [restartedMain]o.s.c.s.PostProcessorRegistrationDelegate$BeanPostProcessorChecker.postProcessAfterInitialization:335 -Bean 'org.springframework.boot.autoconfigure.data.mongo.MongoDatabaseFactoryConfiguration' of type [org.springframework.boot.autoconfigure.data.mongo.MongoDatabaseFactoryConfiguration] is not eligible for getting processed by all BeanPostProcessors (for example: not eligible for auto-proxying)
2020-11-17 09:13:08.467 INFO  [restartedMain]o.s.c.s.PostProcessorRegistrationDelegate$BeanPostProcessorChecker.postProcessAfterInitialization:335 -Bean 'org.springframework.boot.autoconfigure.mongo.MongoAutoConfiguration' of type [org.springframework.boot.autoconfigure.mongo.MongoAutoConfiguration] is not eligible for getting processed by all BeanPostProcessors (for example: not eligible for auto-proxying)
2020-11-17 09:13:08.588 INFO  [restartedMain]org.mongodb.driver.cluster.info:71 -Cluster created with settings {hosts=[oopsw.top:27017], mode=SINGLE, requiredClusterType=UNKNOWN, serverSelectionTimeout='30000 ms'}
2020-11-17 09:13:08.636 INFO  [restartedMain]o.s.c.s.PostProcessorRegistrationDelegate$BeanPostProcessorChecker.postProcessAfterInitialization:335 -Bean 'mongo' of type [com.mongodb.client.internal.MongoClientImpl] is not eligible for getting processed by all BeanPostProcessors (for example: not eligible for auto-proxying)
2020-11-17 09:13:08.650 INFO  [restartedMain]o.s.c.s.PostProcessorRegistrationDelegate$BeanPostProcessorChecker.postProcessAfterInitialization:335 -Bean 'mongoDatabaseFactory' of type [org.springframework.data.mongodb.core.SimpleMongoClientDatabaseFactory] is not eligible for getting processed by all BeanPostProcessors (for example: not eligible for auto-proxying)
2020-11-17 09:13:08.665 INFO  [restartedMain]o.s.c.s.PostProcessorRegistrationDelegate$BeanPostProcessorChecker.postProcessAfterInitialization:335 -Bean 'org.springframework.boot.autoconfigure.data.mongo.MongoDataConfiguration' of type [org.springframework.boot.autoconfigure.data.mongo.MongoDataConfiguration] is not eligible for getting processed by all BeanPostProcessors (for example: not eligible for auto-proxying)
2020-11-17 09:13:08.700 INFO  [cluster-ClusterId{value='5fb323a444103a765c0cba43', description='null'}-oopsw.top:27017]org.mongodb.driver.connection.info:71 -Opened connection [connectionId{localValue:1, serverValue:18}] to oopsw.top:27017
2020-11-17 09:13:08.731 INFO  [cluster-ClusterId{value='5fb323a444103a765c0cba43', description='null'}-oopsw.top:27017]org.mongodb.driver.cluster.info:71 -Monitor thread successfully connected to server with description ServerDescription{address=oopsw.top:27017, type=STANDALONE, state=CONNECTED, ok=true, minWireVersion=0, maxWireVersion=9, maxDocumentSize=16777216, logicalSessionTimeoutMinutes=30, roundTripTimeNanos=27505300}
2020-11-17 09:13:08.768 INFO  [restartedMain]o.s.c.s.PostProcessorRegistrationDelegate$BeanPostProcessorChecker.postProcessAfterInitialization:335 -Bean 'mongoCustomConversions' of type [org.springframework.data.mongodb.core.convert.MongoCustomConversions] is not eligible for getting processed by all BeanPostProcessors (for example: not eligible for auto-proxying)
2020-11-17 09:13:08.800 INFO  [restartedMain]o.s.c.s.PostProcessorRegistrationDelegate$BeanPostProcessorChecker.postProcessAfterInitialization:335 -Bean 'mongoMappingContext' of type [org.springframework.data.mongodb.core.mapping.MongoMappingContext] is not eligible for getting processed by all BeanPostProcessors (for example: not eligible for auto-proxying)
2020-11-17 09:13:08.857 INFO  [restartedMain]o.s.c.s.PostProcessorRegistrationDelegate$BeanPostProcessorChecker.postProcessAfterInitialization:335 -Bean 'mappingMongoConverter' of type [org.springframework.data.mongodb.core.convert.MappingMongoConverter] is not eligible for getting processed by all BeanPostProcessors (for example: not eligible for auto-proxying)
2020-11-17 09:13:08.934 INFO  [restartedMain]o.s.c.s.PostProcessorRegistrationDelegate$BeanPostProcessorChecker.postProcessAfterInitialization:335 -Bean 'mongoTemplate' of type [org.springframework.data.mongodb.core.MongoTemplate] is not eligible for getting processed by all BeanPostProcessors (for example: not eligible for auto-proxying)
2020-11-17 09:13:09.177 INFO  [restartedMain]o.s.c.s.PostProcessorRegistrationDelegate$BeanPostProcessorChecker.postProcessAfterInitialization:335 -Bean 'collectionDao' of type [org.springframework.data.mongodb.repository.support.MongoRepositoryFactoryBean] is not eligible for getting processed by all BeanPostProcessors (for example: not eligible for auto-proxying)
2020-11-17 09:13:09.188 INFO  [restartedMain]o.s.c.s.PostProcessorRegistrationDelegate$BeanPostProcessorChecker.postProcessAfterInitialization:335 -Bean 'collectionDao' of type [com.sun.proxy.$Proxy99] is not eligible for getting processed by all BeanPostProcessors (for example: not eligible for auto-proxying)
2020-11-17 09:13:09.216 INFO  [restartedMain]o.s.c.s.PostProcessorRegistrationDelegate$BeanPostProcessorChecker.postProcessAfterInitialization:335 -Bean '(inner bean)#61fcd3' of type [org.springframework.beans.factory.config.PropertiesFactoryBean] is not eligible for getting processed by all BeanPostProcessors (for example: not eligible for auto-proxying)
2020-11-17 09:13:09.217 INFO  [restartedMain]o.s.c.s.PostProcessorRegistrationDelegate$BeanPostProcessorChecker.postProcessAfterInitialization:335 -Bean '(inner bean)#61fcd3' of type [java.util.Properties] is not eligible for getting processed by all BeanPostProcessors (for example: not eligible for auto-proxying)
2020-11-17 09:13:09.218 INFO  [restartedMain]o.s.c.s.PostProcessorRegistrationDelegate$BeanPostProcessorChecker.postProcessAfterInitialization:335 -Bean '(inner bean)#2f1c26' of type [org.springframework.data.repository.core.support.PropertiesBasedNamedQueries] is not eligible for getting processed by all BeanPostProcessors (for example: not eligible for auto-proxying)
2020-11-17 09:13:09.219 INFO  [restartedMain]o.s.c.s.PostProcessorRegistrationDelegate$BeanPostProcessorChecker.postProcessAfterInitialization:335 -Bean '(inner bean)#1f24d4d' of type [org.springframework.data.repository.core.support.RepositoryFragmentsFactoryBean] is not eligible for getting processed by all BeanPostProcessors (for example: not eligible for auto-proxying)
2020-11-17 09:13:09.220 INFO  [restartedMain]o.s.c.s.PostProcessorRegistrationDelegate$BeanPostProcessorChecker.postProcessAfterInitialization:335 -Bean '(inner bean)#1f24d4d' of type [org.springframework.data.repository.core.support.RepositoryComposition$RepositoryFragments] is not eligible for getting processed by all BeanPostProcessors (for example: not eligible for auto-proxying)
2020-11-17 09:13:09.233 INFO  [restartedMain]o.s.c.s.PostProcessorRegistrationDelegate$BeanPostProcessorChecker.postProcessAfterInitialization:335 -Bean 'commentDao' of type [org.springframework.data.mongodb.repository.support.MongoRepositoryFactoryBean] is not eligible for getting processed by all BeanPostProcessors (for example: not eligible for auto-proxying)
2020-11-17 09:13:09.234 INFO  [restartedMain]o.s.c.s.PostProcessorRegistrationDelegate$BeanPostProcessorChecker.postProcessAfterInitialization:335 -Bean 'commentDao' of type [com.sun.proxy.$Proxy100] is not eligible for getting processed by all BeanPostProcessors (for example: not eligible for auto-proxying)
2020-11-17 09:13:09.260 INFO  [restartedMain]o.s.c.s.PostProcessorRegistrationDelegate$BeanPostProcessorChecker.postProcessAfterInitialization:335 -Bean '(inner bean)#12681f5' of type [org.springframework.beans.factory.config.PropertiesFactoryBean] is not eligible for getting processed by all BeanPostProcessors (for example: not eligible for auto-proxying)
2020-11-17 09:13:09.261 INFO  [restartedMain]o.s.c.s.PostProcessorRegistrationDelegate$BeanPostProcessorChecker.postProcessAfterInitialization:335 -Bean '(inner bean)#12681f5' of type [java.util.Properties] is not eligible for getting processed by all BeanPostProcessors (for example: not eligible for auto-proxying)
2020-11-17 09:13:09.262 INFO  [restartedMain]o.s.c.s.PostProcessorRegistrationDelegate$BeanPostProcessorChecker.postProcessAfterInitialization:335 -Bean '(inner bean)#7423cb' of type [org.springframework.data.repository.core.support.PropertiesBasedNamedQueries] is not eligible for getting processed by all BeanPostProcessors (for example: not eligible for auto-proxying)
2020-11-17 09:13:09.263 INFO  [restartedMain]o.s.c.s.PostProcessorRegistrationDelegate$BeanPostProcessorChecker.postProcessAfterInitialization:335 -Bean '(inner bean)#4e468d' of type [org.springframework.data.repository.core.support.RepositoryFragmentsFactoryBean] is not eligible for getting processed by all BeanPostProcessors (for example: not eligible for auto-proxying)
2020-11-17 09:13:09.263 INFO  [restartedMain]o.s.c.s.PostProcessorRegistrationDelegate$BeanPostProcessorChecker.postProcessAfterInitialization:335 -Bean '(inner bean)#4e468d' of type [org.springframework.data.repository.core.support.RepositoryComposition$RepositoryFragments] is not eligible for getting processed by all BeanPostProcessors (for example: not eligible for auto-proxying)
2020-11-17 09:13:09.273 INFO  [restartedMain]o.s.c.s.PostProcessorRegistrationDelegate$BeanPostProcessorChecker.postProcessAfterInitialization:335 -Bean 'goodDao' of type [org.springframework.data.mongodb.repository.support.MongoRepositoryFactoryBean] is not eligible for getting processed by all BeanPostProcessors (for example: not eligible for auto-proxying)
2020-11-17 09:13:09.274 INFO  [restartedMain]o.s.c.s.PostProcessorRegistrationDelegate$BeanPostProcessorChecker.postProcessAfterInitialization:335 -Bean 'goodDao' of type [com.sun.proxy.$Proxy101] is not eligible for getting processed by all BeanPostProcessors (for example: not eligible for auto-proxying)
2020-11-17 09:13:09.296 INFO  [restartedMain]o.s.c.s.PostProcessorRegistrationDelegate$BeanPostProcessorChecker.postProcessAfterInitialization:335 -Bean '(inner bean)#1bc399' of type [org.springframework.beans.factory.config.PropertiesFactoryBean] is not eligible for getting processed by all BeanPostProcessors (for example: not eligible for auto-proxying)
2020-11-17 09:13:09.297 INFO  [restartedMain]o.s.c.s.PostProcessorRegistrationDelegate$BeanPostProcessorChecker.postProcessAfterInitialization:335 -Bean '(inner bean)#1bc399' of type [java.util.Properties] is not eligible for getting processed by all BeanPostProcessors (for example: not eligible for auto-proxying)
2020-11-17 09:13:09.298 INFO  [restartedMain]o.s.c.s.PostProcessorRegistrationDelegate$BeanPostProcessorChecker.postProcessAfterInitialization:335 -Bean '(inner bean)#7c5d25' of type [org.springframework.data.repository.core.support.PropertiesBasedNamedQueries] is not eligible for getting processed by all BeanPostProcessors (for example: not eligible for auto-proxying)
2020-11-17 09:13:09.299 INFO  [restartedMain]o.s.c.s.PostProcessorRegistrationDelegate$BeanPostProcessorChecker.postProcessAfterInitialization:335 -Bean '(inner bean)#102a870' of type [org.springframework.data.repository.core.support.RepositoryFragmentsFactoryBean] is not eligible for getting processed by all BeanPostProcessors (for example: not eligible for auto-proxying)
2020-11-17 09:13:09.300 INFO  [restartedMain]o.s.c.s.PostProcessorRegistrationDelegate$BeanPostProcessorChecker.postProcessAfterInitialization:335 -Bean '(inner bean)#102a870' of type [org.springframework.data.repository.core.support.RepositoryComposition$RepositoryFragments] is not eligible for getting processed by all BeanPostProcessors (for example: not eligible for auto-proxying)
2020-11-17 09:13:09.309 INFO  [restartedMain]o.s.c.s.PostProcessorRegistrationDelegate$BeanPostProcessorChecker.postProcessAfterInitialization:335 -Bean 'commentGoodDao' of type [org.springframework.data.mongodb.repository.support.MongoRepositoryFactoryBean] is not eligible for getting processed by all BeanPostProcessors (for example: not eligible for auto-proxying)
2020-11-17 09:13:09.310 INFO  [restartedMain]o.s.c.s.PostProcessorRegistrationDelegate$BeanPostProcessorChecker.postProcessAfterInitialization:335 -Bean 'commentGoodDao' of type [com.sun.proxy.$Proxy102] is not eligible for getting processed by all BeanPostProcessors (for example: not eligible for auto-proxying)
2020-11-17 09:13:09.332 INFO  [restartedMain]o.s.c.s.PostProcessorRegistrationDelegate$BeanPostProcessorChecker.postProcessAfterInitialization:335 -Bean 'blogMapper' of type [org.mybatis.spring.mapper.MapperFactoryBean] is not eligible for getting processed by all BeanPostProcessors (for example: not eligible for auto-proxying)
2020-11-17 09:13:09.334 INFO  [restartedMain]o.s.c.s.PostProcessorRegistrationDelegate$BeanPostProcessorChecker.postProcessAfterInitialization:335 -Bean 'blogMapper' of type [com.sun.proxy.$Proxy103] is not eligible for getting processed by all BeanPostProcessors (for example: not eligible for auto-proxying)
2020-11-17 09:13:09.336 INFO  [restartedMain]o.s.c.s.PostProcessorRegistrationDelegate$BeanPostProcessorChecker.postProcessAfterInitialization:335 -Bean 'userServiceImpl' of type [com.wsy.blog.service.impl.UserServiceImpl] is not eligible for getting processed by all BeanPostProcessors (for example: not eligible for auto-proxying)
2020-11-17 09:13:09.346 INFO  [restartedMain]o.s.c.s.PostProcessorRegistrationDelegate$BeanPostProcessorChecker.postProcessAfterInitialization:335 -Bean 'adminRealm' of type [com.wsy.blog.realm.AdminRealm] is not eligible for getting processed by all BeanPostProcessors (for example: not eligible for auto-proxying)
2020-11-17 09:13:09.393 INFO  [restartedMain]o.s.c.s.PostProcessorRegistrationDelegate$BeanPostProcessorChecker.postProcessAfterInitialization:335 -Bean 'securityManager' of type [org.apache.shiro.web.mgt.DefaultWebSecurityManager] is not eligible for getting processed by all BeanPostProcessors (for example: not eligible for auto-proxying)
2020-11-17 09:13:09.428 INFO  [restartedMain]o.s.c.s.PostProcessorRegistrationDelegate$BeanPostProcessorChecker.postProcessAfterInitialization:335 -Bean 'authorizationAttributeSourceAdvisor' of type [org.apache.shiro.spring.security.interceptor.AuthorizationAttributeSourceAdvisor] is not eligible for getting processed by all BeanPostProcessors (for example: not eligible for auto-proxying)
2020-11-17 09:13:09.855 INFO  [restartedMain]o.s.boot.web.embedded.tomcat.TomcatWebServer.initialize:108 -Tomcat initialized with port(s): 8080 (http)
2020-11-17 09:13:09.868 INFO  [restartedMain]org.apache.coyote.http11.Http11NioProtocol.log:173 -Initializing ProtocolHandler ["http-nio-8080"]
2020-11-17 09:13:09.869 INFO  [restartedMain]org.apache.catalina.core.StandardService.log:173 -Starting service [Tomcat]
2020-11-17 09:13:09.869 INFO  [restartedMain]org.apache.catalina.core.StandardEngine.log:173 -Starting Servlet engine: [Apache Tomcat/9.0.37]
2020-11-17 09:13:09.968 INFO  [restartedMain]o.a.catalina.core.ContainerBase.[Tomcat].[localhost].[/].log:173 -Initializing Spring embedded WebApplicationContext
2020-11-17 09:13:09.968 INFO  [restartedMain]o.s.b.w.s.context.ServletWebServerApplicationContext.prepareWebApplicationContext:285 -Root WebApplicationContext: initialization completed in 5809 ms
2020-11-17 09:13:10.132 INFO  [restartedMain]o.s.boot.devtools.autoconfigure.OptionalLiveReloadServer.startServer:58 -LiveReload server is running on port 35729
2020-11-17 09:13:11.936 INFO  [restartedMain]org.apache.coyote.http11.Http11NioProtocol.log:173 -Starting ProtocolHandler ["http-nio-8080"]
2020-11-17 09:13:11.955 INFO  [restartedMain]o.s.boot.web.embedded.tomcat.TomcatWebServer.start:220 -Tomcat started on port(s): 8080 (http) with context path ''
2020-11-17 09:13:11.964 INFO  [restartedMain]com.wsy.blog.BlogApplication.logStarted:61 -Started BlogApplication in 8.517 seconds (JVM running for 9.134)
2020-11-17 09:13:49.157 INFO  [http-nio-8080-exec-1]o.a.catalina.core.ContainerBase.[Tomcat].[localhost].[/].log:173 -Initializing Spring DispatcherServlet 'dispatcherServlet'
2020-11-17 09:13:49.157 INFO  [http-nio-8080-exec-1]org.springframework.web.servlet.DispatcherServlet.initServletBean:525 -Initializing Servlet 'dispatcherServlet'
2020-11-17 09:13:49.169 INFO  [http-nio-8080-exec-1]org.springframework.web.servlet.DispatcherServlet.initServletBean:547 -Completed initialization in 11 ms
2020-11-17 09:17:24.875 INFO  [http-nio-8080-exec-3]com.wsy.blog.aspect.RequestAspect.printRequestLog:118 -请求地址 : /admin/login
2020-11-17 09:17:24.875 INFO  [http-nio-8080-exec-3]com.wsy.blog.aspect.RequestAspect.printRequestLog:119 -请求方式 : POST
2020-11-17 09:17:24.884 INFO  [http-nio-8080-exec-3]com.wsy.blog.aspect.RequestAspect.printRequestLog:122 -IP : 0:0:0:0:0:0:0:1
2020-11-17 09:17:24.886 INFO  [http-nio-8080-exec-3]com.wsy.blog.aspect.RequestAspect.printRequestLog:124 -方法 : com.wsy.blog.controller.AdminController.login
2020-11-17 09:17:24.887 INFO  [http-nio-8080-exec-3]com.wsy.blog.aspect.RequestAspect.printRequestLog:130 -请求参数：[Admin(id=null, name=null, header=null, signature=null, comment=null, username=qq1437631334, password=e10adc3949ba59abbe56e057f20f883e)]
2020-11-17 09:17:25.045 INFO  [http-nio-8080-exec-3]com.wsy.blog.aspect.RequestAspect.doAfterReturning:89 -返回值：{"code":400006,"msg":"用户名或密码错误！"}
2020-11-17 09:17:25.045 INFO  [http-nio-8080-exec-3]com.wsy.blog.aspect.RequestAspect.doAround:71 -耗时 : 170
2020-11-17 09:17:32.620 INFO  [http-nio-8080-exec-8]com.wsy.blog.aspect.RequestAspect.printRequestLog:118 -请求地址 : /admin/login
2020-11-17 09:17:32.620 INFO  [http-nio-8080-exec-8]com.wsy.blog.aspect.RequestAspect.printRequestLog:119 -请求方式 : POST
2020-11-17 09:17:32.621 INFO  [http-nio-8080-exec-8]com.wsy.blog.aspect.RequestAspect.printRequestLog:122 -IP : 0:0:0:0:0:0:0:1
2020-11-17 09:17:32.621 INFO  [http-nio-8080-exec-8]com.wsy.blog.aspect.RequestAspect.printRequestLog:124 -方法 : com.wsy.blog.controller.AdminController.login
2020-11-17 09:17:32.621 INFO  [http-nio-8080-exec-8]com.wsy.blog.aspect.RequestAspect.printRequestLog:130 -请求参数：[Admin(id=null, name=null, header=null, signature=null, comment=null, username=qq1437631334, password=wangsiyi1314)]
2020-11-17 09:17:32.672 INFO  [http-nio-8080-exec-8]com.wsy.blog.aspect.RequestAspect.doAfterReturning:89 -返回值：{"code":400006,"msg":"用户名或密码错误！"}
2020-11-17 09:17:32.672 INFO  [http-nio-8080-exec-8]com.wsy.blog.aspect.RequestAspect.doAround:71 -耗时 : 53
2020-11-17 09:17:58.716 INFO  [http-nio-8080-exec-4]com.wsy.blog.aspect.RequestAspect.printRequestLog:118 -请求地址 : /admin/login
2020-11-17 09:17:58.717 INFO  [http-nio-8080-exec-4]com.wsy.blog.aspect.RequestAspect.printRequestLog:119 -请求方式 : POST
2020-11-17 09:17:58.718 INFO  [http-nio-8080-exec-4]com.wsy.blog.aspect.RequestAspect.printRequestLog:122 -IP : 0:0:0:0:0:0:0:1
2020-11-17 09:17:58.718 INFO  [http-nio-8080-exec-4]com.wsy.blog.aspect.RequestAspect.printRequestLog:124 -方法 : com.wsy.blog.controller.AdminController.login
2020-11-17 09:17:58.719 INFO  [http-nio-8080-exec-4]com.wsy.blog.aspect.RequestAspect.printRequestLog:130 -请求参数：[Admin(id=null, name=null, header=null, signature=null, comment=null, username=qq1437631334, password=22beb15bae1724729125ef76cf2840a6)]
2020-11-17 09:17:58.771 INFO  [http-nio-8080-exec-4]com.wsy.blog.aspect.RequestAspect.doAfterReturning:89 -返回值：{"code":400006,"msg":"用户名或密码错误！"}
2020-11-17 09:17:58.771 INFO  [http-nio-8080-exec-4]com.wsy.blog.aspect.RequestAspect.doAround:71 -耗时 : 56
2020-11-17 09:18:47.705 INFO  [http-nio-8080-exec-5]com.wsy.blog.aspect.RequestAspect.printRequestLog:118 -请求地址 : /admin/login
2020-11-17 09:18:47.706 INFO  [http-nio-8080-exec-5]com.wsy.blog.aspect.RequestAspect.printRequestLog:119 -请求方式 : POST
2020-11-17 09:18:47.707 INFO  [http-nio-8080-exec-5]com.wsy.blog.aspect.RequestAspect.printRequestLog:122 -IP : 0:0:0:0:0:0:0:1
2020-11-17 09:18:47.708 INFO  [http-nio-8080-exec-5]com.wsy.blog.aspect.RequestAspect.printRequestLog:124 -方法 : com.wsy.blog.controller.AdminController.login
2020-11-17 09:18:47.709 INFO  [http-nio-8080-exec-5]com.wsy.blog.aspect.RequestAspect.printRequestLog:130 -请求参数：[Admin(id=null, name=null, header=null, signature=null, comment=null, username=qq1437631334, password=249cdae858b9a21da9a99034ac9d3ff9)]
2020-11-17 09:18:47.762 INFO  [http-nio-8080-exec-5]com.wsy.blog.aspect.RequestAspect.doAfterReturning:89 -返回值：{"code":20000,"data":{"token":"E8FE747F9E068D76848EB2C726CBF5E3"},"msg":"操作成功！"}
2020-11-17 09:18:47.762 INFO  [http-nio-8080-exec-5]com.wsy.blog.aspect.RequestAspect.doAround:71 -耗时 : 57
2020-11-17 09:19:27.747 INFO  [http-nio-8080-exec-10]com.wsy.blog.aspect.RequestAspect.printRequestLog:118 -请求地址 : /upload/uploadImage
2020-11-17 09:19:27.748 INFO  [http-nio-8080-exec-10]com.wsy.blog.aspect.RequestAspect.printRequestLog:119 -请求方式 : GET
2020-11-17 09:19:27.748 INFO  [http-nio-8080-exec-10]com.wsy.blog.aspect.RequestAspect.printRequestLog:122 -IP : 0:0:0:0:0:0:0:1
2020-11-17 09:19:27.748 INFO  [http-nio-8080-exec-10]com.wsy.blog.aspect.RequestAspect.printRequestLog:124 -方法 : com.wsy.blog.controller.UploadController.uploadImage
2020-11-17 09:19:27.748 INFO  [http-nio-8080-exec-10]com.wsy.blog.aspect.RequestAspect.printRequestLog:130 -请求参数：[org.springframework.web.multipart.support.StandardMultipartHttpServletRequest$StandardMultipartFile@1532479]
2020-11-17 09:19:28.144 INFO  [http-nio-8080-exec-10]com.wsy.blog.aspect.RequestAspect.doAfterReturning:89 -返回值：{"code":20000,"data":"http://808km.topFv4AvL1UP4AnYvPe-QWeYqGq6gQ0","msg":"上传成功！"}
2020-11-17 09:19:28.144 INFO  [http-nio-8080-exec-10]com.wsy.blog.aspect.RequestAspect.doAround:71 -耗时 : 397
2020-11-17 09:21:14.744 INFO  [restartedMain]com.wsy.blog.BlogApplication.logStarting:55 -Starting BlogApplication on DESKTOP-E7QN2JV with PID 13536 (D:\MyProject\blog\blog\target\classes started by wsy in D:\MyProject\blog\blog)
2020-11-17 09:21:14.747 INFO  [restartedMain]com.wsy.blog.BlogApplication.logStartupProfileInfo:651 -No active profile set, falling back to default profiles: default
2020-11-17 09:21:14.784 INFO  [restartedMain]o.s.b.devtools.env.DevToolsPropertyDefaultsPostProcessor.logTo:225 -Devtools property defaults active! Set 'spring.devtools.add-properties' to 'false' to disable
2020-11-17 09:21:14.784 INFO  [restartedMain]o.s.b.devtools.env.DevToolsPropertyDefaultsPostProcessor.logTo:225 -For additional web related logging consider setting the 'logging.level.web' property to 'DEBUG'
2020-11-17 09:21:15.465 INFO  [restartedMain]o.s.d.repository.config.RepositoryConfigurationDelegate.multipleStoresDetected:249 -Multiple Spring Data modules found, entering strict repository configuration mode!
2020-11-17 09:21:15.466 INFO  [restartedMain]o.s.d.repository.config.RepositoryConfigurationDelegate.registerRepositoriesIn:127 -Bootstrapping Spring Data MongoDB repositories in DEFAULT mode.
2020-11-17 09:21:15.536 INFO  [restartedMain]o.s.d.repository.config.RepositoryConfigurationDelegate.registerRepositoriesIn:187 -Finished Spring Data repository scanning in 65ms. Found 4 MongoDB repository interfaces.
2020-11-17 09:21:15.548 INFO  [restartedMain]o.s.d.repository.config.RepositoryConfigurationDelegate.multipleStoresDetected:249 -Multiple Spring Data modules found, entering strict repository configuration mode!
2020-11-17 09:21:15.550 INFO  [restartedMain]o.s.d.repository.config.RepositoryConfigurationDelegate.registerRepositoriesIn:127 -Bootstrapping Spring Data Redis repositories in DEFAULT mode.
2020-11-17 09:21:15.566 INFO  [restartedMain]o.s.d.r.config.RepositoryConfigurationExtensionSupport.isStrictRepositoryCandidate:348 -Spring Data Redis - Could not safely identify store assignment for repository candidate interface com.wsy.blog.dao.CollectionDao. If you want this repository to be a Redis repository, consider annotating your entities with one of these annotations: org.springframework.data.redis.core.RedisHash (preferred), or consider extending one of the following types with your repository: org.springframework.data.keyvalue.repository.KeyValueRepository.
2020-11-17 09:21:15.567 INFO  [restartedMain]o.s.d.r.config.RepositoryConfigurationExtensionSupport.isStrictRepositoryCandidate:348 -Spring Data Redis - Could not safely identify store assignment for repository candidate interface com.wsy.blog.dao.CommentDao. If you want this repository to be a Redis repository, consider annotating your entities with one of these annotations: org.springframework.data.redis.core.RedisHash (preferred), or consider extending one of the following types with your repository: org.springframework.data.keyvalue.repository.KeyValueRepository.
2020-11-17 09:21:15.567 INFO  [restartedMain]o.s.d.r.config.RepositoryConfigurationExtensionSupport.isStrictRepositoryCandidate:348 -Spring Data Redis - Could not safely identify store assignment for repository candidate interface com.wsy.blog.dao.CommentGoodDao. If you want this repository to be a Redis repository, consider annotating your entities with one of these annotations: org.springframework.data.redis.core.RedisHash (preferred), or consider extending one of the following types with your repository: org.springframework.data.keyvalue.repository.KeyValueRepository.
2020-11-17 09:21:15.568 INFO  [restartedMain]o.s.d.r.config.RepositoryConfigurationExtensionSupport.isStrictRepositoryCandidate:348 -Spring Data Redis - Could not safely identify store assignment for repository candidate interface com.wsy.blog.dao.GoodDao. If you want this repository to be a Redis repository, consider annotating your entities with one of these annotations: org.springframework.data.redis.core.RedisHash (preferred), or consider extending one of the following types with your repository: org.springframework.data.keyvalue.repository.KeyValueRepository.
2020-11-17 09:21:15.568 INFO  [restartedMain]o.s.d.repository.config.RepositoryConfigurationDelegate.registerRepositoriesIn:187 -Finished Spring Data repository scanning in 12ms. Found 0 Redis repository interfaces.
2020-11-17 09:21:15.922 INFO  [restartedMain]o.s.c.s.PostProcessorRegistrationDelegate$BeanPostProcessorChecker.postProcessAfterInitialization:335 -Bean 'shiroConfig' of type [com.wsy.blog.config.shiroConfig$$EnhancerBySpringCGLIB$$86a6cb91] is not eligible for getting processed by all BeanPostProcessors (for example: not eligible for auto-proxying)
2020-11-17 09:21:15.956 INFO  [restartedMain]o.s.c.s.PostProcessorRegistrationDelegate$BeanPostProcessorChecker.postProcessAfterInitialization:335 -Bean 'mybatis-org.mybatis.spring.boot.autoconfigure.MybatisProperties' of type [org.mybatis.spring.boot.autoconfigure.MybatisProperties] is not eligible for getting processed by all BeanPostProcessors (for example: not eligible for auto-proxying)
2020-11-17 09:21:15.966 INFO  [restartedMain]o.s.c.s.PostProcessorRegistrationDelegate$BeanPostProcessorChecker.postProcessAfterInitialization:335 -Bean 'org.mybatis.spring.boot.autoconfigure.MybatisAutoConfiguration' of type [org.mybatis.spring.boot.autoconfigure.MybatisAutoConfiguration$$EnhancerBySpringCGLIB$$713b4ec7] is not eligible for getting processed by all BeanPostProcessors (for example: not eligible for auto-proxying)
2020-11-17 09:21:15.969 INFO  [restartedMain]o.s.c.s.PostProcessorRegistrationDelegate$BeanPostProcessorChecker.postProcessAfterInitialization:335 -Bean 'com.alibaba.druid.spring.boot.autoconfigure.DruidDataSourceAutoConfigure' of type [com.alibaba.druid.spring.boot.autoconfigure.DruidDataSourceAutoConfigure$$EnhancerBySpringCGLIB$$5812f309] is not eligible for getting processed by all BeanPostProcessors (for example: not eligible for auto-proxying)
2020-11-17 09:21:15.973 INFO  [restartedMain]c.a.d.s.boot.autoconfigure.DruidDataSourceAutoConfigure.dataSource:56 -Init DruidDataSource
2020-11-17 09:21:16.024 INFO  [restartedMain]o.s.c.s.PostProcessorRegistrationDelegate$BeanPostProcessorChecker.postProcessAfterInitialization:335 -Bean 'spring.datasource-org.springframework.boot.autoconfigure.jdbc.DataSourceProperties' of type [org.springframework.boot.autoconfigure.jdbc.DataSourceProperties] is not eligible for getting processed by all BeanPostProcessors (for example: not eligible for auto-proxying)
2020-11-17 09:21:16.045 INFO  [restartedMain]o.s.c.s.PostProcessorRegistrationDelegate$BeanPostProcessorChecker.postProcessAfterInitialization:335 -Bean 'com.alibaba.druid.spring.boot.autoconfigure.stat.DruidFilterConfiguration' of type [com.alibaba.druid.spring.boot.autoconfigure.stat.DruidFilterConfiguration] is not eligible for getting processed by all BeanPostProcessors (for example: not eligible for auto-proxying)
2020-11-17 09:21:16.078 INFO  [restartedMain]o.s.c.s.PostProcessorRegistrationDelegate$BeanPostProcessorChecker.postProcessAfterInitialization:335 -Bean 'statFilter' of type [com.alibaba.druid.filter.stat.StatFilter] is not eligible for getting processed by all BeanPostProcessors (for example: not eligible for auto-proxying)
2020-11-17 09:21:18.171 INFO  [restartedMain]com.alibaba.druid.pool.DruidDataSource.init:930 -{dataSource-1} inited
2020-11-17 09:21:18.173 INFO  [restartedMain]o.s.c.s.PostProcessorRegistrationDelegate$BeanPostProcessorChecker.postProcessAfterInitialization:335 -Bean 'dataSource' of type [com.alibaba.druid.spring.boot.autoconfigure.DruidDataSourceWrapper] is not eligible for getting processed by all BeanPostProcessors (for example: not eligible for auto-proxying)
2020-11-17 09:21:18.281 INFO  [restartedMain]o.s.c.s.PostProcessorRegistrationDelegate$BeanPostProcessorChecker.postProcessAfterInitialization:335 -Bean 'org.springframework.boot.autoconfigure.jdbc.DataSourceInitializerInvoker' of type [org.springframework.boot.autoconfigure.jdbc.DataSourceInitializerInvoker] is not eligible for getting processed by all BeanPostProcessors (for example: not eligible for auto-proxying)
2020-11-17 09:21:18.527 INFO  [restartedMain]o.s.c.s.PostProcessorRegistrationDelegate$BeanPostProcessorChecker.postProcessAfterInitialization:335 -Bean 'sqlSessionFactory' of type [org.apache.ibatis.session.defaults.DefaultSqlSessionFactory] is not eligible for getting processed by all BeanPostProcessors (for example: not eligible for auto-proxying)
2020-11-17 09:21:18.534 INFO  [restartedMain]o.s.c.s.PostProcessorRegistrationDelegate$BeanPostProcessorChecker.postProcessAfterInitialization:335 -Bean 'sqlSessionTemplate' of type [org.mybatis.spring.SqlSessionTemplate] is not eligible for getting processed by all BeanPostProcessors (for example: not eligible for auto-proxying)
2020-11-17 09:21:18.544 INFO  [restartedMain]o.s.c.s.PostProcessorRegistrationDelegate$BeanPostProcessorChecker.postProcessAfterInitialization:335 -Bean 'adminMapper' of type [org.mybatis.spring.mapper.MapperFactoryBean] is not eligible for getting processed by all BeanPostProcessors (for example: not eligible for auto-proxying)
2020-11-17 09:21:18.549 INFO  [restartedMain]o.s.c.s.PostProcessorRegistrationDelegate$BeanPostProcessorChecker.postProcessAfterInitialization:335 -Bean 'adminMapper' of type [com.sun.proxy.$Proxy83] is not eligible for getting processed by all BeanPostProcessors (for example: not eligible for auto-proxying)
2020-11-17 09:21:18.552 INFO  [restartedMain]o.s.c.s.PostProcessorRegistrationDelegate$BeanPostProcessorChecker.postProcessAfterInitialization:335 -Bean 'adminServiceImpl' of type [com.wsy.blog.service.impl.AdminServiceImpl] is not eligible for getting processed by all BeanPostProcessors (for example: not eligible for auto-proxying)
2020-11-17 09:21:18.578 INFO  [restartedMain]o.s.c.s.PostProcessorRegistrationDelegate$BeanPostProcessorChecker.postProcessAfterInitialization:335 -Bean 'userMapper' of type [org.mybatis.spring.mapper.MapperFactoryBean] is not eligible for getting processed by all BeanPostProcessors (for example: not eligible for auto-proxying)
2020-11-17 09:21:18.579 INFO  [restartedMain]o.s.c.s.PostProcessorRegistrationDelegate$BeanPostProcessorChecker.postProcessAfterInitialization:335 -Bean 'userMapper' of type [com.sun.proxy.$Proxy85] is not eligible for getting processed by all BeanPostProcessors (for example: not eligible for auto-proxying)
2020-11-17 09:21:18.598 INFO  [restartedMain]o.s.c.s.PostProcessorRegistrationDelegate$BeanPostProcessorChecker.postProcessAfterInitialization:335 -Bean '(inner bean)#13682ee' of type [org.springframework.beans.factory.config.PropertiesFactoryBean] is not eligible for getting processed by all BeanPostProcessors (for example: not eligible for auto-proxying)
2020-11-17 09:21:18.601 INFO  [restartedMain]o.s.c.s.PostProcessorRegistrationDelegate$BeanPostProcessorChecker.postProcessAfterInitialization:335 -Bean '(inner bean)#13682ee' of type [java.util.Properties] is not eligible for getting processed by all BeanPostProcessors (for example: not eligible for auto-proxying)
2020-11-17 09:21:18.632 INFO  [restartedMain]o.s.c.s.PostProcessorRegistrationDelegate$BeanPostProcessorChecker.postProcessAfterInitialization:335 -Bean '(inner bean)#1d1e1c3' of type [org.springframework.data.repository.core.support.PropertiesBasedNamedQueries] is not eligible for getting processed by all BeanPostProcessors (for example: not eligible for auto-proxying)
2020-11-17 09:21:18.636 INFO  [restartedMain]o.s.c.s.PostProcessorRegistrationDelegate$BeanPostProcessorChecker.postProcessAfterInitialization:335 -Bean '(inner bean)#52b00f' of type [org.springframework.data.repository.core.support.RepositoryFragmentsFactoryBean] is not eligible for getting processed by all BeanPostProcessors (for example: not eligible for auto-proxying)
2020-11-17 09:21:18.639 INFO  [restartedMain]o.s.c.s.PostProcessorRegistrationDelegate$BeanPostProcessorChecker.postProcessAfterInitialization:335 -Bean '(inner bean)#52b00f' of type [org.springframework.data.repository.core.support.RepositoryComposition$RepositoryFragments] is not eligible for getting processed by all BeanPostProcessors (for example: not eligible for auto-proxying)
2020-11-17 09:21:18.657 INFO  [restartedMain]o.s.c.s.PostProcessorRegistrationDelegate$BeanPostProcessorChecker.postProcessAfterInitialization:335 -Bean 'spring.data.mongodb-org.springframework.boot.autoconfigure.mongo.MongoProperties' of type [org.springframework.boot.autoconfigure.mongo.MongoProperties] is not eligible for getting processed by all BeanPostProcessors (for example: not eligible for auto-proxying)
2020-11-17 09:21:18.659 INFO  [restartedMain]o.s.c.s.PostProcessorRegistrationDelegate$BeanPostProcessorChecker.postProcessAfterInitialization:335 -Bean 'org.springframework.boot.autoconfigure.data.mongo.MongoDatabaseFactoryDependentConfiguration' of type [org.springframework.boot.autoconfigure.data.mongo.MongoDatabaseFactoryDependentConfiguration] is not eligible for getting processed by all BeanPostProcessors (for example: not eligible for auto-proxying)
2020-11-17 09:21:18.661 INFO  [restartedMain]o.s.c.s.PostProcessorRegistrationDelegate$BeanPostProcessorChecker.postProcessAfterInitialization:335 -Bean 'org.springframework.boot.autoconfigure.data.mongo.MongoDatabaseFactoryConfiguration' of type [org.springframework.boot.autoconfigure.data.mongo.MongoDatabaseFactoryConfiguration] is not eligible for getting processed by all BeanPostProcessors (for example: not eligible for auto-proxying)
2020-11-17 09:21:18.662 INFO  [restartedMain]o.s.c.s.PostProcessorRegistrationDelegate$BeanPostProcessorChecker.postProcessAfterInitialization:335 -Bean 'org.springframework.boot.autoconfigure.mongo.MongoAutoConfiguration' of type [org.springframework.boot.autoconfigure.mongo.MongoAutoConfiguration] is not eligible for getting processed by all BeanPostProcessors (for example: not eligible for auto-proxying)
2020-11-17 09:21:18.720 INFO  [restartedMain]org.mongodb.driver.cluster.info:71 -Cluster created with settings {hosts=[oopsw.top:27017], mode=SINGLE, requiredClusterType=UNKNOWN, serverSelectionTimeout='30000 ms'}
2020-11-17 09:21:18.744 INFO  [restartedMain]o.s.c.s.PostProcessorRegistrationDelegate$BeanPostProcessorChecker.postProcessAfterInitialization:335 -Bean 'mongo' of type [com.mongodb.client.internal.MongoClientImpl] is not eligible for getting processed by all BeanPostProcessors (for example: not eligible for auto-proxying)
2020-11-17 09:21:18.756 INFO  [restartedMain]o.s.c.s.PostProcessorRegistrationDelegate$BeanPostProcessorChecker.postProcessAfterInitialization:335 -Bean 'mongoDatabaseFactory' of type [org.springframework.data.mongodb.core.SimpleMongoClientDatabaseFactory] is not eligible for getting processed by all BeanPostProcessors (for example: not eligible for auto-proxying)
2020-11-17 09:21:18.769 INFO  [restartedMain]o.s.c.s.PostProcessorRegistrationDelegate$BeanPostProcessorChecker.postProcessAfterInitialization:335 -Bean 'org.springframework.boot.autoconfigure.data.mongo.MongoDataConfiguration' of type [org.springframework.boot.autoconfigure.data.mongo.MongoDataConfiguration] is not eligible for getting processed by all BeanPostProcessors (for example: not eligible for auto-proxying)
2020-11-17 09:21:18.808 INFO  [cluster-ClusterId{value='5fb3258e9c1d195429b58db5', description='null'}-oopsw.top:27017]org.mongodb.driver.connection.info:71 -Opened connection [connectionId{localValue:1, serverValue:19}] to oopsw.top:27017
2020-11-17 09:21:18.835 INFO  [cluster-ClusterId{value='5fb3258e9c1d195429b58db5', description='null'}-oopsw.top:27017]org.mongodb.driver.cluster.info:71 -Monitor thread successfully connected to server with description ServerDescription{address=oopsw.top:27017, type=STANDALONE, state=CONNECTED, ok=true, minWireVersion=0, maxWireVersion=9, maxDocumentSize=16777216, logicalSessionTimeoutMinutes=30, roundTripTimeNanos=25414300}
2020-11-17 09:21:18.841 INFO  [restartedMain]o.s.c.s.PostProcessorRegistrationDelegate$BeanPostProcessorChecker.postProcessAfterInitialization:335 -Bean 'mongoCustomConversions' of type [org.springframework.data.mongodb.core.convert.MongoCustomConversions] is not eligible for getting processed by all BeanPostProcessors (for example: not eligible for auto-proxying)
2020-11-17 09:21:18.864 INFO  [restartedMain]o.s.c.s.PostProcessorRegistrationDelegate$BeanPostProcessorChecker.postProcessAfterInitialization:335 -Bean 'mongoMappingContext' of type [org.springframework.data.mongodb.core.mapping.MongoMappingContext] is not eligible for getting processed by all BeanPostProcessors (for example: not eligible for auto-proxying)
2020-11-17 09:21:18.904 INFO  [restartedMain]o.s.c.s.PostProcessorRegistrationDelegate$BeanPostProcessorChecker.postProcessAfterInitialization:335 -Bean 'mappingMongoConverter' of type [org.springframework.data.mongodb.core.convert.MappingMongoConverter] is not eligible for getting processed by all BeanPostProcessors (for example: not eligible for auto-proxying)
2020-11-17 09:21:18.946 INFO  [restartedMain]o.s.c.s.PostProcessorRegistrationDelegate$BeanPostProcessorChecker.postProcessAfterInitialization:335 -Bean 'mongoTemplate' of type [org.springframework.data.mongodb.core.MongoTemplate] is not eligible for getting processed by all BeanPostProcessors (for example: not eligible for auto-proxying)
2020-11-17 09:21:19.133 INFO  [restartedMain]o.s.c.s.PostProcessorRegistrationDelegate$BeanPostProcessorChecker.postProcessAfterInitialization:335 -Bean 'collectionDao' of type [org.springframework.data.mongodb.repository.support.MongoRepositoryFactoryBean] is not eligible for getting processed by all BeanPostProcessors (for example: not eligible for auto-proxying)
2020-11-17 09:21:19.142 INFO  [restartedMain]o.s.c.s.PostProcessorRegistrationDelegate$BeanPostProcessorChecker.postProcessAfterInitialization:335 -Bean 'collectionDao' of type [com.sun.proxy.$Proxy99] is not eligible for getting processed by all BeanPostProcessors (for example: not eligible for auto-proxying)
2020-11-17 09:21:19.167 INFO  [restartedMain]o.s.c.s.PostProcessorRegistrationDelegate$BeanPostProcessorChecker.postProcessAfterInitialization:335 -Bean '(inner bean)#6cdc5a' of type [org.springframework.beans.factory.config.PropertiesFactoryBean] is not eligible for getting processed by all BeanPostProcessors (for example: not eligible for auto-proxying)
2020-11-17 09:21:19.168 INFO  [restartedMain]o.s.c.s.PostProcessorRegistrationDelegate$BeanPostProcessorChecker.postProcessAfterInitialization:335 -Bean '(inner bean)#6cdc5a' of type [java.util.Properties] is not eligible for getting processed by all BeanPostProcessors (for example: not eligible for auto-proxying)
2020-11-17 09:21:19.169 INFO  [restartedMain]o.s.c.s.PostProcessorRegistrationDelegate$BeanPostProcessorChecker.postProcessAfterInitialization:335 -Bean '(inner bean)#7c20dd' of type [org.springframework.data.repository.core.support.PropertiesBasedNamedQueries] is not eligible for getting processed by all BeanPostProcessors (for example: not eligible for auto-proxying)
2020-11-17 09:21:19.170 INFO  [restartedMain]o.s.c.s.PostProcessorRegistrationDelegate$BeanPostProcessorChecker.postProcessAfterInitialization:335 -Bean '(inner bean)#1b608b2' of type [org.springframework.data.repository.core.support.RepositoryFragmentsFactoryBean] is not eligible for getting processed by all BeanPostProcessors (for example: not eligible for auto-proxying)
2020-11-17 09:21:19.170 INFO  [restartedMain]o.s.c.s.PostProcessorRegistrationDelegate$BeanPostProcessorChecker.postProcessAfterInitialization:335 -Bean '(inner bean)#1b608b2' of type [org.springframework.data.repository.core.support.RepositoryComposition$RepositoryFragments] is not eligible for getting processed by all BeanPostProcessors (for example: not eligible for auto-proxying)
2020-11-17 09:21:19.182 INFO  [restartedMain]o.s.c.s.PostProcessorRegistrationDelegate$BeanPostProcessorChecker.postProcessAfterInitialization:335 -Bean 'commentDao' of type [org.springframework.data.mongodb.repository.support.MongoRepositoryFactoryBean] is not eligible for getting processed by all BeanPostProcessors (for example: not eligible for auto-proxying)
2020-11-17 09:21:19.183 INFO  [restartedMain]o.s.c.s.PostProcessorRegistrationDelegate$BeanPostProcessorChecker.postProcessAfterInitialization:335 -Bean 'commentDao' of type [com.sun.proxy.$Proxy100] is not eligible for getting processed by all BeanPostProcessors (for example: not eligible for auto-proxying)
2020-11-17 09:21:19.202 INFO  [restartedMain]o.s.c.s.PostProcessorRegistrationDelegate$BeanPostProcessorChecker.postProcessAfterInitialization:335 -Bean '(inner bean)#3e8cc3' of type [org.springframework.beans.factory.config.PropertiesFactoryBean] is not eligible for getting processed by all BeanPostProcessors (for example: not eligible for auto-proxying)
2020-11-17 09:21:19.203 INFO  [restartedMain]o.s.c.s.PostProcessorRegistrationDelegate$BeanPostProcessorChecker.postProcessAfterInitialization:335 -Bean '(inner bean)#3e8cc3' of type [java.util.Properties] is not eligible for getting processed by all BeanPostProcessors (for example: not eligible for auto-proxying)
2020-11-17 09:21:19.204 INFO  [restartedMain]o.s.c.s.PostProcessorRegistrationDelegate$BeanPostProcessorChecker.postProcessAfterInitialization:335 -Bean '(inner bean)#c638e0' of type [org.springframework.data.repository.core.support.PropertiesBasedNamedQueries] is not eligible for getting processed by all BeanPostProcessors (for example: not eligible for auto-proxying)
2020-11-17 09:21:19.205 INFO  [restartedMain]o.s.c.s.PostProcessorRegistrationDelegate$BeanPostProcessorChecker.postProcessAfterInitialization:335 -Bean '(inner bean)#1334efc' of type [org.springframework.data.repository.core.support.RepositoryFragmentsFactoryBean] is not eligible for getting processed by all BeanPostProcessors (for example: not eligible for auto-proxying)
2020-11-17 09:21:19.205 INFO  [restartedMain]o.s.c.s.PostProcessorRegistrationDelegate$BeanPostProcessorChecker.postProcessAfterInitialization:335 -Bean '(inner bean)#1334efc' of type [org.springframework.data.repository.core.support.RepositoryComposition$RepositoryFragments] is not eligible for getting processed by all BeanPostProcessors (for example: not eligible for auto-proxying)
2020-11-17 09:21:19.213 INFO  [restartedMain]o.s.c.s.PostProcessorRegistrationDelegate$BeanPostProcessorChecker.postProcessAfterInitialization:335 -Bean 'goodDao' of type [org.springframework.data.mongodb.repository.support.MongoRepositoryFactoryBean] is not eligible for getting processed by all BeanPostProcessors (for example: not eligible for auto-proxying)
2020-11-17 09:21:19.214 INFO  [restartedMain]o.s.c.s.PostProcessorRegistrationDelegate$BeanPostProcessorChecker.postProcessAfterInitialization:335 -Bean 'goodDao' of type [com.sun.proxy.$Proxy101] is not eligible for getting processed by all BeanPostProcessors (for example: not eligible for auto-proxying)
2020-11-17 09:21:19.242 INFO  [restartedMain]o.s.c.s.PostProcessorRegistrationDelegate$BeanPostProcessorChecker.postProcessAfterInitialization:335 -Bean '(inner bean)#2ced95' of type [org.springframework.beans.factory.config.PropertiesFactoryBean] is not eligible for getting processed by all BeanPostProcessors (for example: not eligible for auto-proxying)
2020-11-17 09:21:19.243 INFO  [restartedMain]o.s.c.s.PostProcessorRegistrationDelegate$BeanPostProcessorChecker.postProcessAfterInitialization:335 -Bean '(inner bean)#2ced95' of type [java.util.Properties] is not eligible for getting processed by all BeanPostProcessors (for example: not eligible for auto-proxying)
2020-11-17 09:21:19.244 INFO  [restartedMain]o.s.c.s.PostProcessorRegistrationDelegate$BeanPostProcessorChecker.postProcessAfterInitialization:335 -Bean '(inner bean)#17a6967' of type [org.springframework.data.repository.core.support.PropertiesBasedNamedQueries] is not eligible for getting processed by all BeanPostProcessors (for example: not eligible for auto-proxying)
2020-11-17 09:21:19.245 INFO  [restartedMain]o.s.c.s.PostProcessorRegistrationDelegate$BeanPostProcessorChecker.postProcessAfterInitialization:335 -Bean '(inner bean)#a40abe' of type [org.springframework.data.repository.core.support.RepositoryFragmentsFactoryBean] is not eligible for getting processed by all BeanPostProcessors (for example: not eligible for auto-proxying)
2020-11-17 09:21:19.246 INFO  [restartedMain]o.s.c.s.PostProcessorRegistrationDelegate$BeanPostProcessorChecker.postProcessAfterInitialization:335 -Bean '(inner bean)#a40abe' of type [org.springframework.data.repository.core.support.RepositoryComposition$RepositoryFragments] is not eligible for getting processed by all BeanPostProcessors (for example: not eligible for auto-proxying)
2020-11-17 09:21:19.255 INFO  [restartedMain]o.s.c.s.PostProcessorRegistrationDelegate$BeanPostProcessorChecker.postProcessAfterInitialization:335 -Bean 'commentGoodDao' of type [org.springframework.data.mongodb.repository.support.MongoRepositoryFactoryBean] is not eligible for getting processed by all BeanPostProcessors (for example: not eligible for auto-proxying)
2020-11-17 09:21:19.256 INFO  [restartedMain]o.s.c.s.PostProcessorRegistrationDelegate$BeanPostProcessorChecker.postProcessAfterInitialization:335 -Bean 'commentGoodDao' of type [com.sun.proxy.$Proxy102] is not eligible for getting processed by all BeanPostProcessors (for example: not eligible for auto-proxying)
2020-11-17 09:21:19.276 INFO  [restartedMain]o.s.c.s.PostProcessorRegistrationDelegate$BeanPostProcessorChecker.postProcessAfterInitialization:335 -Bean 'blogMapper' of type [org.mybatis.spring.mapper.MapperFactoryBean] is not eligible for getting processed by all BeanPostProcessors (for example: not eligible for auto-proxying)
2020-11-17 09:21:19.277 INFO  [restartedMain]o.s.c.s.PostProcessorRegistrationDelegate$BeanPostProcessorChecker.postProcessAfterInitialization:335 -Bean 'blogMapper' of type [com.sun.proxy.$Proxy103] is not eligible for getting processed by all BeanPostProcessors (for example: not eligible for auto-proxying)
2020-11-17 09:21:19.280 INFO  [restartedMain]o.s.c.s.PostProcessorRegistrationDelegate$BeanPostProcessorChecker.postProcessAfterInitialization:335 -Bean 'userServiceImpl' of type [com.wsy.blog.service.impl.UserServiceImpl] is not eligible for getting processed by all BeanPostProcessors (for example: not eligible for auto-proxying)
2020-11-17 09:21:19.288 INFO  [restartedMain]o.s.c.s.PostProcessorRegistrationDelegate$BeanPostProcessorChecker.postProcessAfterInitialization:335 -Bean 'adminRealm' of type [com.wsy.blog.realm.AdminRealm] is not eligible for getting processed by all BeanPostProcessors (for example: not eligible for auto-proxying)
2020-11-17 09:21:19.322 INFO  [restartedMain]o.s.c.s.PostProcessorRegistrationDelegate$BeanPostProcessorChecker.postProcessAfterInitialization:335 -Bean 'securityManager' of type [org.apache.shiro.web.mgt.DefaultWebSecurityManager] is not eligible for getting processed by all BeanPostProcessors (for example: not eligible for auto-proxying)
2020-11-17 09:21:19.345 INFO  [restartedMain]o.s.c.s.PostProcessorRegistrationDelegate$BeanPostProcessorChecker.postProcessAfterInitialization:335 -Bean 'authorizationAttributeSourceAdvisor' of type [org.apache.shiro.spring.security.interceptor.AuthorizationAttributeSourceAdvisor] is not eligible for getting processed by all BeanPostProcessors (for example: not eligible for auto-proxying)
2020-11-17 09:21:19.682 INFO  [restartedMain]o.s.boot.web.embedded.tomcat.TomcatWebServer.initialize:108 -Tomcat initialized with port(s): 8080 (http)
2020-11-17 09:21:19.691 INFO  [restartedMain]org.apache.coyote.http11.Http11NioProtocol.log:173 -Initializing ProtocolHandler ["http-nio-8080"]
2020-11-17 09:21:19.691 INFO  [restartedMain]org.apache.catalina.core.StandardService.log:173 -Starting service [Tomcat]
2020-11-17 09:21:19.691 INFO  [restartedMain]org.apache.catalina.core.StandardEngine.log:173 -Starting Servlet engine: [Apache Tomcat/9.0.37]
2020-11-17 09:21:19.777 INFO  [restartedMain]o.a.catalina.core.ContainerBase.[Tomcat].[localhost].[/].log:173 -Initializing Spring embedded WebApplicationContext
2020-11-17 09:21:19.778 INFO  [restartedMain]o.s.b.w.s.context.ServletWebServerApplicationContext.prepareWebApplicationContext:285 -Root WebApplicationContext: initialization completed in 4993 ms
2020-11-17 09:21:19.904 INFO  [restartedMain]o.s.boot.devtools.autoconfigure.OptionalLiveReloadServer.startServer:58 -LiveReload server is running on port 35729
2020-11-17 09:21:21.381 INFO  [restartedMain]org.apache.coyote.http11.Http11NioProtocol.log:173 -Starting ProtocolHandler ["http-nio-8080"]
2020-11-17 09:21:21.401 INFO  [restartedMain]o.s.boot.web.embedded.tomcat.TomcatWebServer.start:220 -Tomcat started on port(s): 8080 (http) with context path ''
2020-11-17 09:21:21.408 INFO  [restartedMain]com.wsy.blog.BlogApplication.logStarted:61 -Started BlogApplication in 7.153 seconds (JVM running for 7.829)
2020-11-17 09:22:38.799 INFO  [http-nio-8080-exec-5]o.a.catalina.core.ContainerBase.[Tomcat].[localhost].[/].log:173 -Initializing Spring DispatcherServlet 'dispatcherServlet'
2020-11-17 09:22:38.799 INFO  [http-nio-8080-exec-5]org.springframework.web.servlet.DispatcherServlet.initServletBean:525 -Initializing Servlet 'dispatcherServlet'
2020-11-17 09:22:38.814 INFO  [http-nio-8080-exec-5]org.springframework.web.servlet.DispatcherServlet.initServletBean:547 -Completed initialization in 14 ms
2020-11-17 09:22:47.934 INFO  [http-nio-8080-exec-7]com.wsy.blog.aspect.RequestAspect.printRequestLog:118 -请求地址 : /admin/login
2020-11-17 09:22:47.935 INFO  [http-nio-8080-exec-7]com.wsy.blog.aspect.RequestAspect.printRequestLog:119 -请求方式 : POST
2020-11-17 09:22:47.938 INFO  [http-nio-8080-exec-7]com.wsy.blog.aspect.RequestAspect.printRequestLog:122 -IP : 0:0:0:0:0:0:0:1
2020-11-17 09:22:47.940 INFO  [http-nio-8080-exec-7]com.wsy.blog.aspect.RequestAspect.printRequestLog:124 -方法 : com.wsy.blog.controller.AdminController.login
2020-11-17 09:22:47.940 INFO  [http-nio-8080-exec-7]com.wsy.blog.aspect.RequestAspect.printRequestLog:130 -请求参数：[Admin(id=null, name=null, header=null, signature=null, comment=null, username=qq1437631334, password=249cdae858b9a21da9a99034ac9d3ff9)]
2020-11-17 09:22:48.086 INFO  [http-nio-8080-exec-7]com.wsy.blog.aspect.RequestAspect.doAfterReturning:89 -返回值：{"code":20000,"data":{"token":"07E39D78350C435EAF0621828109913D"},"msg":"操作成功！"}
2020-11-17 09:22:48.086 INFO  [http-nio-8080-exec-7]com.wsy.blog.aspect.RequestAspect.doAround:71 -耗时 : 152
2020-11-17 09:23:39.201 INFO  [http-nio-8080-exec-6]com.wsy.blog.aspect.RequestAspect.printRequestLog:118 -请求地址 : /upload/uploadImage
2020-11-17 09:23:39.201 INFO  [http-nio-8080-exec-6]com.wsy.blog.aspect.RequestAspect.printRequestLog:119 -请求方式 : GET
2020-11-17 09:23:39.202 INFO  [http-nio-8080-exec-6]com.wsy.blog.aspect.RequestAspect.printRequestLog:122 -IP : 0:0:0:0:0:0:0:1
2020-11-17 09:23:39.202 INFO  [http-nio-8080-exec-6]com.wsy.blog.aspect.RequestAspect.printRequestLog:124 -方法 : com.wsy.blog.controller.UploadController.uploadImage
2020-11-17 09:23:39.202 INFO  [http-nio-8080-exec-6]com.wsy.blog.aspect.RequestAspect.printRequestLog:130 -请求参数：[org.springframework.web.multipart.support.StandardMultipartHttpServletRequest$StandardMultipartFile@2efecd]
2020-11-17 09:23:39.457 INFO  [http-nio-8080-exec-6]com.wsy.blog.aspect.RequestAspect.doAfterReturning:89 -返回值：{"code":20000,"data":"http://808km.top/blog/img/3079885","msg":"上传成功！"}
2020-11-17 09:23:39.457 INFO  [http-nio-8080-exec-6]com.wsy.blog.aspect.RequestAspect.doAround:71 -耗时 : 256
