2020-11-17 09:10:52.755 DEBUG [restartedMain]com.wsy.blog.BlogApplication.logStarting:56 -Running with Spring Boot v2.3.2.RELEASE, Spring v5.2.8.RELEASE
2020-11-17 09:13:04.110 DEBUG [restartedMain]com.wsy.blog.BlogApplication.logStarting:56 -Running with Spring Boot v2.3.2.RELEASE, Spring v5.2.8.RELEASE
2020-11-17 09:17:24.955 DEBUG [http-nio-8080-exec-3]com.wsy.blog.mapper.AdminMapper.getByUsername.debug:159 -==>  Preparing: select `name`,header,signature,username,password from bl_admin where username=? 
2020-11-17 09:17:24.984 DEBUG [http-nio-8080-exec-3]com.wsy.blog.mapper.AdminMapper.getByUsername.debug:159 -==> Parameters: qq1437631334(String)
2020-11-17 09:17:25.035 DEBUG [http-nio-8080-exec-3]com.wsy.blog.mapper.AdminMapper.getByUsername.debug:159 -<==      Total: 1
2020-11-17 09:17:25.069 DEBUG [http-nio-8080-exec-3]com.wsy.blog.mapper.LogMapper.save.debug:159 -==>  Preparing: insert into bl_log (log_url, log_params, log_status, log_message, log_method, log_time, log_result, log_ip) values (?, ?, ?, ?, ?, ?, ?, ?) 
2020-11-17 09:17:25.072 DEBUG [http-nio-8080-exec-3]com.wsy.blog.mapper.LogMapper.save.debug:159 -==> Parameters: /admin/login(String), [Admin(id=null, name=null, header=null, signature=null, comment=null, username=qq1437631334, password=e10adc3949ba59abbe56e057f20f883e)](String), 1(Integer), null, POST(String), 170(Long), {"code":400006,"msg":"用户名或密码错误！"}(String), 0:0:0:0:0:0:0:1(String)
2020-11-17 09:17:25.117 DEBUG [http-nio-8080-exec-3]com.wsy.blog.mapper.LogMapper.save.debug:159 -<==    Updates: 1
2020-11-17 09:17:32.648 DEBUG [http-nio-8080-exec-8]com.wsy.blog.mapper.AdminMapper.getByUsername.debug:159 -==>  Preparing: select `name`,header,signature,username,password from bl_admin where username=? 
2020-11-17 09:17:32.648 DEBUG [http-nio-8080-exec-8]com.wsy.blog.mapper.AdminMapper.getByUsername.debug:159 -==> Parameters: qq1437631334(String)
2020-11-17 09:17:32.670 DEBUG [http-nio-8080-exec-8]com.wsy.blog.mapper.AdminMapper.getByUsername.debug:159 -<==      Total: 1
2020-11-17 09:17:32.696 DEBUG [http-nio-8080-exec-8]com.wsy.blog.mapper.LogMapper.save.debug:159 -==>  Preparing: insert into bl_log (log_url, log_params, log_status, log_message, log_method, log_time, log_result, log_ip) values (?, ?, ?, ?, ?, ?, ?, ?) 
2020-11-17 09:17:32.697 DEBUG [http-nio-8080-exec-8]com.wsy.blog.mapper.LogMapper.save.debug:159 -==> Parameters: /admin/login(String), [Admin(id=null, name=null, header=null, signature=null, comment=null, username=qq1437631334, password=wangsiyi1314)](String), 1(Integer), null, POST(String), 53(Long), {"code":400006,"msg":"用户名或密码错误！"}(String), 0:0:0:0:0:0:0:1(String)
2020-11-17 09:17:32.742 DEBUG [http-nio-8080-exec-8]com.wsy.blog.mapper.LogMapper.save.debug:159 -<==    Updates: 1
2020-11-17 09:17:58.745 DEBUG [http-nio-8080-exec-4]com.wsy.blog.mapper.AdminMapper.getByUsername.debug:159 -==>  Preparing: select `name`,header,signature,username,password from bl_admin where username=? 
2020-11-17 09:17:58.746 DEBUG [http-nio-8080-exec-4]com.wsy.blog.mapper.AdminMapper.getByUsername.debug:159 -==> Parameters: qq1437631334(String)
2020-11-17 09:17:58.769 DEBUG [http-nio-8080-exec-4]com.wsy.blog.mapper.AdminMapper.getByUsername.debug:159 -<==      Total: 1
2020-11-17 09:17:58.794 DEBUG [http-nio-8080-exec-4]com.wsy.blog.mapper.LogMapper.save.debug:159 -==>  Preparing: insert into bl_log (log_url, log_params, log_status, log_message, log_method, log_time, log_result, log_ip) values (?, ?, ?, ?, ?, ?, ?, ?) 
2020-11-17 09:17:58.796 DEBUG [http-nio-8080-exec-4]com.wsy.blog.mapper.LogMapper.save.debug:159 -==> Parameters: /admin/login(String), [Admin(id=null, name=null, header=null, signature=null, comment=null, username=qq1437631334, password=22beb15bae1724729125ef76cf2840a6)](String), 1(Integer), null, POST(String), 56(Long), {"code":400006,"msg":"用户名或密码错误！"}(String), 0:0:0:0:0:0:0:1(String)
2020-11-17 09:17:58.841 DEBUG [http-nio-8080-exec-4]com.wsy.blog.mapper.LogMapper.save.debug:159 -<==    Updates: 1
2020-11-17 09:18:47.735 DEBUG [http-nio-8080-exec-5]com.wsy.blog.mapper.AdminMapper.getByUsername.debug:159 -==>  Preparing: select `name`,header,signature,username,password from bl_admin where username=? 
2020-11-17 09:18:47.736 DEBUG [http-nio-8080-exec-5]com.wsy.blog.mapper.AdminMapper.getByUsername.debug:159 -==> Parameters: qq1437631334(String)
2020-11-17 09:18:47.759 DEBUG [http-nio-8080-exec-5]com.wsy.blog.mapper.AdminMapper.getByUsername.debug:159 -<==      Total: 1
2020-11-17 09:18:47.786 DEBUG [http-nio-8080-exec-5]com.wsy.blog.mapper.LogMapper.save.debug:159 -==>  Preparing: insert into bl_log (log_url, log_params, log_status, log_message, log_method, log_time, log_result, log_ip) values (?, ?, ?, ?, ?, ?, ?, ?) 
2020-11-17 09:18:47.787 DEBUG [http-nio-8080-exec-5]com.wsy.blog.mapper.LogMapper.save.debug:159 -==> Parameters: /admin/login(String), [Admin(id=null, name=null, header=null, signature=null, comment=null, username=qq1437631334, password=249cdae858b9a21da9a99034ac9d3ff9)](String), 1(Integer), null, POST(String), 57(Long), {"code":20000,"data":{"token":"E8FE747F9E068D76848EB2C726CBF5E3"},"msg":"操作成功！"}(String), 0:0:0:0:0:0:0:1(String)
2020-11-17 09:18:47.833 DEBUG [http-nio-8080-exec-5]com.wsy.blog.mapper.LogMapper.save.debug:159 -<==    Updates: 1
2020-11-17 09:19:28.169 DEBUG [http-nio-8080-exec-10]com.wsy.blog.mapper.LogMapper.save.debug:159 -==>  Preparing: insert into bl_log (log_url, log_params, log_status, log_message, log_method, log_time, log_result, log_ip) values (?, ?, ?, ?, ?, ?, ?, ?) 
2020-11-17 09:19:28.170 DEBUG [http-nio-8080-exec-10]com.wsy.blog.mapper.LogMapper.save.debug:159 -==> Parameters: /upload/uploadImage(String), [org.springframework.web.multipart.support.StandardMultipartHttpServletRequest$StandardMultipartFile@1532479](String), 1(Integer), null, GET(String), 397(Long), {"code":20000,"data":"http://808km.topFv4AvL1UP4AnYvPe-QWeYqGq6gQ0","msg":"上传成功！"}(String), 0:0:0:0:0:0:0:1(String)
2020-11-17 09:19:28.217 DEBUG [http-nio-8080-exec-10]com.wsy.blog.mapper.LogMapper.save.debug:159 -<==    Updates: 1
2020-11-17 09:21:14.747 DEBUG [restartedMain]com.wsy.blog.BlogApplication.logStarting:56 -Running with Spring Boot v2.3.2.RELEASE, Spring v5.2.8.RELEASE
2020-11-17 09:22:48.008 DEBUG [http-nio-8080-exec-7]com.wsy.blog.mapper.AdminMapper.getByUsername.debug:159 -==>  Preparing: select `name`,header,signature,username,password from bl_admin where username=? 
2020-11-17 09:22:48.029 DEBUG [http-nio-8080-exec-7]com.wsy.blog.mapper.AdminMapper.getByUsername.debug:159 -==> Parameters: qq1437631334(String)
2020-11-17 09:22:48.078 DEBUG [http-nio-8080-exec-7]com.wsy.blog.mapper.AdminMapper.getByUsername.debug:159 -<==      Total: 1
2020-11-17 09:22:48.112 DEBUG [http-nio-8080-exec-7]com.wsy.blog.mapper.LogMapper.save.debug:159 -==>  Preparing: insert into bl_log (log_url, log_params, log_status, log_message, log_method, log_time, log_result, log_ip) values (?, ?, ?, ?, ?, ?, ?, ?) 
2020-11-17 09:22:48.116 DEBUG [http-nio-8080-exec-7]com.wsy.blog.mapper.LogMapper.save.debug:159 -==> Parameters: /admin/login(String), [Admin(id=null, name=null, header=null, signature=null, comment=null, username=qq1437631334, password=249cdae858b9a21da9a99034ac9d3ff9)](String), 1(Integer), null, POST(String), 152(Long), {"code":20000,"data":{"token":"07E39D78350C435EAF0621828109913D"},"msg":"操作成功！"}(String), 0:0:0:0:0:0:0:1(String)
2020-11-17 09:22:48.167 DEBUG [http-nio-8080-exec-7]com.wsy.blog.mapper.LogMapper.save.debug:159 -<==    Updates: 1
2020-11-17 09:23:39.485 DEBUG [http-nio-8080-exec-6]com.wsy.blog.mapper.LogMapper.save.debug:159 -==>  Preparing: insert into bl_log (log_url, log_params, log_status, log_message, log_method, log_time, log_result, log_ip) values (?, ?, ?, ?, ?, ?, ?, ?) 
2020-11-17 09:23:39.487 DEBUG [http-nio-8080-exec-6]com.wsy.blog.mapper.LogMapper.save.debug:159 -==> Parameters: /upload/uploadImage(String), [org.springframework.web.multipart.support.StandardMultipartHttpServletRequest$StandardMultipartFile@2efecd](String), 1(Integer), null, GET(String), 256(Long), {"code":20000,"data":"http://808km.top/blog/img/3079885","msg":"上传成功！"}(String), 0:0:0:0:0:0:0:1(String)
2020-11-17 09:23:39.537 DEBUG [http-nio-8080-exec-6]com.wsy.blog.mapper.LogMapper.save.debug:159 -<==    Updates: 1
