2020-08-18 09:49:52.900 WARN  [main]o.s.web.context.support.GenericWebApplicationContext.refresh:559 -Exception encountered during context initialization - cancelling refresh attempt: org.springframework.beans.factory.UnsatisfiedDependencyException: Error creating bean with name 'commentController': Unsatisfied dependency expressed through field 'commentService'; nested exception is org.springframework.beans.factory.UnsatisfiedDependencyException: Error creating bean with name 'commentServiceImpl': Unsatisfied dependency expressed through field 'commentDao'; nested exception is org.springframework.beans.factory.BeanCreationException: Error creating bean with name 'commentDao' defined in com.wsy.blog.dao.CommentDao defined in @EnableMongoRepositories declared on MongoRepositoriesRegistrar.EnableMongoRepositoriesConfiguration: Invocation of init method failed; nested exception is org.springframework.data.mapping.PropertyReferenceException: No property commentsBlogId found for type Comment! Did you mean 'commentBlogId'?
2020-08-18 10:13:48.927 WARN  [http-nio-8080-exec-8]org.springframework.web.servlet.PageNotFound.noHandlerFound:1251 -No mapping for GET /login.jsp;jsessionid=7A80C1A9299377F86291A6410F5B4BAC
2020-08-18 10:14:08.145 WARN  [http-nio-8080-exec-7]org.springframework.web.servlet.PageNotFound.noHandlerFound:1251 -No mapping for GET /login.jsp
2020-08-18 10:14:24.476 WARN  [http-nio-8080-exec-1]org.springframework.web.servlet.PageNotFound.noHandlerFound:1251 -No mapping for GET /login.jsp
2020-08-18 10:20:17.030 WARN  [http-nio-8080-exec-7]org.springframework.web.servlet.PageNotFound.noHandlerFound:1251 -No mapping for GET /login.jsp
2020-08-18 10:21:49.748 WARN  [http-nio-8080-exec-7]org.springframework.web.servlet.PageNotFound.noHandlerFound:1251 -No mapping for GET /login.jsp
2020-08-18 10:21:52.485 WARN  [http-nio-8080-exec-3]org.springframework.web.servlet.PageNotFound.noHandlerFound:1251 -No mapping for GET /login.jsp
2020-08-18 10:22:11.594 WARN  [http-nio-8080-exec-10]org.springframework.web.servlet.PageNotFound.noHandlerFound:1251 -No mapping for GET /login.jsp
2020-08-18 10:23:02.672 WARN  [http-nio-8080-exec-6]org.springframework.web.servlet.PageNotFound.noHandlerFound:1251 -No mapping for GET /login.jsp
2020-08-18 10:23:04.564 WARN  [http-nio-8080-exec-1]org.springframework.web.servlet.PageNotFound.noHandlerFound:1251 -No mapping for GET /login.jsp
2020-08-18 10:26:33.914 WARN  [http-nio-8080-exec-3]org.springframework.web.servlet.PageNotFound.noHandlerFound:1251 -No mapping for POST /blog/commentGood/%7B1294647161643978752&5f3b3c43e146e65af71734b0%7D
2020-08-18 10:27:33.541 WARN  [http-nio-8080-exec-3]org.springframework.web.servlet.PageNotFound.noHandlerFound:1251 -No mapping for POST /blog/commentGood/%7B1294647161643978752&5f3b3c43e146e65af71734b0%7D
2020-08-18 10:29:28.301 WARN  [http-nio-8080-exec-2]org.springframework.web.servlet.PageNotFound.noHandlerFound:1251 -No mapping for POST /blog/commentGood/1294647161643978752&5f3b3c43e146e65af71734b0
2020-08-18 10:29:45.794 WARN  [http-nio-8080-exec-10]org.springframework.web.servlet.PageNotFound.noHandlerFound:1251 -No mapping for POST /blog/commentGood/1294647161643978752&5f3b3c43e146e65af71734b0
2020-08-18 10:43:05.131 WARN  [http-nio-8080-exec-1]org.springframework.web.servlet.PageNotFound.noHandlerFound:1251 -No mapping for GET /login.jsp
2020-08-18 10:43:14.599 WARN  [http-nio-8080-exec-9]org.springframework.web.servlet.PageNotFound.noHandlerFound:1251 -No mapping for GET /login.jsp
2020-08-18 11:25:02.374 WARN  [http-nio-8080-exec-9]org.springframework.web.servlet.PageNotFound.noHandlerFound:1251 -No mapping for POST /comment/getPage%7D
2020-08-18 11:25:26.296 WARN  [http-nio-8080-exec-8]org.springframework.web.servlet.PageNotFound.noHandlerFound:1251 -No mapping for POST /comment/getPage
2020-08-18 11:50:33.339 WARN  [http-nio-8080-exec-8]org.springframework.web.servlet.PageNotFound.noHandlerFound:1251 -No mapping for POST /user/getCollection
2020-08-18 11:50:35.111 WARN  [http-nio-8080-exec-2]org.springframework.web.servlet.PageNotFound.noHandlerFound:1251 -No mapping for POST /user/getCollection
2020-08-18 11:51:00.218 WARN  [http-nio-8080-exec-4]org.springframework.web.servlet.PageNotFound.noHandlerFound:1251 -No mapping for POST /user/getCollection
2020-08-18 13:03:04.172 WARN  [http-nio-8080-exec-5]org.springframework.web.servlet.PageNotFound.noHandlerFound:1251 -No mapping for OPTIONS /login.jsp
2020-08-18 13:03:07.330 WARN  [http-nio-8080-exec-7]org.springframework.web.servlet.PageNotFound.noHandlerFound:1251 -No mapping for OPTIONS /login.jsp
2020-08-18 13:03:07.917 WARN  [http-nio-8080-exec-9]org.springframework.web.servlet.PageNotFound.noHandlerFound:1251 -No mapping for OPTIONS /login.jsp
2020-08-18 13:03:14.471 WARN  [http-nio-8080-exec-1]org.springframework.web.servlet.PageNotFound.noHandlerFound:1251 -No mapping for OPTIONS /login.jsp
2020-08-18 13:03:24.063 WARN  [http-nio-8080-exec-9]org.springframework.web.servlet.PageNotFound.noHandlerFound:1251 -No mapping for OPTIONS /login.jsp
2020-08-18 13:04:16.191 WARN  [http-nio-8080-exec-3]org.springframework.web.servlet.PageNotFound.noHandlerFound:1251 -No mapping for OPTIONS /login.jsp
2020-08-18 13:04:43.227 WARN  [http-nio-8080-exec-1]org.springframework.web.servlet.PageNotFound.noHandlerFound:1251 -No mapping for OPTIONS /login.jsp
2020-08-18 14:26:11.769 WARN  [http-nio-8080-exec-3]org.springframework.web.servlet.PageNotFound.noHandlerFound:1251 -No mapping for GET /login.jsp;jsessionid=F34ED59DC9C67B456E5E40F3E6D7A2AA
2020-08-18 16:18:53.614 WARN  [http-nio-8080-exec-8]o.s.w.s.mvc.support.DefaultHandlerExceptionResolver.logException:199 -Resolved [org.springframework.http.converter.HttpMessageNotReadableException: JSON parse error: Cannot deserialize instance of `java.util.LinkedHashMap<java.lang.String,java.lang.Object>` out of START_ARRAY token; nested exception is com.fasterxml.jackson.databind.exc.MismatchedInputException: Cannot deserialize instance of `java.util.LinkedHashMap<java.lang.String,java.lang.Object>` out of START_ARRAY token
 at [Source: (PushbackInputStream); line: 1, column: 67] (through reference chain: com.wsy.blog.utils.Page["params"])]
2020-08-18 16:20:47.602 WARN  [http-nio-8080-exec-10]o.s.w.s.mvc.support.DefaultHandlerExceptionResolver.logException:199 -Resolved [org.springframework.http.converter.HttpMessageNotReadableException: JSON parse error: Cannot deserialize instance of `java.util.ArrayList<java.lang.Object>` out of START_OBJECT token; nested exception is com.fasterxml.jackson.databind.exc.MismatchedInputException: Cannot deserialize instance of `java.util.ArrayList<java.lang.Object>` out of START_OBJECT token
 at [Source: (PushbackInputStream); line: 1, column: 64] (through reference chain: com.wsy.blog.utils.Page["data"])]
2020-08-18 16:20:50.053 WARN  [http-nio-8080-exec-6]o.s.w.s.mvc.support.DefaultHandlerExceptionResolver.logException:199 -Resolved [org.springframework.http.converter.HttpMessageNotReadableException: JSON parse error: Cannot deserialize instance of `java.util.ArrayList<java.lang.Object>` out of START_OBJECT token; nested exception is com.fasterxml.jackson.databind.exc.MismatchedInputException: Cannot deserialize instance of `java.util.ArrayList<java.lang.Object>` out of START_OBJECT token
 at [Source: (PushbackInputStream); line: 1, column: 64] (through reference chain: com.wsy.blog.utils.Page["data"])]
2020-08-18 16:24:17.178 WARN  [http-nio-8080-exec-4]o.s.w.s.mvc.support.DefaultHandlerExceptionResolver.logException:199 -Resolved [org.springframework.http.converter.HttpMessageNotReadableException: JSON parse error: Cannot deserialize instance of `java.util.ArrayList<java.lang.Object>` out of START_OBJECT token; nested exception is com.fasterxml.jackson.databind.exc.MismatchedInputException: Cannot deserialize instance of `java.util.ArrayList<java.lang.Object>` out of START_OBJECT token
 at [Source: (PushbackInputStream); line: 1, column: 64] (through reference chain: com.wsy.blog.utils.Page["data"])]
