2020-08-12 15:19:07.295 DEBUG [restartedMain]com.wsy.blog.BlogApplication.logStarting:56 -Running with Spring Boot v2.3.2.RELEASE, Spring v5.2.8.RELEASE
2020-08-12 15:19:25.641 DEBUG [http-nio-8080-exec-3]com.wsy.blog.mapper.AdminMapper.getByUsername.debug:159 -==>  Preparing: select `name`,header,signature,username,password from bl_admin where username=? 
2020-08-12 15:19:25.710 DEBUG [http-nio-8080-exec-3]com.wsy.blog.mapper.AdminMapper.getByUsername.debug:159 -==> Parameters: qq1437631334(String)
2020-08-12 15:19:25.793 DEBUG [http-nio-8080-exec-3]com.wsy.blog.mapper.AdminMapper.getByUsername.debug:159 -<==      Total: 1
2020-08-12 15:19:25.915 DEBUG [http-nio-8080-exec-3]com.wsy.blog.mapper.LogMapper.save.debug:159 -==>  Preparing: insert into bl_log ( log_url, log_params, log_status, log_message, log_method, log_time, log_result,log_ip ) values ( ?,?,?,?,?,?,?,? ) 
2020-08-12 15:19:25.934 DEBUG [http-nio-8080-exec-3]com.wsy.blog.mapper.LogMapper.save.debug:159 -==> Parameters: /admin/login(String), [Admin(id=null, name=null, header=null, signature=null, comment=null, username=qq1437631334, password=123456)](String), 1(Integer), null, POST(String), 321(Long), {"code":20000,"data":{"token":"49E41AB5ADE31B88C0EFFF29CD405276"},"msg":"操作成功！"}(String), 0:0:0:0:0:0:0:1(String)
2020-08-12 15:19:26.020 DEBUG [http-nio-8080-exec-3]com.wsy.blog.mapper.LogMapper.save.debug:159 -<==    Updates: 1
2020-08-12 15:43:11.466 DEBUG [restartedMain]com.wsy.blog.BlogApplication.logStarting:56 -Running with Spring Boot v2.3.2.RELEASE, Spring v5.2.8.RELEASE
2020-08-12 15:43:56.803 DEBUG [http-nio-8080-exec-3]com.wsy.blog.mapper.AdminMapper.getByUsername.debug:159 -==>  Preparing: select `name`,header,signature,username,password from bl_admin where username=? 
2020-08-12 15:43:56.898 DEBUG [http-nio-8080-exec-3]com.wsy.blog.mapper.AdminMapper.getByUsername.debug:159 -==> Parameters: qq1437631334(String)
2020-08-12 15:43:56.996 DEBUG [http-nio-8080-exec-3]com.wsy.blog.mapper.AdminMapper.getByUsername.debug:159 -<==      Total: 1
2020-08-12 15:43:57.269 DEBUG [http-nio-8080-exec-3]com.wsy.blog.mapper.LogMapper.save.debug:159 -==>  Preparing: insert into bl_log ( log_url, log_params, log_status, log_message, log_method, log_time, log_result,log_ip ) values ( ?,?,?,?,?,?,?,? ) 
2020-08-12 15:43:57.276 DEBUG [http-nio-8080-exec-3]com.wsy.blog.mapper.LogMapper.save.debug:159 -==> Parameters: /admin/login(String), [Admin(id=null, name=null, header=null, signature=null, comment=null, username=qq1437631334, password=123456)](String), 1(Integer), null, POST(String), 687(Long), {"code":20000,"data":{"token":"49E41AB5ADE31B88C0EFFF29CD405276"},"msg":"操作成功！"}(String), 0:0:0:0:0:0:0:1(String)
2020-08-12 15:43:57.357 DEBUG [http-nio-8080-exec-3]com.wsy.blog.mapper.LogMapper.save.debug:159 -<==    Updates: 1
2020-08-12 15:46:19.292 DEBUG [http-nio-8080-exec-5]com.wsy.blog.mapper.UserMapper.save.debug:159 -==>  Preparing: insert into bl_user (username, `password`, `name`, sex, `header`, nickname, user_email) values( ?,?,?,?,?,?,? ) 
2020-08-12 15:46:19.293 DEBUG [http-nio-8080-exec-5]com.wsy.blog.mapper.UserMapper.save.debug:159 -==> Parameters: wsy1437631334(String), 123456(String), wsy(String), 1(Integer), img(String), oops(String), 1437631334@qq.com(String)
2020-08-12 15:46:19.366 DEBUG [http-nio-8080-exec-5]com.wsy.blog.mapper.UserMapper.save.debug:159 -<==    Updates: 1
2020-08-12 15:46:19.405 DEBUG [http-nio-8080-exec-5]com.wsy.blog.mapper.LogMapper.save.debug:159 -==>  Preparing: insert into bl_log ( log_url, log_params, log_status, log_message, log_method, log_time, log_result,log_ip ) values ( ?,?,?,?,?,?,?,? ) 
2020-08-12 15:46:19.407 DEBUG [http-nio-8080-exec-5]com.wsy.blog.mapper.LogMapper.save.debug:159 -==> Parameters: /user/save(String), [User(userId=null, username=wsy1437631334, password=123456, name=wsy, sex=1, header=img, nickname=oops, userEmail=1437631334@qq.com, createdTime=null, updateTime=null, version=null, deleted=null)](String), 1(Integer), null, POST(String), 127(Long), {"code":20000,"msg":"添加成功！"}(String), 0:0:0:0:0:0:0:1(String)
2020-08-12 15:46:19.484 DEBUG [http-nio-8080-exec-5]com.wsy.blog.mapper.LogMapper.save.debug:159 -<==    Updates: 1
2020-08-12 15:46:37.380 DEBUG [http-nio-8080-exec-6]com.wsy.blog.mapper.MusicMapper.getPage_COUNT.debug:159 -==>  Preparing: SELECT count(0) FROM bl_music WHERE deleted = 0 
2020-08-12 15:46:37.381 DEBUG [http-nio-8080-exec-6]com.wsy.blog.mapper.MusicMapper.getPage_COUNT.debug:159 -==> Parameters: 
2020-08-12 15:46:37.415 DEBUG [http-nio-8080-exec-6]com.wsy.blog.mapper.MusicMapper.getPage_COUNT.debug:159 -<==      Total: 1
2020-08-12 15:46:37.426 DEBUG [http-nio-8080-exec-6]com.wsy.blog.mapper.MusicMapper.getPage.debug:159 -==>  Preparing: SELECT id, `name`, artist, url, cover, lrc, created_time, `enable` FROM bl_music WHERE deleted = 0 order by created_time desc LIMIT ? 
2020-08-12 15:46:37.427 DEBUG [http-nio-8080-exec-6]com.wsy.blog.mapper.MusicMapper.getPage.debug:159 -==> Parameters: 2(Integer)
2020-08-12 15:46:37.464 DEBUG [http-nio-8080-exec-6]com.wsy.blog.mapper.MusicMapper.getPage.debug:159 -<==      Total: 2
2020-08-12 15:46:37.527 DEBUG [http-nio-8080-exec-6]com.wsy.blog.mapper.LogMapper.save.debug:159 -==>  Preparing: insert into bl_log ( log_url, log_params, log_status, log_message, log_method, log_time, log_result,log_ip ) values ( ?,?,?,?,?,?,?,? ) 
2020-08-12 15:46:37.529 DEBUG [http-nio-8080-exec-6]com.wsy.blog.mapper.LogMapper.save.debug:159 -==> Parameters: /music/getPage(String), [Page(pageNum=1, pageSize=2, orderByField=created_time, orderByMode=desc)](String), 1(Integer), null, GET(String), 274(Long), {"code":20000,"data":{"endRow":2,"hasNextPage":true,"hasPreviousPage":false,"isFirstPage":true,"isLastPage":false,"list":[{"artist":"蔡健雅","cover":"xxx","enable":1,"id":3,"name":"红色高跟鞋","url":"xxx"},{"artist":"wsy","cover":"xxx","enable":1,"id":2,"name":"你的名字","url":"xxx"}],"navigateFirstPage":1,"navigateLastPage":2,"navigatePages":8,"navigatepageNums":[1,2],"nextPage":2,"pageNum":1,"pageSize":2,"pages":2,"prePage":0,"size":2,"startRow":1,"total":3},"msg":"查询成功！"}(String), 0:0:0:0:0:0:0:1(String)
2020-08-12 15:46:37.612 DEBUG [http-nio-8080-exec-6]com.wsy.blog.mapper.LogMapper.save.debug:159 -<==    Updates: 1
2020-08-12 15:46:41.895 DEBUG [http-nio-8080-exec-7]com.wsy.blog.mapper.UserMapper.getPage_COUNT.debug:159 -==>  Preparing: SELECT count(0) FROM bl_user WHERE deleted = 0 
2020-08-12 15:46:41.896 DEBUG [http-nio-8080-exec-7]com.wsy.blog.mapper.UserMapper.getPage_COUNT.debug:159 -==> Parameters: 
2020-08-12 15:46:41.931 DEBUG [http-nio-8080-exec-7]com.wsy.blog.mapper.UserMapper.getPage_COUNT.debug:159 -<==      Total: 1
2020-08-12 15:46:41.932 DEBUG [http-nio-8080-exec-7]com.wsy.blog.mapper.UserMapper.getPage.debug:159 -==>  Preparing: SELECT user_id, username, `password`, `name`, sex, `header`, nickname, user_email, created_time, update_time, version FROM bl_user WHERE deleted = 0 order by created_time desc LIMIT ? 
2020-08-12 15:46:41.934 DEBUG [http-nio-8080-exec-7]com.wsy.blog.mapper.UserMapper.getPage.debug:159 -==> Parameters: 2(Integer)
2020-08-12 15:46:41.982 DEBUG [http-nio-8080-exec-7]com.wsy.blog.mapper.UserMapper.getPage.debug:159 -<==      Total: 1
2020-08-12 15:46:42.027 DEBUG [http-nio-8080-exec-7]com.wsy.blog.mapper.LogMapper.save.debug:159 -==>  Preparing: insert into bl_log ( log_url, log_params, log_status, log_message, log_method, log_time, log_result,log_ip ) values ( ?,?,?,?,?,?,?,? ) 
2020-08-12 15:46:42.028 DEBUG [http-nio-8080-exec-7]com.wsy.blog.mapper.LogMapper.save.debug:159 -==> Parameters: /user/getPage(String), [Page(pageNum=1, pageSize=2, orderByField=created_time, orderByMode=desc)](String), 1(Integer), null, GET(String), 157(Long), {"code":20000,"data":{"endRow":1,"hasNextPage":false,"hasPreviousPage":false,"isFirstPage":true,"isLastPage":true,"list":[{"createdTime":1597218379000,"header":"img","name":"wsy","nickname":"oops","password":"123456","sex":1,"updateTime":1597218379000,"userEmail":"1437631334@qq.com","userId":1,"username":"wsy1437631334","version":1}],"navigateFirstPage":1,"navigateLastPage":1,"navigatePages":8,"navigatepageNums":[1],"nextPage":0,"pageNum":1,"pageSize":2,"pages":1,"prePage":0,"size":1,"startRow":1,"total":1},"msg":"查询成功！"}(String), 0:0:0:0:0:0:0:1(String)
2020-08-12 15:46:42.101 DEBUG [http-nio-8080-exec-7]com.wsy.blog.mapper.LogMapper.save.debug:159 -<==    Updates: 1
2020-08-12 15:48:20.294 DEBUG [restartedMain]com.wsy.blog.BlogApplication.logStarting:56 -Running with Spring Boot v2.3.2.RELEASE, Spring v5.2.8.RELEASE
2020-08-12 15:52:34.645 DEBUG [http-nio-8080-exec-2]com.wsy.blog.mapper.UserMapper.getPage_COUNT.debug:159 -==>  Preparing: SELECT count(0) FROM bl_user WHERE deleted = 0 
2020-08-12 15:52:34.678 DEBUG [http-nio-8080-exec-2]com.wsy.blog.mapper.UserMapper.getPage_COUNT.debug:159 -==> Parameters: 
2020-08-12 15:52:34.747 DEBUG [http-nio-8080-exec-2]com.wsy.blog.mapper.UserMapper.getPage_COUNT.debug:159 -<==      Total: 1
2020-08-12 15:52:34.760 DEBUG [http-nio-8080-exec-2]com.wsy.blog.mapper.UserMapper.getPage.debug:159 -==>  Preparing: SELECT user_id, username, `password`, `name`, sex, `header`, nickname, user_email, created_time, update_time, version FROM bl_user WHERE deleted = 0 order by created_time desc LIMIT ? 
2020-08-12 15:52:34.762 DEBUG [http-nio-8080-exec-2]com.wsy.blog.mapper.UserMapper.getPage.debug:159 -==> Parameters: 2(Integer)
2020-08-12 15:52:34.793 DEBUG [http-nio-8080-exec-2]com.wsy.blog.mapper.UserMapper.getPage.debug:159 -<==      Total: 1
2020-08-12 15:52:34.974 DEBUG [http-nio-8080-exec-2]com.wsy.blog.mapper.LogMapper.save.debug:159 -==>  Preparing: insert into bl_log ( log_url, log_params, log_status, log_message, log_method, log_time, log_result,log_ip ) values ( ?,?,?,?,?,?,?,? ) 
2020-08-12 15:52:34.978 DEBUG [http-nio-8080-exec-2]com.wsy.blog.mapper.LogMapper.save.debug:159 -==> Parameters: /user/getPage(String), [Page(pageNum=1, pageSize=2, orderByField=created_time, orderByMode=desc)](String), 1(Integer), null, GET(String), 432(Long), {"code":20000,"data":{"endRow":1,"hasNextPage":false,"hasPreviousPage":false,"isFirstPage":true,"isLastPage":true,"list":[{"createdTime":1597218379000,"header":"img","name":"wsy","nickname":"oops","password":"123456","sex":1,"updateTime":1597218379000,"userEmail":"1437631334@qq.com","userId":1,"username":"wsy1437631334","version":1}],"navigateFirstPage":1,"navigateLastPage":1,"navigatePages":8,"navigatepageNums":[1],"nextPage":0,"pageNum":1,"pageSize":2,"pages":1,"prePage":0,"size":1,"startRow":1,"total":1},"msg":"查询成功！"}(String), 0:0:0:0:0:0:0:1(String)
2020-08-12 15:52:35.030 DEBUG [http-nio-8080-exec-2]com.wsy.blog.mapper.LogMapper.save.debug:159 -<==    Updates: 1
2020-08-12 15:53:06.260 DEBUG [http-nio-8080-exec-4]com.wsy.blog.mapper.LogMapper.save.debug:159 -==>  Preparing: insert into bl_log ( log_url, log_params, log_status, log_message, log_method, log_time, log_result,log_ip ) values ( ?,?,?,?,?,?,?,? ) 
2020-08-12 15:53:06.261 DEBUG [http-nio-8080-exec-4]com.wsy.blog.mapper.LogMapper.save.debug:159 -==> Parameters: /user/update(String), [User(userId=null, username=null, password=null, name=w, sex=null, header=null, nickname=null, userEmail=null, createdTime=null, updateTime=null, version=null, deleted=null)](String), 0(Integer), org.mybatis.spring.MyBatisSystemException: nested exception is org.apache.ibatis.reflection.ReflectionException: There is no getter for property named 'user_email' in 'class com.wsy.blog.pojo.User'
	at com.wsy.blog.service.impl.UserServiceImpl.update(UserServiceImpl.java:38)
	at com.wsy.blog.controller.UserController.update(UserController.java:66)
	at com.wsy.blog.controller.UserController$$FastClassBySpringCGLIB$$2c9cfdab.invoke(<generated>)
	at com.wsy.blog.aspect.RequestAspect.doAround(RequestAspect.java:69)
	at com.wsy.blog.controller.UserController$$EnhancerBySpringCGLIB$$8c19a9bc.update(<generated>)
Caused by: org.apache.ibatis.reflection.ReflectionException: There is no getter for property named 'user_email' in 'class com.wsy.blog.pojo.User'
(String), PUT(String), null, null, 0:0:0:0:0:0:0:1(String)
2020-08-12 15:53:06.329 DEBUG [http-nio-8080-exec-4]com.wsy.blog.mapper.LogMapper.save.debug:159 -<==    Updates: 1
2020-08-12 15:54:11.392 DEBUG [restartedMain]com.wsy.blog.BlogApplication.logStarting:56 -Running with Spring Boot v2.3.2.RELEASE, Spring v5.2.8.RELEASE
2020-08-12 15:54:33.535 DEBUG [http-nio-8080-exec-1]com.wsy.blog.mapper.UserMapper.update.debug:159 -==>  Preparing: update bl_user set version = version + 1 ,name = ? where user_id = ? and version = ? and deleted = 0 
2020-08-12 15:54:33.574 DEBUG [http-nio-8080-exec-1]com.wsy.blog.mapper.UserMapper.update.debug:159 -==> Parameters: w(String), null, null
2020-08-12 15:54:33.631 DEBUG [http-nio-8080-exec-1]com.wsy.blog.mapper.UserMapper.update.debug:159 -<==    Updates: 0
2020-08-12 15:54:33.759 DEBUG [http-nio-8080-exec-1]com.wsy.blog.mapper.LogMapper.save.debug:159 -==>  Preparing: insert into bl_log ( log_url, log_params, log_status, log_message, log_method, log_time, log_result,log_ip ) values ( ?,?,?,?,?,?,?,? ) 
2020-08-12 15:54:33.762 DEBUG [http-nio-8080-exec-1]com.wsy.blog.mapper.LogMapper.save.debug:159 -==> Parameters: /user/update(String), [User(userId=null, username=null, password=null, name=w, sex=null, header=null, nickname=null, userEmail=null, createdTime=null, updateTime=null, version=null, deleted=null)](String), 1(Integer), null, PUT(String), 366(Long), {"code":20000,"msg":"更新成功！"}(String), 0:0:0:0:0:0:0:1(String)
2020-08-12 15:54:33.822 DEBUG [http-nio-8080-exec-1]com.wsy.blog.mapper.LogMapper.save.debug:159 -<==    Updates: 1
2020-08-12 15:54:38.856 DEBUG [http-nio-8080-exec-5]com.wsy.blog.mapper.AboutMapper.getById.debug:159 -==>  Preparing: select about_id, about_title, about_content, about_read, created_time, update_time, version, enable from bl_about where about_id = ? and deleted = 0 
2020-08-12 15:54:38.857 DEBUG [http-nio-8080-exec-5]com.wsy.blog.mapper.AboutMapper.getById.debug:159 -==> Parameters: 1(Integer)
2020-08-12 15:54:38.938 DEBUG [http-nio-8080-exec-5]com.wsy.blog.mapper.AboutMapper.getById.debug:159 -<==      Total: 1
2020-08-12 15:54:38.975 DEBUG [http-nio-8080-exec-5]com.wsy.blog.mapper.LogMapper.save.debug:159 -==>  Preparing: insert into bl_log ( log_url, log_params, log_status, log_message, log_method, log_time, log_result,log_ip ) values ( ?,?,?,?,?,?,?,? ) 
2020-08-12 15:54:38.976 DEBUG [http-nio-8080-exec-5]com.wsy.blog.mapper.LogMapper.save.debug:159 -==> Parameters: /about/getById/1(String), [1](String), 1(Integer), null, GET(String), 161(Long), {"code":20000,"data":{"aboutContent":"测试内容1","aboutId":"1","aboutRead":12,"aboutTitle":"测试标题1","createdTime":1597148770000,"enable":1,"updateTime":1597213953000,"version":32},"msg":"操作成功！"}(String), 0:0:0:0:0:0:0:1(String)
2020-08-12 15:54:39.037 DEBUG [http-nio-8080-exec-5]com.wsy.blog.mapper.LogMapper.save.debug:159 -<==    Updates: 1
2020-08-12 15:55:09.763 DEBUG [http-nio-8080-exec-4]com.wsy.blog.mapper.UserMapper.getById.debug:159 -==>  Preparing: select user_id, username, `password`, `name`, sex, `header`, nickname, user_email, created_time, update_time, version from bl_user where deleted = 0 and user_id = ? 
2020-08-12 15:55:09.764 DEBUG [http-nio-8080-exec-4]com.wsy.blog.mapper.UserMapper.getById.debug:159 -==> Parameters: 1(Integer)
2020-08-12 15:55:09.793 DEBUG [http-nio-8080-exec-4]com.wsy.blog.mapper.UserMapper.getById.debug:159 -<==      Total: 1
2020-08-12 15:55:09.831 DEBUG [http-nio-8080-exec-4]com.wsy.blog.mapper.LogMapper.save.debug:159 -==>  Preparing: insert into bl_log ( log_url, log_params, log_status, log_message, log_method, log_time, log_result,log_ip ) values ( ?,?,?,?,?,?,?,? ) 
2020-08-12 15:55:09.844 DEBUG [http-nio-8080-exec-4]com.wsy.blog.mapper.LogMapper.save.debug:159 -==> Parameters: /user/getById/1(String), [1](String), 1(Integer), null, GET(String), 70(Long), {"code":20000,"data":{"header":"img","name":"wsy","nickname":"oops","password":"123456","sex":1,"username":"wsy1437631334","version":1},"msg":"操作成功！"}(String), 0:0:0:0:0:0:0:1(String)
2020-08-12 15:55:09.906 DEBUG [http-nio-8080-exec-4]com.wsy.blog.mapper.LogMapper.save.debug:159 -<==    Updates: 1
2020-08-12 15:55:42.511 DEBUG [http-nio-8080-exec-8]com.wsy.blog.mapper.UserMapper.getPage_COUNT.debug:159 -==>  Preparing: SELECT count(0) FROM bl_user WHERE deleted = 0 
2020-08-12 15:55:42.512 DEBUG [http-nio-8080-exec-8]com.wsy.blog.mapper.UserMapper.getPage_COUNT.debug:159 -==> Parameters: 
2020-08-12 15:55:42.541 DEBUG [http-nio-8080-exec-8]com.wsy.blog.mapper.UserMapper.getPage_COUNT.debug:159 -<==      Total: 1
2020-08-12 15:55:42.544 DEBUG [http-nio-8080-exec-8]com.wsy.blog.mapper.UserMapper.getPage.debug:159 -==>  Preparing: SELECT user_id, username, `password`, `name`, sex, `header`, nickname, user_email, created_time, update_time, version FROM bl_user WHERE deleted = 0 order by created_time desc LIMIT ? 
2020-08-12 15:55:42.544 DEBUG [http-nio-8080-exec-8]com.wsy.blog.mapper.UserMapper.getPage.debug:159 -==> Parameters: 2(Integer)
2020-08-12 15:55:42.578 DEBUG [http-nio-8080-exec-8]com.wsy.blog.mapper.UserMapper.getPage.debug:159 -<==      Total: 1
2020-08-12 15:55:42.621 DEBUG [http-nio-8080-exec-8]com.wsy.blog.mapper.LogMapper.save.debug:159 -==>  Preparing: insert into bl_log ( log_url, log_params, log_status, log_message, log_method, log_time, log_result,log_ip ) values ( ?,?,?,?,?,?,?,? ) 
2020-08-12 15:55:42.623 DEBUG [http-nio-8080-exec-8]com.wsy.blog.mapper.LogMapper.save.debug:159 -==> Parameters: /user/getPage(String), [Page(pageNum=1, pageSize=2, orderByField=created_time, orderByMode=desc)](String), 1(Integer), null, GET(String), 148(Long), {"code":20000,"data":{"endRow":1,"hasNextPage":false,"hasPreviousPage":false,"isFirstPage":true,"isLastPage":true,"list":[{"createdTime":1597218379000,"header":"img","name":"wsy","nickname":"oops","password":"123456","sex":1,"updateTime":1597218379000,"userEmail":"1437631334@qq.com","userId":1,"username":"wsy1437631334","version":1}],"navigateFirstPage":1,"navigateLastPage":1,"navigatePages":8,"navigatepageNums":[1],"nextPage":0,"pageNum":1,"pageSize":2,"pages":1,"prePage":0,"size":1,"startRow":1,"total":1},"msg":"查询成功！"}(String), 0:0:0:0:0:0:0:1(String)
2020-08-12 15:55:42.688 DEBUG [http-nio-8080-exec-8]com.wsy.blog.mapper.LogMapper.save.debug:159 -<==    Updates: 1
2020-08-12 15:55:45.100 DEBUG [http-nio-8080-exec-6]com.wsy.blog.mapper.UserMapper.getById.debug:159 -==>  Preparing: select user_id, username, `password`, `name`, sex, `header`, nickname, user_email, created_time, update_time, version from bl_user where deleted = 0 and user_id = ? 
2020-08-12 15:55:45.103 DEBUG [http-nio-8080-exec-6]com.wsy.blog.mapper.UserMapper.getById.debug:159 -==> Parameters: 1(Integer)
2020-08-12 15:55:45.141 DEBUG [http-nio-8080-exec-6]com.wsy.blog.mapper.UserMapper.getById.debug:159 -<==      Total: 1
2020-08-12 15:55:45.175 DEBUG [http-nio-8080-exec-6]com.wsy.blog.mapper.LogMapper.save.debug:159 -==>  Preparing: insert into bl_log ( log_url, log_params, log_status, log_message, log_method, log_time, log_result,log_ip ) values ( ?,?,?,?,?,?,?,? ) 
2020-08-12 15:55:45.178 DEBUG [http-nio-8080-exec-6]com.wsy.blog.mapper.LogMapper.save.debug:159 -==> Parameters: /user/getById/1(String), [1](String), 1(Integer), null, GET(String), 85(Long), {"code":20000,"data":{"header":"img","name":"wsy","nickname":"oops","password":"123456","sex":1,"username":"wsy1437631334","version":1},"msg":"操作成功！"}(String), 0:0:0:0:0:0:0:1(String)
2020-08-12 15:55:45.239 DEBUG [http-nio-8080-exec-6]com.wsy.blog.mapper.LogMapper.save.debug:159 -<==    Updates: 1
2020-08-12 15:55:46.248 DEBUG [http-nio-8080-exec-7]com.wsy.blog.mapper.UserMapper.getById.debug:159 -==>  Preparing: select user_id, username, `password`, `name`, sex, `header`, nickname, user_email, created_time, update_time, version from bl_user where deleted = 0 and user_id = ? 
2020-08-12 15:55:46.251 DEBUG [http-nio-8080-exec-7]com.wsy.blog.mapper.UserMapper.getById.debug:159 -==> Parameters: 1(Integer)
2020-08-12 15:55:46.288 DEBUG [http-nio-8080-exec-7]com.wsy.blog.mapper.UserMapper.getById.debug:159 -<==      Total: 1
2020-08-12 15:55:46.326 DEBUG [http-nio-8080-exec-7]com.wsy.blog.mapper.LogMapper.save.debug:159 -==>  Preparing: insert into bl_log ( log_url, log_params, log_status, log_message, log_method, log_time, log_result,log_ip ) values ( ?,?,?,?,?,?,?,? ) 
2020-08-12 15:55:46.328 DEBUG [http-nio-8080-exec-7]com.wsy.blog.mapper.LogMapper.save.debug:159 -==> Parameters: /user/getById/1(String), [1](String), 1(Integer), null, GET(String), 92(Long), {"code":20000,"data":{"header":"img","name":"wsy","nickname":"oops","password":"123456","sex":1,"username":"wsy1437631334","version":1},"msg":"操作成功！"}(String), 0:0:0:0:0:0:0:1(String)
2020-08-12 15:55:46.394 DEBUG [http-nio-8080-exec-7]com.wsy.blog.mapper.LogMapper.save.debug:159 -<==    Updates: 1
2020-08-12 15:56:14.777 DEBUG [http-nio-8080-exec-3]com.wsy.blog.mapper.UserMapper.deleteById.debug:159 -==>  Preparing: update bl_user set deleted = 1 where user_id = ? 
2020-08-12 15:56:14.778 DEBUG [http-nio-8080-exec-3]com.wsy.blog.mapper.UserMapper.deleteById.debug:159 -==> Parameters: 1(Integer)
2020-08-12 15:56:14.840 DEBUG [http-nio-8080-exec-3]com.wsy.blog.mapper.UserMapper.deleteById.debug:159 -<==    Updates: 1
2020-08-12 15:56:14.875 DEBUG [http-nio-8080-exec-3]com.wsy.blog.mapper.LogMapper.save.debug:159 -==>  Preparing: insert into bl_log ( log_url, log_params, log_status, log_message, log_method, log_time, log_result,log_ip ) values ( ?,?,?,?,?,?,?,? ) 
2020-08-12 15:56:14.876 DEBUG [http-nio-8080-exec-3]com.wsy.blog.mapper.LogMapper.save.debug:159 -==> Parameters: /user/delete/1(String), [1](String), 1(Integer), null, DELETE(String), 103(Long), {"code":20000,"msg":"删除成功！"}(String), 0:0:0:0:0:0:0:1(String)
2020-08-12 15:56:14.941 DEBUG [http-nio-8080-exec-3]com.wsy.blog.mapper.LogMapper.save.debug:159 -<==    Updates: 1
2020-08-12 15:56:35.410 DEBUG [http-nio-8080-exec-9]com.wsy.blog.mapper.UserMapper.getById.debug:159 -==>  Preparing: select user_id, username, `password`, `name`, sex, `header`, nickname, user_email, created_time, update_time, version from bl_user where deleted = 0 and user_id = ? 
2020-08-12 15:56:35.411 DEBUG [http-nio-8080-exec-9]com.wsy.blog.mapper.UserMapper.getById.debug:159 -==> Parameters: 1(Integer)
2020-08-12 15:56:35.440 DEBUG [http-nio-8080-exec-9]com.wsy.blog.mapper.UserMapper.getById.debug:159 -<==      Total: 0
2020-08-12 15:56:35.475 DEBUG [http-nio-8080-exec-9]com.wsy.blog.mapper.LogMapper.save.debug:159 -==>  Preparing: insert into bl_log ( log_url, log_params, log_status, log_message, log_method, log_time, log_result,log_ip ) values ( ?,?,?,?,?,?,?,? ) 
2020-08-12 15:56:35.477 DEBUG [http-nio-8080-exec-9]com.wsy.blog.mapper.LogMapper.save.debug:159 -==> Parameters: /user/getById/1(String), [1](String), 1(Integer), null, GET(String), 71(Long), {"code":20000,"msg":"操作成功！"}(String), 0:0:0:0:0:0:0:1(String)
2020-08-12 15:56:35.799 DEBUG [http-nio-8080-exec-9]com.wsy.blog.mapper.LogMapper.save.debug:159 -<==    Updates: 1
2020-08-12 15:56:38.010 DEBUG [http-nio-8080-exec-10]com.wsy.blog.mapper.UserMapper.getPage_COUNT.debug:159 -==>  Preparing: SELECT count(0) FROM bl_user WHERE deleted = 0 
2020-08-12 15:56:38.011 DEBUG [http-nio-8080-exec-10]com.wsy.blog.mapper.UserMapper.getPage_COUNT.debug:159 -==> Parameters: 
2020-08-12 15:56:38.279 DEBUG [http-nio-8080-exec-10]com.wsy.blog.mapper.UserMapper.getPage_COUNT.debug:159 -<==      Total: 1
2020-08-12 15:56:38.310 DEBUG [http-nio-8080-exec-10]com.wsy.blog.mapper.LogMapper.save.debug:159 -==>  Preparing: insert into bl_log ( log_url, log_params, log_status, log_message, log_method, log_time, log_result,log_ip ) values ( ?,?,?,?,?,?,?,? ) 
2020-08-12 15:56:38.311 DEBUG [http-nio-8080-exec-10]com.wsy.blog.mapper.LogMapper.save.debug:159 -==> Parameters: /user/getPage(String), [Page(pageNum=1, pageSize=2, orderByField=created_time, orderByMode=desc)](String), 1(Integer), null, GET(String), 328(Long), {"code":20000,"data":{"endRow":0,"hasNextPage":false,"hasPreviousPage":false,"isFirstPage":true,"isLastPage":true,"list":[],"navigateFirstPage":0,"navigateLastPage":0,"navigatePages":8,"navigatepageNums":[],"nextPage":0,"pageNum":1,"pageSize":2,"pages":0,"prePage":0,"size":0,"startRow":0,"total":0},"msg":"查询成功！"}(String), 0:0:0:0:0:0:0:1(String)
2020-08-12 15:56:38.383 DEBUG [http-nio-8080-exec-10]com.wsy.blog.mapper.LogMapper.save.debug:159 -<==    Updates: 1
2020-08-12 15:57:32.383 DEBUG [http-nio-8080-exec-2]com.wsy.blog.mapper.UserMapper.getPage_COUNT.debug:159 -==>  Preparing: SELECT count(0) FROM bl_user WHERE deleted = 0 
2020-08-12 15:57:32.384 DEBUG [http-nio-8080-exec-2]com.wsy.blog.mapper.UserMapper.getPage_COUNT.debug:159 -==> Parameters: 
2020-08-12 15:57:32.433 DEBUG [http-nio-8080-exec-2]com.wsy.blog.mapper.UserMapper.getPage_COUNT.debug:159 -<==      Total: 1
2020-08-12 15:57:32.434 DEBUG [http-nio-8080-exec-2]com.wsy.blog.mapper.UserMapper.getPage.debug:159 -==>  Preparing: SELECT user_id, username, `password`, `name`, sex, `header`, nickname, user_email, created_time, update_time, version FROM bl_user WHERE deleted = 0 order by created_time desc LIMIT ? 
2020-08-12 15:57:32.435 DEBUG [http-nio-8080-exec-2]com.wsy.blog.mapper.UserMapper.getPage.debug:159 -==> Parameters: 2(Integer)
2020-08-12 15:57:32.478 DEBUG [http-nio-8080-exec-2]com.wsy.blog.mapper.UserMapper.getPage.debug:159 -<==      Total: 1
2020-08-12 15:57:32.512 DEBUG [http-nio-8080-exec-2]com.wsy.blog.mapper.LogMapper.save.debug:159 -==>  Preparing: insert into bl_log ( log_url, log_params, log_status, log_message, log_method, log_time, log_result,log_ip ) values ( ?,?,?,?,?,?,?,? ) 
2020-08-12 15:57:32.513 DEBUG [http-nio-8080-exec-2]com.wsy.blog.mapper.LogMapper.save.debug:159 -==> Parameters: /user/getPage(String), [Page(pageNum=1, pageSize=2, orderByField=created_time, orderByMode=desc)](String), 1(Integer), null, GET(String), 136(Long), {"code":20000,"data":{"endRow":1,"hasNextPage":false,"hasPreviousPage":false,"isFirstPage":true,"isLastPage":true,"list":[{"createdTime":1597218379000,"header":"img","name":"wsy","nickname":"oops","password":"123456","sex":1,"updateTime":1597219050000,"userEmail":"1437631334@qq.com","userId":1,"username":"wsy1437631334","version":1}],"navigateFirstPage":1,"navigateLastPage":1,"navigatePages":8,"navigatepageNums":[1],"nextPage":0,"pageNum":1,"pageSize":2,"pages":1,"prePage":0,"size":1,"startRow":1,"total":1},"msg":"查询成功！"}(String), 0:0:0:0:0:0:0:1(String)
2020-08-12 15:57:32.582 DEBUG [http-nio-8080-exec-2]com.wsy.blog.mapper.LogMapper.save.debug:159 -<==    Updates: 1
2020-08-12 15:57:35.210 DEBUG [http-nio-8080-exec-1]com.wsy.blog.mapper.UserMapper.getById.debug:159 -==>  Preparing: select user_id, username, `password`, `name`, sex, `header`, nickname, user_email, created_time, update_time, version from bl_user where deleted = 0 and user_id = ? 
2020-08-12 15:57:35.210 DEBUG [http-nio-8080-exec-1]com.wsy.blog.mapper.UserMapper.getById.debug:159 -==> Parameters: 1(Integer)
2020-08-12 15:57:35.241 DEBUG [http-nio-8080-exec-1]com.wsy.blog.mapper.UserMapper.getById.debug:159 -<==      Total: 1
2020-08-12 15:57:35.285 DEBUG [http-nio-8080-exec-1]com.wsy.blog.mapper.LogMapper.save.debug:159 -==>  Preparing: insert into bl_log ( log_url, log_params, log_status, log_message, log_method, log_time, log_result,log_ip ) values ( ?,?,?,?,?,?,?,? ) 
2020-08-12 15:57:35.286 DEBUG [http-nio-8080-exec-1]com.wsy.blog.mapper.LogMapper.save.debug:159 -==> Parameters: /user/getById/1(String), [1](String), 1(Integer), null, GET(String), 71(Long), {"code":20000,"data":{"header":"img","name":"wsy","nickname":"oops","password":"123456","sex":1,"username":"wsy1437631334","version":1},"msg":"操作成功！"}(String), 0:0:0:0:0:0:0:1(String)
2020-08-12 15:57:35.620 DEBUG [http-nio-8080-exec-1]com.wsy.blog.mapper.LogMapper.save.debug:159 -<==    Updates: 1
2020-08-12 16:15:23.464 DEBUG [main]com.wsy.blog.BlogApplicationTests.logStarting:56 -Running with Spring Boot v2.3.2.RELEASE, Spring v5.2.8.RELEASE
