2020-08-17 01:45:33.529 WARN  [restartedMain]o.s.b.w.s.c.AnnotationConfigServletWebServerApplicationContext.refresh:559 -Exception encountered during context initialization - cancelling refresh attempt: org.springframework.beans.factory.BeanCreationException: Error creating bean with name 'shiroFilterFactoryBean' defined in class path resource [com/wsy/blog/config/shiroConfig.class]: BeanPostProcessor before instantiation of bean failed; nested exception is org.springframework.beans.factory.UnsatisfiedDependencyException: Error creating bean with name 'authorizationAttributeSourceAdvisor' defined in class path resource [com/wsy/blog/config/shiroConfig.class]: Unsatisfied dependency expressed through method 'authorizationAttributeSourceAdvisor' parameter 0; nested exception is org.springframework.beans.factory.UnsatisfiedDependencyException: Error creating bean with name 'securityManager' defined in class path resource [com/wsy/blog/config/shiroConfig.class]: Unsatisfied dependency expressed through method 'securityManager' parameter 0; nested exception is org.springframework.beans.factory.UnsatisfiedDependencyException: Error creating bean with name 'adminRealm': Unsatisfied dependency expressed through field 'adminService'; nested exception is org.springframework.beans.factory.BeanCreationException: Error creating bean with name 'adminServiceImpl': Injection of resource dependencies failed; nested exception is org.springframework.beans.factory.UnsatisfiedDependencyException: Error creating bean with name 'adminMapper' defined in file [D:\MyProject\blog\target\classes\com\wsy\blog\mapper\AdminMapper.class]: Unsatisfied dependency expressed through bean property 'sqlSessionFactory'; nested exception is org.springframework.beans.factory.BeanCreationException: Error creating bean with name 'sqlSessionFactory' defined in class path resource [org/mybatis/spring/boot/autoconfigure/MybatisAutoConfiguration.class]: Bean instantiation via factory method failed; nested exception is org.springframework.beans.BeanInstantiationException: Failed to instantiate [org.apache.ibatis.session.SqlSessionFactory]: Factory method 'sqlSessionFactory' threw exception; nested exception is org.springframework.core.NestedIOException: Failed to parse mapping resource: 'file [D:\MyProject\blog\target\classes\mapper\CommentMapper.xml]'; nested exception is org.apache.ibatis.builder.BuilderException: Error parsing Mapper XML. The XML location is 'file [D:\MyProject\blog\target\classes\mapper\CommentMapper.xml]'. Cause: java.lang.IllegalStateException: No typehandler found for property commentUser
2020-08-17 01:45:56.574 WARN  [main]o.s.web.context.support.GenericWebApplicationContext.refresh:559 -Exception encountered during context initialization - cancelling refresh attempt: org.springframework.beans.factory.BeanCreationException: Error creating bean with name 'shiroFilterFactoryBean' defined in class path resource [com/wsy/blog/config/shiroConfig.class]: BeanPostProcessor before instantiation of bean failed; nested exception is org.springframework.beans.factory.UnsatisfiedDependencyException: Error creating bean with name 'authorizationAttributeSourceAdvisor' defined in class path resource [com/wsy/blog/config/shiroConfig.class]: Unsatisfied dependency expressed through method 'authorizationAttributeSourceAdvisor' parameter 0; nested exception is org.springframework.beans.factory.UnsatisfiedDependencyException: Error creating bean with name 'securityManager' defined in class path resource [com/wsy/blog/config/shiroConfig.class]: Unsatisfied dependency expressed through method 'securityManager' parameter 0; nested exception is org.springframework.beans.factory.UnsatisfiedDependencyException: Error creating bean with name 'adminRealm': Unsatisfied dependency expressed through field 'adminService'; nested exception is org.springframework.beans.factory.BeanCreationException: Error creating bean with name 'adminServiceImpl': Injection of resource dependencies failed; nested exception is org.springframework.beans.factory.UnsatisfiedDependencyException: Error creating bean with name 'adminMapper' defined in file [D:\MyProject\blog\target\classes\com\wsy\blog\mapper\AdminMapper.class]: Unsatisfied dependency expressed through bean property 'sqlSessionFactory'; nested exception is org.springframework.beans.factory.BeanCreationException: Error creating bean with name 'sqlSessionFactory' defined in class path resource [org/mybatis/spring/boot/autoconfigure/MybatisAutoConfiguration.class]: Bean instantiation via factory method failed; nested exception is org.springframework.beans.BeanInstantiationException: Failed to instantiate [org.apache.ibatis.session.SqlSessionFactory]: Factory method 'sqlSessionFactory' threw exception; nested exception is org.springframework.core.NestedIOException: Failed to parse mapping resource: 'file [D:\MyProject\blog\target\classes\mapper\CommentMapper.xml]'; nested exception is org.apache.ibatis.builder.BuilderException: Error parsing Mapper XML. The XML location is 'file [D:\MyProject\blog\target\classes\mapper\CommentMapper.xml]'. Cause: java.lang.IllegalStateException: No typehandler found for property commentUser
2020-08-17 01:45:59.397 WARN  [restartedMain]o.s.b.w.s.c.AnnotationConfigServletWebServerApplicationContext.refresh:559 -Exception encountered during context initialization - cancelling refresh attempt: org.springframework.beans.factory.BeanCreationException: Error creating bean with name 'shiroFilterFactoryBean' defined in class path resource [com/wsy/blog/config/shiroConfig.class]: BeanPostProcessor before instantiation of bean failed; nested exception is org.springframework.beans.factory.UnsatisfiedDependencyException: Error creating bean with name 'authorizationAttributeSourceAdvisor' defined in class path resource [com/wsy/blog/config/shiroConfig.class]: Unsatisfied dependency expressed through method 'authorizationAttributeSourceAdvisor' parameter 0; nested exception is org.springframework.beans.factory.UnsatisfiedDependencyException: Error creating bean with name 'securityManager' defined in class path resource [com/wsy/blog/config/shiroConfig.class]: Unsatisfied dependency expressed through method 'securityManager' parameter 0; nested exception is org.springframework.beans.factory.UnsatisfiedDependencyException: Error creating bean with name 'adminRealm': Unsatisfied dependency expressed through field 'adminService'; nested exception is org.springframework.beans.factory.BeanCreationException: Error creating bean with name 'adminServiceImpl': Injection of resource dependencies failed; nested exception is org.springframework.beans.factory.UnsatisfiedDependencyException: Error creating bean with name 'adminMapper' defined in file [D:\MyProject\blog\target\classes\com\wsy\blog\mapper\AdminMapper.class]: Unsatisfied dependency expressed through bean property 'sqlSessionFactory'; nested exception is org.springframework.beans.factory.BeanCreationException: Error creating bean with name 'sqlSessionFactory' defined in class path resource [org/mybatis/spring/boot/autoconfigure/MybatisAutoConfiguration.class]: Bean instantiation via factory method failed; nested exception is org.springframework.beans.BeanInstantiationException: Failed to instantiate [org.apache.ibatis.session.SqlSessionFactory]: Factory method 'sqlSessionFactory' threw exception; nested exception is org.springframework.core.NestedIOException: Failed to parse mapping resource: 'file [D:\MyProject\blog\target\classes\mapper\CommentMapper.xml]'; nested exception is org.apache.ibatis.builder.BuilderException: Error parsing Mapper XML. The XML location is 'file [D:\MyProject\blog\target\classes\mapper\CommentMapper.xml]'. Cause: java.lang.IllegalStateException: No typehandler found for property commentUser
2020-08-17 01:46:42.020 WARN  [restartedMain]o.s.b.w.s.c.AnnotationConfigServletWebServerApplicationContext.refresh:559 -Exception encountered during context initialization - cancelling refresh attempt: org.springframework.beans.factory.BeanCreationException: Error creating bean with name 'shiroFilterFactoryBean' defined in class path resource [com/wsy/blog/config/shiroConfig.class]: BeanPostProcessor before instantiation of bean failed; nested exception is org.springframework.beans.factory.UnsatisfiedDependencyException: Error creating bean with name 'authorizationAttributeSourceAdvisor' defined in class path resource [com/wsy/blog/config/shiroConfig.class]: Unsatisfied dependency expressed through method 'authorizationAttributeSourceAdvisor' parameter 0; nested exception is org.springframework.beans.factory.UnsatisfiedDependencyException: Error creating bean with name 'securityManager' defined in class path resource [com/wsy/blog/config/shiroConfig.class]: Unsatisfied dependency expressed through method 'securityManager' parameter 0; nested exception is org.springframework.beans.factory.UnsatisfiedDependencyException: Error creating bean with name 'adminRealm': Unsatisfied dependency expressed through field 'adminService'; nested exception is org.springframework.beans.factory.BeanCreationException: Error creating bean with name 'adminServiceImpl': Injection of resource dependencies failed; nested exception is org.springframework.beans.factory.UnsatisfiedDependencyException: Error creating bean with name 'adminMapper' defined in file [D:\MyProject\blog\target\classes\com\wsy\blog\mapper\AdminMapper.class]: Unsatisfied dependency expressed through bean property 'sqlSessionFactory'; nested exception is org.springframework.beans.factory.BeanCreationException: Error creating bean with name 'sqlSessionFactory' defined in class path resource [org/mybatis/spring/boot/autoconfigure/MybatisAutoConfiguration.class]: Bean instantiation via factory method failed; nested exception is org.springframework.beans.BeanInstantiationException: Failed to instantiate [org.apache.ibatis.session.SqlSessionFactory]: Factory method 'sqlSessionFactory' threw exception; nested exception is org.springframework.core.NestedIOException: Failed to parse mapping resource: 'file [D:\MyProject\blog\target\classes\mapper\CommentMapper.xml]'; nested exception is org.apache.ibatis.builder.BuilderException: Error parsing Mapper XML. The XML location is 'file [D:\MyProject\blog\target\classes\mapper\CommentMapper.xml]'. Cause: java.lang.IllegalStateException: No typehandler found for property commentUser
2020-08-17 01:49:39.447 WARN  [restartedMain]o.s.b.w.s.c.AnnotationConfigServletWebServerApplicationContext.refresh:559 -Exception encountered during context initialization - cancelling refresh attempt: org.springframework.beans.factory.BeanCreationException: Error creating bean with name 'shiroFilterFactoryBean' defined in class path resource [com/wsy/blog/config/shiroConfig.class]: BeanPostProcessor before instantiation of bean failed; nested exception is org.springframework.beans.factory.UnsatisfiedDependencyException: Error creating bean with name 'authorizationAttributeSourceAdvisor' defined in class path resource [com/wsy/blog/config/shiroConfig.class]: Unsatisfied dependency expressed through method 'authorizationAttributeSourceAdvisor' parameter 0; nested exception is org.springframework.beans.factory.UnsatisfiedDependencyException: Error creating bean with name 'securityManager' defined in class path resource [com/wsy/blog/config/shiroConfig.class]: Unsatisfied dependency expressed through method 'securityManager' parameter 0; nested exception is org.springframework.beans.factory.UnsatisfiedDependencyException: Error creating bean with name 'adminRealm': Unsatisfied dependency expressed through field 'adminService'; nested exception is org.springframework.beans.factory.BeanCreationException: Error creating bean with name 'adminServiceImpl': Injection of resource dependencies failed; nested exception is org.springframework.beans.factory.UnsatisfiedDependencyException: Error creating bean with name 'adminMapper' defined in file [D:\MyProject\blog\target\classes\com\wsy\blog\mapper\AdminMapper.class]: Unsatisfied dependency expressed through bean property 'sqlSessionFactory'; nested exception is org.springframework.beans.factory.BeanCreationException: Error creating bean with name 'sqlSessionFactory' defined in class path resource [org/mybatis/spring/boot/autoconfigure/MybatisAutoConfiguration.class]: Bean instantiation via factory method failed; nested exception is org.springframework.beans.BeanInstantiationException: Failed to instantiate [org.apache.ibatis.session.SqlSessionFactory]: Factory method 'sqlSessionFactory' threw exception; nested exception is org.springframework.core.NestedIOException: Failed to parse mapping resource: 'file [D:\MyProject\blog\target\classes\mapper\CommentMapper.xml]'; nested exception is org.apache.ibatis.builder.BuilderException: Error parsing Mapper XML. The XML location is 'file [D:\MyProject\blog\target\classes\mapper\CommentMapper.xml]'. Cause: java.lang.IllegalStateException: No typehandler found for property commentUser
2020-08-17 01:51:55.003 WARN  [main]o.s.web.context.support.GenericWebApplicationContext.refresh:559 -Exception encountered during context initialization - cancelling refresh attempt: org.springframework.beans.factory.BeanCreationException: Error creating bean with name 'shiroFilterFactoryBean' defined in class path resource [com/wsy/blog/config/shiroConfig.class]: BeanPostProcessor before instantiation of bean failed; nested exception is org.springframework.beans.factory.UnsatisfiedDependencyException: Error creating bean with name 'authorizationAttributeSourceAdvisor' defined in class path resource [com/wsy/blog/config/shiroConfig.class]: Unsatisfied dependency expressed through method 'authorizationAttributeSourceAdvisor' parameter 0; nested exception is org.springframework.beans.factory.UnsatisfiedDependencyException: Error creating bean with name 'securityManager' defined in class path resource [com/wsy/blog/config/shiroConfig.class]: Unsatisfied dependency expressed through method 'securityManager' parameter 0; nested exception is org.springframework.beans.factory.UnsatisfiedDependencyException: Error creating bean with name 'adminRealm': Unsatisfied dependency expressed through field 'adminService'; nested exception is org.springframework.beans.factory.BeanCreationException: Error creating bean with name 'adminServiceImpl': Injection of resource dependencies failed; nested exception is org.springframework.beans.factory.UnsatisfiedDependencyException: Error creating bean with name 'adminMapper' defined in file [D:\MyProject\blog\target\classes\com\wsy\blog\mapper\AdminMapper.class]: Unsatisfied dependency expressed through bean property 'sqlSessionFactory'; nested exception is org.springframework.beans.factory.BeanCreationException: Error creating bean with name 'sqlSessionFactory' defined in class path resource [org/mybatis/spring/boot/autoconfigure/MybatisAutoConfiguration.class]: Bean instantiation via factory method failed; nested exception is org.springframework.beans.BeanInstantiationException: Failed to instantiate [org.apache.ibatis.session.SqlSessionFactory]: Factory method 'sqlSessionFactory' threw exception; nested exception is org.springframework.core.NestedIOException: Failed to parse mapping resource: 'file [D:\MyProject\blog\target\classes\mapper\CommentMapper.xml]'; nested exception is org.apache.ibatis.builder.BuilderException: Error parsing Mapper XML. The XML location is 'file [D:\MyProject\blog\target\classes\mapper\CommentMapper.xml]'. Cause: java.lang.IllegalStateException: No typehandler found for property commentUser
2020-08-17 01:52:51.813 WARN  [main]o.s.web.context.support.GenericWebApplicationContext.refresh:559 -Exception encountered during context initialization - cancelling refresh attempt: org.springframework.beans.factory.BeanCreationException: Error creating bean with name 'shiroFilterFactoryBean' defined in class path resource [com/wsy/blog/config/shiroConfig.class]: BeanPostProcessor before instantiation of bean failed; nested exception is org.springframework.beans.factory.UnsatisfiedDependencyException: Error creating bean with name 'authorizationAttributeSourceAdvisor' defined in class path resource [com/wsy/blog/config/shiroConfig.class]: Unsatisfied dependency expressed through method 'authorizationAttributeSourceAdvisor' parameter 0; nested exception is org.springframework.beans.factory.UnsatisfiedDependencyException: Error creating bean with name 'securityManager' defined in class path resource [com/wsy/blog/config/shiroConfig.class]: Unsatisfied dependency expressed through method 'securityManager' parameter 0; nested exception is org.springframework.beans.factory.UnsatisfiedDependencyException: Error creating bean with name 'adminRealm': Unsatisfied dependency expressed through field 'adminService'; nested exception is org.springframework.beans.factory.BeanCreationException: Error creating bean with name 'adminServiceImpl': Injection of resource dependencies failed; nested exception is org.springframework.beans.factory.UnsatisfiedDependencyException: Error creating bean with name 'adminMapper' defined in file [D:\MyProject\blog\target\classes\com\wsy\blog\mapper\AdminMapper.class]: Unsatisfied dependency expressed through bean property 'sqlSessionFactory'; nested exception is org.springframework.beans.factory.BeanCreationException: Error creating bean with name 'sqlSessionFactory' defined in class path resource [org/mybatis/spring/boot/autoconfigure/MybatisAutoConfiguration.class]: Bean instantiation via factory method failed; nested exception is org.springframework.beans.BeanInstantiationException: Failed to instantiate [org.apache.ibatis.session.SqlSessionFactory]: Factory method 'sqlSessionFactory' threw exception; nested exception is org.springframework.core.NestedIOException: Failed to parse mapping resource: 'file [D:\MyProject\blog\target\classes\mapper\CommentMapper.xml]'; nested exception is org.apache.ibatis.builder.BuilderException: Error parsing Mapper XML. The XML location is 'file [D:\MyProject\blog\target\classes\mapper\CommentMapper.xml]'. Cause: java.lang.IllegalStateException: No typehandler found for property commentUser
2020-08-17 01:59:37.583 WARN  [http-nio-8080-exec-5]org.springframework.web.servlet.PageNotFound.noHandlerFound:1251 -No mapping for GET /comment/
2020-08-17 02:01:21.690 WARN  [http-nio-8080-exec-2]o.s.w.s.mvc.support.DefaultHandlerExceptionResolver.logException:199 -Resolved [org.springframework.web.HttpRequestMethodNotSupportedException: Request method 'GET' not supported]
2020-08-17 02:16:36.131 WARN  [restartedMain]o.s.b.w.s.c.AnnotationConfigServletWebServerApplicationContext.refresh:559 -Exception encountered during context initialization - cancelling refresh attempt: org.springframework.beans.factory.UnsatisfiedDependencyException: Error creating bean with name 'commentController': Unsatisfied dependency expressed through field 'commentService'; nested exception is org.springframework.beans.factory.UnsatisfiedDependencyException: Error creating bean with name 'commentServiceImpl': Unsatisfied dependency expressed through field 'commentDao'; nested exception is org.springframework.beans.factory.BeanCreationException: Error creating bean with name 'commentDao' defined in com.wsy.blog.dao.CommentDao defined in @EnableMongoRepositories declared on MongoRepositoriesRegistrar.EnableMongoRepositoriesConfiguration: Invocation of init method failed; nested exception is org.springframework.data.mapping.PropertyReferenceException: No property orde found for type String! Traversed path: Comment.commentBlogId.
2020-08-17 02:17:07.146 WARN  [restartedMain]o.s.b.w.s.c.AnnotationConfigServletWebServerApplicationContext.refresh:559 -Exception encountered during context initialization - cancelling refresh attempt: org.springframework.beans.factory.UnsatisfiedDependencyException: Error creating bean with name 'commentController': Unsatisfied dependency expressed through field 'commentService'; nested exception is org.springframework.beans.factory.UnsatisfiedDependencyException: Error creating bean with name 'commentServiceImpl': Unsatisfied dependency expressed through field 'commentDao'; nested exception is org.springframework.beans.factory.BeanCreationException: Error creating bean with name 'commentDao' defined in com.wsy.blog.dao.CommentDao defined in @EnableMongoRepositories declared on MongoRepositoriesRegistrar.EnableMongoRepositoriesConfiguration: Invocation of init method failed; nested exception is org.springframework.data.mapping.PropertyReferenceException: No property orde found for type String! Traversed path: Comment.commentBlogId.
2020-08-17 09:29:09.551 WARN  [http-nio-8080-exec-5]org.springframework.web.servlet.PageNotFound.noHandlerFound:1251 -No mapping for GET /login.jsp;jsessionid=2E677B91796CA6CB9FF54EDAF41855E2
2020-08-17 09:41:53.135 WARN  [http-nio-8080-exec-2]org.apache.shiro.authc.AbstractAuthenticator.authenticate:216 -Authentication failed for token submission [UsernamePasswordToken(state=1)].  Possible unexpected error? (Typical or expected login exceptions should extend from AuthenticationException).
com.wsy.blog.exception.BlogException: 用户不存在！
	at com.wsy.blog.realm.AdminRealm.doGetAuthenticationInfo(AdminRealm.java:65)
	at org.apache.shiro.realm.AuthenticatingRealm.getAuthenticationInfo(AuthenticatingRealm.java:568)
	at org.apache.shiro.authc.pam.ModularRealmAuthenticator.doSingleRealmAuthentication(ModularRealmAuthenticator.java:180)
	at org.apache.shiro.authc.pam.ModularRealmAuthenticator.doAuthenticate(ModularRealmAuthenticator.java:267)
	at org.apache.shiro.authc.AbstractAuthenticator.authenticate(AbstractAuthenticator.java:198)
	at org.apache.shiro.mgt.AuthenticatingSecurityManager.authenticate(AuthenticatingSecurityManager.java:106)
	at org.apache.shiro.mgt.DefaultSecurityManager.login(DefaultSecurityManager.java:270)
	at org.apache.shiro.subject.support.DelegatingSubject.login(DelegatingSubject.java:256)
	at com.wsy.blog.controller.UserController.login(UserController.java:157)
	at com.wsy.blog.controller.UserController$$FastClassBySpringCGLIB$$2c9cfdab.invoke(<generated>)
	at org.springframework.cglib.proxy.MethodProxy.invoke(MethodProxy.java:218)
	at org.springframework.aop.framework.CglibAopProxy$CglibMethodInvocation.invokeJoinpoint(CglibAopProxy.java:771)
	at org.springframework.aop.framework.ReflectiveMethodInvocation.proceed(ReflectiveMethodInvocation.java:163)
	at org.springframework.aop.framework.CglibAopProxy$CglibMethodInvocation.proceed(CglibAopProxy.java:749)
	at org.springframework.aop.aspectj.AspectJAfterThrowingAdvice.invoke(AspectJAfterThrowingAdvice.java:62)
	at org.springframework.aop.framework.ReflectiveMethodInvocation.proceed(ReflectiveMethodInvocation.java:186)
	at org.springframework.aop.framework.CglibAopProxy$CglibMethodInvocation.proceed(CglibAopProxy.java:749)
	at org.springframework.aop.framework.adapter.AfterReturningAdviceInterceptor.invoke(AfterReturningAdviceInterceptor.java:55)
	at org.springframework.aop.framework.ReflectiveMethodInvocation.proceed(ReflectiveMethodInvocation.java:186)
	at org.springframework.aop.framework.CglibAopProxy$CglibMethodInvocation.proceed(CglibAopProxy.java:749)
	at org.springframework.aop.framework.adapter.MethodBeforeAdviceInterceptor.invoke(MethodBeforeAdviceInterceptor.java:56)
	at org.springframework.aop.framework.ReflectiveMethodInvocation.proceed(ReflectiveMethodInvocation.java:186)
	at org.springframework.aop.framework.CglibAopProxy$CglibMethodInvocation.proceed(CglibAopProxy.java:749)
	at org.springframework.aop.aspectj.MethodInvocationProceedingJoinPoint.proceed(MethodInvocationProceedingJoinPoint.java:88)
	at com.wsy.blog.aspect.RequestAspect.doAround(RequestAspect.java:69)
	at sun.reflect.GeneratedMethodAccessor158.invoke(Unknown Source)
	at sun.reflect.DelegatingMethodAccessorImpl.invoke(DelegatingMethodAccessorImpl.java:43)
	at java.lang.reflect.Method.invoke(Method.java:497)
	at org.springframework.aop.aspectj.AbstractAspectJAdvice.invokeAdviceMethodWithGivenArgs(AbstractAspectJAdvice.java:644)
	at org.springframework.aop.aspectj.AbstractAspectJAdvice.invokeAdviceMethod(AbstractAspectJAdvice.java:633)
	at org.springframework.aop.aspectj.AspectJAroundAdvice.invoke(AspectJAroundAdvice.java:70)
	at org.springframework.aop.framework.ReflectiveMethodInvocation.proceed(ReflectiveMethodInvocation.java:186)
	at org.springframework.aop.framework.CglibAopProxy$CglibMethodInvocation.proceed(CglibAopProxy.java:749)
	at org.springframework.aop.interceptor.ExposeInvocationInterceptor.invoke(ExposeInvocationInterceptor.java:95)
	at org.springframework.aop.framework.ReflectiveMethodInvocation.proceed(ReflectiveMethodInvocation.java:186)
	at org.springframework.aop.framework.CglibAopProxy$CglibMethodInvocation.proceed(CglibAopProxy.java:749)
	at org.springframework.aop.framework.CglibAopProxy$DynamicAdvisedInterceptor.intercept(CglibAopProxy.java:691)
	at com.wsy.blog.controller.UserController$$EnhancerBySpringCGLIB$$eff58742.login(<generated>)
	at sun.reflect.NativeMethodAccessorImpl.invoke0(Native Method)
	at sun.reflect.NativeMethodAccessorImpl.invoke(NativeMethodAccessorImpl.java:62)
	at sun.reflect.DelegatingMethodAccessorImpl.invoke(DelegatingMethodAccessorImpl.java:43)
	at java.lang.reflect.Method.invoke(Method.java:497)
	at org.springframework.web.method.support.InvocableHandlerMethod.doInvoke(InvocableHandlerMethod.java:190)
	at org.springframework.web.method.support.InvocableHandlerMethod.invokeForRequest(InvocableHandlerMethod.java:138)
	at org.springframework.web.servlet.mvc.method.annotation.ServletInvocableHandlerMethod.invokeAndHandle(ServletInvocableHandlerMethod.java:105)
	at org.springframework.web.servlet.mvc.method.annotation.RequestMappingHandlerAdapter.invokeHandlerMethod(RequestMappingHandlerAdapter.java:878)
	at org.springframework.web.servlet.mvc.method.annotation.RequestMappingHandlerAdapter.handleInternal(RequestMappingHandlerAdapter.java:792)
	at org.springframework.web.servlet.mvc.method.AbstractHandlerMethodAdapter.handle(AbstractHandlerMethodAdapter.java:87)
	at org.springframework.web.servlet.DispatcherServlet.doDispatch(DispatcherServlet.java:1040)
	at org.springframework.web.servlet.DispatcherServlet.doService(DispatcherServlet.java:943)
	at org.springframework.web.servlet.FrameworkServlet.processRequest(FrameworkServlet.java:1006)
	at org.springframework.web.servlet.FrameworkServlet.doPost(FrameworkServlet.java:909)
	at javax.servlet.http.HttpServlet.service(HttpServlet.java:652)
	at org.springframework.web.servlet.FrameworkServlet.service(FrameworkServlet.java:883)
	at javax.servlet.http.HttpServlet.service(HttpServlet.java:733)
	at org.apache.catalina.core.ApplicationFilterChain.internalDoFilter(ApplicationFilterChain.java:231)
	at org.apache.catalina.core.ApplicationFilterChain.doFilter(ApplicationFilterChain.java:166)
	at org.apache.tomcat.websocket.server.WsFilter.doFilter(WsFilter.java:53)
	at org.apache.catalina.core.ApplicationFilterChain.internalDoFilter(ApplicationFilterChain.java:193)
	at org.apache.catalina.core.ApplicationFilterChain.doFilter(ApplicationFilterChain.java:166)
	at org.apache.shiro.web.servlet.ProxiedFilterChain.doFilter(ProxiedFilterChain.java:61)
	at org.apache.shiro.web.servlet.AdviceFilter.executeChain(AdviceFilter.java:108)
	at org.apache.shiro.web.servlet.AdviceFilter.doFilterInternal(AdviceFilter.java:137)
	at org.apache.shiro.web.servlet.OncePerRequestFilter.doFilter(OncePerRequestFilter.java:125)
	at org.apache.shiro.web.servlet.ProxiedFilterChain.doFilter(ProxiedFilterChain.java:66)
	at org.apache.shiro.web.servlet.AbstractShiroFilter.executeChain(AbstractShiroFilter.java:449)
	at org.apache.shiro.web.servlet.AbstractShiroFilter$1.call(AbstractShiroFilter.java:365)
	at org.apache.shiro.subject.support.SubjectCallable.doCall(SubjectCallable.java:90)
	at org.apache.shiro.subject.support.SubjectCallable.call(SubjectCallable.java:83)
	at org.apache.shiro.subject.support.DelegatingSubject.execute(DelegatingSubject.java:383)
	at org.apache.shiro.web.servlet.AbstractShiroFilter.doFilterInternal(AbstractShiroFilter.java:362)
	at org.apache.shiro.web.servlet.OncePerRequestFilter.doFilter(OncePerRequestFilter.java:125)
	at org.apache.catalina.core.ApplicationFilterChain.internalDoFilter(ApplicationFilterChain.java:193)
	at org.apache.catalina.core.ApplicationFilterChain.doFilter(ApplicationFilterChain.java:166)
	at com.alibaba.druid.support.http.WebStatFilter.doFilter(WebStatFilter.java:123)
	at org.apache.catalina.core.ApplicationFilterChain.internalDoFilter(ApplicationFilterChain.java:193)
	at org.apache.catalina.core.ApplicationFilterChain.doFilter(ApplicationFilterChain.java:166)
	at org.springframework.web.filter.CharacterEncodingFilter.doFilterInternal(CharacterEncodingFilter.java:201)
	at org.springframework.web.filter.OncePerRequestFilter.doFilter(OncePerRequestFilter.java:119)
	at org.apache.catalina.core.ApplicationFilterChain.internalDoFilter(ApplicationFilterChain.java:193)
	at org.apache.catalina.core.ApplicationFilterChain.doFilter(ApplicationFilterChain.java:166)
	at org.apache.catalina.core.StandardWrapperValve.invoke(StandardWrapperValve.java:202)
	at org.apache.catalina.core.StandardContextValve.invoke(StandardContextValve.java:96)
	at org.apache.catalina.authenticator.AuthenticatorBase.invoke(AuthenticatorBase.java:541)
	at org.apache.catalina.core.StandardHostValve.invoke(StandardHostValve.java:139)
	at org.apache.catalina.valves.ErrorReportValve.invoke(ErrorReportValve.java:92)
	at org.apache.catalina.core.StandardEngineValve.invoke(StandardEngineValve.java:74)
	at org.apache.catalina.connector.CoyoteAdapter.service(CoyoteAdapter.java:343)
	at org.apache.coyote.http11.Http11Processor.service(Http11Processor.java:373)
	at org.apache.coyote.AbstractProcessorLight.process(AbstractProcessorLight.java:65)
	at org.apache.coyote.AbstractProtocol$ConnectionHandler.process(AbstractProtocol.java:868)
	at org.apache.tomcat.util.net.NioEndpoint$SocketProcessor.doRun(NioEndpoint.java:1589)
	at org.apache.tomcat.util.net.SocketProcessorBase.run(SocketProcessorBase.java:49)
	at java.util.concurrent.ThreadPoolExecutor.runWorker(ThreadPoolExecutor.java:1142)
	at java.util.concurrent.ThreadPoolExecutor$Worker.run(ThreadPoolExecutor.java:617)
	at org.apache.tomcat.util.threads.TaskThread$WrappingRunnable.run(TaskThread.java:61)
	at java.lang.Thread.run(Thread.java:745)
2020-08-17 09:44:31.469 WARN  [http-nio-8080-exec-7]org.springframework.web.servlet.PageNotFound.noHandlerFound:1251 -No mapping for GET /login.jsp;jsessionid=5E3A203E1795C973736EA6C83D1A3AB6
2020-08-17 09:44:59.424 WARN  [http-nio-8080-exec-8]org.springframework.web.servlet.PageNotFound.noHandlerFound:1251 -No mapping for GET /login.jsp
2020-08-17 09:45:37.068 WARN  [http-nio-8080-exec-3]org.springframework.web.servlet.PageNotFound.noHandlerFound:1251 -No mapping for GET /login.jsp
2020-08-17 09:47:03.206 WARN  [http-nio-8080-exec-2]org.springframework.web.servlet.PageNotFound.noHandlerFound:1251 -No mapping for GET /comment/getByBlogList/1294647161643978752
2020-08-17 09:47:50.362 WARN  [http-nio-8080-exec-6]org.springframework.web.servlet.PageNotFound.noHandlerFound:1251 -No mapping for GET /comment/getByBlogList/1294647161643978752
2020-08-17 09:49:24.237 WARN  [http-nio-8080-exec-5]org.springframework.web.servlet.PageNotFound.noHandlerFound:1251 -No mapping for GET /comment/getByBlogList/1294647161643978752
2020-08-17 09:54:16.289 WARN  [http-nio-8080-exec-9]org.springframework.web.servlet.PageNotFound.noHandlerFound:1251 -No mapping for OPTIONS /login.jsp
2020-08-17 09:54:25.711 WARN  [http-nio-8080-exec-7]org.springframework.web.servlet.PageNotFound.noHandlerFound:1251 -No mapping for OPTIONS /login.jsp
2020-08-17 09:54:54.412 WARN  [http-nio-8080-exec-4]org.springframework.web.servlet.PageNotFound.noHandlerFound:1251 -No mapping for OPTIONS /login.jsp
2020-08-17 10:10:51.275 WARN  [http-nio-8080-exec-4]org.apache.shiro.authc.AbstractAuthenticator.authenticate:216 -Authentication failed for token submission [UsernamePasswordToken(state=1)].  Possible unexpected error? (Typical or expected login exceptions should extend from AuthenticationException).
com.wsy.blog.exception.BlogException: 用户不存在！
	at com.wsy.blog.realm.AdminRealm.doGetAuthenticationInfo(AdminRealm.java:65)
	at org.apache.shiro.realm.AuthenticatingRealm.getAuthenticationInfo(AuthenticatingRealm.java:568)
	at org.apache.shiro.authc.pam.ModularRealmAuthenticator.doSingleRealmAuthentication(ModularRealmAuthenticator.java:180)
	at org.apache.shiro.authc.pam.ModularRealmAuthenticator.doAuthenticate(ModularRealmAuthenticator.java:267)
	at org.apache.shiro.authc.AbstractAuthenticator.authenticate(AbstractAuthenticator.java:198)
	at org.apache.shiro.mgt.AuthenticatingSecurityManager.authenticate(AuthenticatingSecurityManager.java:106)
	at org.apache.shiro.mgt.DefaultSecurityManager.login(DefaultSecurityManager.java:270)
	at org.apache.shiro.subject.support.DelegatingSubject.login(DelegatingSubject.java:256)
	at com.wsy.blog.controller.UserController.login(UserController.java:157)
	at com.wsy.blog.controller.UserController$$FastClassBySpringCGLIB$$2c9cfdab.invoke(<generated>)
	at org.springframework.cglib.proxy.MethodProxy.invoke(MethodProxy.java:218)
	at org.springframework.aop.framework.CglibAopProxy$CglibMethodInvocation.invokeJoinpoint(CglibAopProxy.java:771)
	at org.springframework.aop.framework.ReflectiveMethodInvocation.proceed(ReflectiveMethodInvocation.java:163)
	at org.springframework.aop.framework.CglibAopProxy$CglibMethodInvocation.proceed(CglibAopProxy.java:749)
	at org.springframework.aop.aspectj.AspectJAfterThrowingAdvice.invoke(AspectJAfterThrowingAdvice.java:62)
	at org.springframework.aop.framework.ReflectiveMethodInvocation.proceed(ReflectiveMethodInvocation.java:186)
	at org.springframework.aop.framework.CglibAopProxy$CglibMethodInvocation.proceed(CglibAopProxy.java:749)
	at org.springframework.aop.framework.adapter.AfterReturningAdviceInterceptor.invoke(AfterReturningAdviceInterceptor.java:55)
	at org.springframework.aop.framework.ReflectiveMethodInvocation.proceed(ReflectiveMethodInvocation.java:186)
	at org.springframework.aop.framework.CglibAopProxy$CglibMethodInvocation.proceed(CglibAopProxy.java:749)
	at org.springframework.aop.framework.adapter.MethodBeforeAdviceInterceptor.invoke(MethodBeforeAdviceInterceptor.java:56)
	at org.springframework.aop.framework.ReflectiveMethodInvocation.proceed(ReflectiveMethodInvocation.java:186)
	at org.springframework.aop.framework.CglibAopProxy$CglibMethodInvocation.proceed(CglibAopProxy.java:749)
	at org.springframework.aop.aspectj.MethodInvocationProceedingJoinPoint.proceed(MethodInvocationProceedingJoinPoint.java:88)
	at com.wsy.blog.aspect.RequestAspect.doAround(RequestAspect.java:69)
	at sun.reflect.GeneratedMethodAccessor129.invoke(Unknown Source)
	at sun.reflect.DelegatingMethodAccessorImpl.invoke(DelegatingMethodAccessorImpl.java:43)
	at java.lang.reflect.Method.invoke(Method.java:497)
	at org.springframework.aop.aspectj.AbstractAspectJAdvice.invokeAdviceMethodWithGivenArgs(AbstractAspectJAdvice.java:644)
	at org.springframework.aop.aspectj.AbstractAspectJAdvice.invokeAdviceMethod(AbstractAspectJAdvice.java:633)
	at org.springframework.aop.aspectj.AspectJAroundAdvice.invoke(AspectJAroundAdvice.java:70)
	at org.springframework.aop.framework.ReflectiveMethodInvocation.proceed(ReflectiveMethodInvocation.java:186)
	at org.springframework.aop.framework.CglibAopProxy$CglibMethodInvocation.proceed(CglibAopProxy.java:749)
	at org.springframework.aop.interceptor.ExposeInvocationInterceptor.invoke(ExposeInvocationInterceptor.java:95)
	at org.springframework.aop.framework.ReflectiveMethodInvocation.proceed(ReflectiveMethodInvocation.java:186)
	at org.springframework.aop.framework.CglibAopProxy$CglibMethodInvocation.proceed(CglibAopProxy.java:749)
	at org.springframework.aop.framework.CglibAopProxy$DynamicAdvisedInterceptor.intercept(CglibAopProxy.java:691)
	at com.wsy.blog.controller.UserController$$EnhancerBySpringCGLIB$$2cc82f6.login(<generated>)
	at sun.reflect.NativeMethodAccessorImpl.invoke0(Native Method)
	at sun.reflect.NativeMethodAccessorImpl.invoke(NativeMethodAccessorImpl.java:62)
	at sun.reflect.DelegatingMethodAccessorImpl.invoke(DelegatingMethodAccessorImpl.java:43)
	at java.lang.reflect.Method.invoke(Method.java:497)
	at org.springframework.web.method.support.InvocableHandlerMethod.doInvoke(InvocableHandlerMethod.java:190)
	at org.springframework.web.method.support.InvocableHandlerMethod.invokeForRequest(InvocableHandlerMethod.java:138)
	at org.springframework.web.servlet.mvc.method.annotation.ServletInvocableHandlerMethod.invokeAndHandle(ServletInvocableHandlerMethod.java:105)
	at org.springframework.web.servlet.mvc.method.annotation.RequestMappingHandlerAdapter.invokeHandlerMethod(RequestMappingHandlerAdapter.java:878)
	at org.springframework.web.servlet.mvc.method.annotation.RequestMappingHandlerAdapter.handleInternal(RequestMappingHandlerAdapter.java:792)
	at org.springframework.web.servlet.mvc.method.AbstractHandlerMethodAdapter.handle(AbstractHandlerMethodAdapter.java:87)
	at org.springframework.web.servlet.DispatcherServlet.doDispatch(DispatcherServlet.java:1040)
	at org.springframework.web.servlet.DispatcherServlet.doService(DispatcherServlet.java:943)
	at org.springframework.web.servlet.FrameworkServlet.processRequest(FrameworkServlet.java:1006)
	at org.springframework.web.servlet.FrameworkServlet.doPost(FrameworkServlet.java:909)
	at javax.servlet.http.HttpServlet.service(HttpServlet.java:652)
	at org.springframework.web.servlet.FrameworkServlet.service(FrameworkServlet.java:883)
	at javax.servlet.http.HttpServlet.service(HttpServlet.java:733)
	at org.apache.catalina.core.ApplicationFilterChain.internalDoFilter(ApplicationFilterChain.java:231)
	at org.apache.catalina.core.ApplicationFilterChain.doFilter(ApplicationFilterChain.java:166)
	at org.apache.tomcat.websocket.server.WsFilter.doFilter(WsFilter.java:53)
	at org.apache.catalina.core.ApplicationFilterChain.internalDoFilter(ApplicationFilterChain.java:193)
	at org.apache.catalina.core.ApplicationFilterChain.doFilter(ApplicationFilterChain.java:166)
	at org.apache.shiro.web.servlet.ProxiedFilterChain.doFilter(ProxiedFilterChain.java:61)
	at org.apache.shiro.web.servlet.AdviceFilter.executeChain(AdviceFilter.java:108)
	at org.apache.shiro.web.servlet.AdviceFilter.doFilterInternal(AdviceFilter.java:137)
	at org.apache.shiro.web.servlet.OncePerRequestFilter.doFilter(OncePerRequestFilter.java:125)
	at org.apache.shiro.web.servlet.ProxiedFilterChain.doFilter(ProxiedFilterChain.java:66)
	at org.apache.shiro.web.servlet.AbstractShiroFilter.executeChain(AbstractShiroFilter.java:449)
	at org.apache.shiro.web.servlet.AbstractShiroFilter$1.call(AbstractShiroFilter.java:365)
	at org.apache.shiro.subject.support.SubjectCallable.doCall(SubjectCallable.java:90)
	at org.apache.shiro.subject.support.SubjectCallable.call(SubjectCallable.java:83)
	at org.apache.shiro.subject.support.DelegatingSubject.execute(DelegatingSubject.java:383)
	at org.apache.shiro.web.servlet.AbstractShiroFilter.doFilterInternal(AbstractShiroFilter.java:362)
	at org.apache.shiro.web.servlet.OncePerRequestFilter.doFilter(OncePerRequestFilter.java:125)
	at org.apache.catalina.core.ApplicationFilterChain.internalDoFilter(ApplicationFilterChain.java:193)
	at org.apache.catalina.core.ApplicationFilterChain.doFilter(ApplicationFilterChain.java:166)
	at com.alibaba.druid.support.http.WebStatFilter.doFilter(WebStatFilter.java:123)
	at org.apache.catalina.core.ApplicationFilterChain.internalDoFilter(ApplicationFilterChain.java:193)
	at org.apache.catalina.core.ApplicationFilterChain.doFilter(ApplicationFilterChain.java:166)
	at org.springframework.web.filter.CharacterEncodingFilter.doFilterInternal(CharacterEncodingFilter.java:201)
	at org.springframework.web.filter.OncePerRequestFilter.doFilter(OncePerRequestFilter.java:119)
	at org.apache.catalina.core.ApplicationFilterChain.internalDoFilter(ApplicationFilterChain.java:193)
	at org.apache.catalina.core.ApplicationFilterChain.doFilter(ApplicationFilterChain.java:166)
	at org.apache.catalina.core.StandardWrapperValve.invoke(StandardWrapperValve.java:202)
	at org.apache.catalina.core.StandardContextValve.invoke(StandardContextValve.java:96)
	at org.apache.catalina.authenticator.AuthenticatorBase.invoke(AuthenticatorBase.java:541)
	at org.apache.catalina.core.StandardHostValve.invoke(StandardHostValve.java:139)
	at org.apache.catalina.valves.ErrorReportValve.invoke(ErrorReportValve.java:92)
	at org.apache.catalina.core.StandardEngineValve.invoke(StandardEngineValve.java:74)
	at org.apache.catalina.connector.CoyoteAdapter.service(CoyoteAdapter.java:343)
	at org.apache.coyote.http11.Http11Processor.service(Http11Processor.java:373)
	at org.apache.coyote.AbstractProcessorLight.process(AbstractProcessorLight.java:65)
	at org.apache.coyote.AbstractProtocol$ConnectionHandler.process(AbstractProtocol.java:868)
	at org.apache.tomcat.util.net.NioEndpoint$SocketProcessor.doRun(NioEndpoint.java:1589)
	at org.apache.tomcat.util.net.SocketProcessorBase.run(SocketProcessorBase.java:49)
	at java.util.concurrent.ThreadPoolExecutor.runWorker(ThreadPoolExecutor.java:1142)
	at java.util.concurrent.ThreadPoolExecutor$Worker.run(ThreadPoolExecutor.java:617)
	at org.apache.tomcat.util.threads.TaskThread$WrappingRunnable.run(TaskThread.java:61)
	at java.lang.Thread.run(Thread.java:745)
2020-08-17 13:03:09.174 WARN  [restartedMain]o.s.b.w.s.c.AnnotationConfigServletWebServerApplicationContext.refresh:559 -Exception encountered during context initialization - cancelling refresh attempt: org.springframework.beans.factory.UnsatisfiedDependencyException: Error creating bean with name 'blogController': Unsatisfied dependency expressed through field 'blogService'; nested exception is org.springframework.beans.factory.UnsatisfiedDependencyException: Error creating bean with name 'blogServiceImpl': Unsatisfied dependency expressed through field 'goodDao'; nested exception is org.springframework.beans.factory.BeanCreationException: Error creating bean with name 'goodDao' defined in com.wsy.blog.dao.GoodDao defined in @EnableMongoRepositories declared on MongoRepositoriesRegistrar.EnableMongoRepositoriesConfiguration: Invocation of init method failed; nested exception is org.springframework.data.mapping.PropertyReferenceException: No property a found for type String! Traversed path: Good.blogId.
2020-08-17 13:12:47.156 WARN  [restartedMain]o.s.b.w.s.c.AnnotationConfigServletWebServerApplicationContext.refresh:559 -Exception encountered during context initialization - cancelling refresh attempt: org.springframework.beans.factory.UnsatisfiedDependencyException: Error creating bean with name 'blogController': Unsatisfied dependency expressed through field 'blogService'; nested exception is org.springframework.beans.factory.UnsatisfiedDependencyException: Error creating bean with name 'blogServiceImpl': Unsatisfied dependency expressed through field 'goodDao'; nested exception is org.springframework.beans.factory.BeanCreationException: Error creating bean with name 'goodDao' defined in com.wsy.blog.dao.GoodDao defined in @EnableMongoRepositories declared on MongoRepositoriesRegistrar.EnableMongoRepositoriesConfiguration: Invocation of init method failed; nested exception is org.springframework.data.mapping.PropertyReferenceException: No property a found for type String! Traversed path: Good.blogId.
2020-08-17 13:16:44.165 WARN  [http-nio-8080-exec-8]org.springframework.web.servlet.PageNotFound.noHandlerFound:1251 -No mapping for OPTIONS /login.jsp
2020-08-17 13:21:09.185 WARN  [http-nio-8080-exec-2]org.springframework.web.servlet.PageNotFound.noHandlerFound:1251 -No mapping for OPTIONS /login.jsp
2020-08-17 13:21:29.511 WARN  [http-nio-8080-exec-8]org.springframework.web.servlet.PageNotFound.noHandlerFound:1251 -No mapping for OPTIONS /login.jsp
2020-08-17 13:21:49.026 WARN  [http-nio-8080-exec-5]org.springframework.web.servlet.PageNotFound.noHandlerFound:1251 -No mapping for OPTIONS /login.jsp
2020-08-17 13:22:13.926 WARN  [http-nio-8080-exec-9]org.springframework.web.servlet.PageNotFound.noHandlerFound:1251 -No mapping for OPTIONS /login.jsp
2020-08-17 13:22:46.924 WARN  [http-nio-8080-exec-2]org.springframework.web.servlet.PageNotFound.noHandlerFound:1251 -No mapping for OPTIONS /login.jsp
2020-08-17 13:23:07.299 WARN  [http-nio-8080-exec-3]org.springframework.web.servlet.PageNotFound.noHandlerFound:1251 -No mapping for OPTIONS /login.jsp
2020-08-17 13:23:33.955 WARN  [http-nio-8080-exec-5]org.springframework.web.servlet.PageNotFound.noHandlerFound:1251 -No mapping for OPTIONS /login.jsp
2020-08-17 13:58:10.188 WARN  [http-nio-8080-exec-9]org.springframework.web.servlet.PageNotFound.noHandlerFound:1251 -No mapping for GET /login.jsp
