2020-08-27 16:52:27.826 DEBUG [restartedMain]com.wsy.blog.BlogApplication.logStarting:56 -Running with Spring Boot v2.3.2.RELEASE, Spring v5.2.8.RELEASE
2020-08-27 16:53:26.825 DEBUG [http-nio-8080-exec-1]com.wsy.blog.mapper.MusicMapper.getList.debug:159 -==>  Preparing: select id, `name`, artist, url, cover, lrc, created_time from bl_music where deleted = 0 and enable = 1 order by created_time desc limit 10 
2020-08-27 16:53:26.825 DEBUG [http-nio-8080-exec-3]com.wsy.blog.mapper.AdminMapper.getAdmin.debug:159 -==>  Preparing: select id, `name`, `header`, signature, `comment`, username from bl_admin limit 1 
2020-08-27 16:53:26.825 DEBUG [http-nio-8080-exec-2]com.wsy.blog.mapper.BlogMapper.recommendedRead.debug:159 -==>  Preparing: select blog_id,blog_title, blog_image, blog_goods, blog_read, blog_collection, blog_type, blog_remark, blog_comment,blog_source,created_time from bl_blog where deleted = 0 order by (blog_goods + blog_read) desc limit 5 
2020-08-27 16:53:26.825 DEBUG [http-nio-8080-exec-4]com.wsy.blog.mapper.LinkMapper.getAll.debug:159 -==>  Preparing: select link_id,link_name,link_url,version,created_time,update_time from bl_link where deleted = 0 
2020-08-27 16:53:26.963 DEBUG [http-nio-8080-exec-2]com.wsy.blog.mapper.BlogMapper.recommendedRead.debug:159 -==> Parameters: 
2020-08-27 16:53:26.963 DEBUG [http-nio-8080-exec-1]com.wsy.blog.mapper.MusicMapper.getList.debug:159 -==> Parameters: 
2020-08-27 16:53:26.963 DEBUG [http-nio-8080-exec-3]com.wsy.blog.mapper.AdminMapper.getAdmin.debug:159 -==> Parameters: 
2020-08-27 16:53:26.963 DEBUG [http-nio-8080-exec-4]com.wsy.blog.mapper.LinkMapper.getAll.debug:159 -==> Parameters: 
2020-08-27 16:53:27.148 DEBUG [http-nio-8080-exec-3]com.wsy.blog.mapper.AdminMapper.getAdmin.debug:159 -<==      Total: 1
2020-08-27 16:53:27.152 DEBUG [http-nio-8080-exec-2]com.wsy.blog.mapper.BlogMapper.recommendedRead.debug:159 -<==      Total: 5
2020-08-27 16:53:27.156 DEBUG [http-nio-8080-exec-4]com.wsy.blog.mapper.LinkMapper.getAll.debug:159 -<==      Total: 3
2020-08-27 16:53:27.172 DEBUG [http-nio-8080-exec-1]com.wsy.blog.mapper.MusicMapper.getList.debug:159 -<==      Total: 3
2020-08-27 16:53:27.272 DEBUG [http-nio-8080-exec-2]com.wsy.blog.mapper.TypeMapper.getNameById.debug:159 -==>  Preparing: select type_name from bl_type where type_id = ? and deleted = 0 
2020-08-27 16:53:27.276 DEBUG [http-nio-8080-exec-2]com.wsy.blog.mapper.TypeMapper.getNameById.debug:159 -==> Parameters: 14(Integer)
2020-08-27 16:53:27.316 DEBUG [http-nio-8080-exec-2]com.wsy.blog.mapper.TypeMapper.getNameById.debug:159 -<==      Total: 1
2020-08-27 16:53:27.341 DEBUG [http-nio-8080-exec-5]com.wsy.blog.mapper.BlogMapper.getPage_COUNT.debug:159 -==>  Preparing: SELECT count(0) FROM bl_blog WHERE deleted = 0 
2020-08-27 16:53:27.341 DEBUG [http-nio-8080-exec-5]com.wsy.blog.mapper.BlogMapper.getPage_COUNT.debug:159 -==> Parameters: 
2020-08-27 16:53:27.359 DEBUG [http-nio-8080-exec-2]com.wsy.blog.mapper.TypeMapper.getNameById.debug:159 -==>  Preparing: select type_name from bl_type where type_id = ? and deleted = 0 
2020-08-27 16:53:27.359 DEBUG [http-nio-8080-exec-2]com.wsy.blog.mapper.TypeMapper.getNameById.debug:159 -==> Parameters: 17(Integer)
2020-08-27 16:53:27.381 DEBUG [http-nio-8080-exec-5]com.wsy.blog.mapper.BlogMapper.getPage_COUNT.debug:159 -<==      Total: 1
2020-08-27 16:53:27.391 DEBUG [http-nio-8080-exec-5]com.wsy.blog.mapper.BlogMapper.getPage.debug:159 -==>  Preparing: SELECT blog_id, blog_title, blog_image, blog_goods, blog_read, blog_collection, blog_type, blog_remark, blog_comment, blog_source, created_time, update_time, version FROM bl_blog WHERE deleted = 0 order by created_time desc LIMIT ? 
2020-08-27 16:53:27.391 DEBUG [http-nio-8080-exec-5]com.wsy.blog.mapper.BlogMapper.getPage.debug:159 -==> Parameters: 5(Integer)
2020-08-27 16:53:27.401 DEBUG [http-nio-8080-exec-2]com.wsy.blog.mapper.TypeMapper.getNameById.debug:159 -<==      Total: 1
2020-08-27 16:53:27.432 DEBUG [http-nio-8080-exec-5]com.wsy.blog.mapper.BlogMapper.getPage.debug:159 -<==      Total: 5
2020-08-27 16:53:27.442 DEBUG [http-nio-8080-exec-3]com.wsy.blog.mapper.LogMapper.save.debug:159 -==>  Preparing: insert into bl_log (log_url, log_params, log_status, log_message, log_method, log_time, log_result, log_ip) values (?, ?, ?, ?, ?, ?, ?, ?) 
2020-08-27 16:53:27.442 DEBUG [http-nio-8080-exec-2]com.wsy.blog.mapper.TypeMapper.getNameById.debug:159 -==>  Preparing: select type_name from bl_type where type_id = ? and deleted = 0 
2020-08-27 16:53:27.442 DEBUG [http-nio-8080-exec-2]com.wsy.blog.mapper.TypeMapper.getNameById.debug:159 -==> Parameters: 10(Integer)
2020-08-27 16:53:27.451 DEBUG [http-nio-8080-exec-3]com.wsy.blog.mapper.LogMapper.save.debug:159 -==> Parameters: /admin/getAdmin(String), [](String), 1(Integer), null, GET(String), 1006(Long), {"code":20000,"data":{"header":"http://112.74.99.109/group1/M00/00/00/rBQJmV815cOAVtH8AACx7prp57w026.jpg","id":1,"name":"w","signature":"生不出人，我很抱歉","username":"qq1437631334"},"msg":"操作成功！"}(String), 127.0.0.1(String)
2020-08-27 16:53:27.453 DEBUG [http-nio-8080-exec-1]com.wsy.blog.mapper.LogMapper.save.debug:159 -==>  Preparing: insert into bl_log (log_url, log_params, log_status, log_message, log_method, log_time, log_result, log_ip) values (?, ?, ?, ?, ?, ?, ?, ?) 
2020-08-27 16:53:27.453 DEBUG [http-nio-8080-exec-4]com.wsy.blog.mapper.LogMapper.save.debug:159 -==>  Preparing: insert into bl_log (log_url, log_params, log_status, log_message, log_method, log_time, log_result, log_ip) values (?, ?, ?, ?, ?, ?, ?, ?) 
2020-08-27 16:53:27.453 DEBUG [http-nio-8080-exec-1]com.wsy.blog.mapper.LogMapper.save.debug:159 -==> Parameters: /music/getList(String), [](String), 1(Integer), null, GET(String), 1016(Long), {"code":20000,"data":[{"artist":"赵紫骅 ","cover":"http://112.74.99.109/group1/M00/00/00/rBQJmV88CoeAHiBOAAAPl6dPhbk534.jpg","id":8,"lrc":"[00:00.000] 作曲 : 赵紫骅\n[00:00.553] 作词 : 赵紫骅\n[00:01.660]可能是我的爱情真的来的太晚了\n[00:30.938]可惜在遇见我那天你并不快乐\n[00:37.952]可能是因为我们相遇的太晚了\n[00:45.466]可是我要走了\n[00:49.225]可温暖要走了\n[00:52.982]可否有另一个我在你身后给予快乐\n[01:00.998]可当我牵着你的手傻乎乎的乐\n[01:08.010]渴望的爱情终于在我生命出现了\n[01:15.272]可时间倒数了\n[01:19.282]可你的答案停住了\n[01:23.039]可想到你的脸我还是很快乐\n[01:30.055]可能你不快乐\n[01:33.815]可惜你不快乐\n[01:37.371]可能是我的爱情它来的太晚了\n[01:45.386]可他给了你些什么\n[01:49.903]你是不是真快乐\n[01:53.402]可要听我的话别再为他犯傻了\n[01:59.678]可能你不快乐\n[02:03.922]可我要你快乐\n[02:07.429]可能是我的爱情它来的太晚了\n[02:15.446]可我只想对你说\n[02:19.203]我绝对不退出了\n[02:23.466]可以让你快乐是我的快乐\n[02:42.005]可当我牵着你的手傻乎乎的乐\n[02:49.265]渴望的爱情终于在我生命出现了\n[02:56.780]可时间倒数了\n[03:00.541]可你的答案停住了\n[03:04.296]可想到你的脸我还是很快乐\n[03:11.319]可能你不快乐\n[03:15.070]可惜你不快乐\n[03:19.077]可能是我的爱情它来的太晚了\n[03:26.841]可他给了你些什么\n[03:30.848]你是不是真快乐\n[03:34.611]可要听我的话别再为他犯傻了\n[03:41.128]可能你不快乐\n[03:45.372]可我要你快乐\n[03:48.878]可能是我的爱情它来的太晚了\n[03:56.893]可我只想对你说\n[04:00.556]我绝对不退出了\n[04:04.813]可以让你快乐是我的快乐\n[04:22.601]不快乐\n[04:26.610]可惜你不快乐\n[04:30.115]可能是我的爱情它来的太晚了\n[04:38.132]可他给了你些什么\n[04:42.394]你是不是真快乐\n[04:45.657]可要听我的话别再为他犯傻了\n[04:52.661]可能你不快乐\n[04:56.169]可我要你快乐\n[05:00.178]可能是我的爱情它来的太晚了\n[05:07.943]可我只想对你说\n[05:11.702]我绝对不退出了\n[05:15.960]可以让你快乐是我的快乐","name":"可乐","url":"http://112.74.99.109/group1/M00/00/00/rBQJmV88Co2AN7zFAFU95kSc7Bk542.mp3"},{"artist":"华晨宇 ","cover":"http://112.74.99.109/group1/M00/00/00/rBQJmV88CTmAN1G_AABVBv_KZlE106.png","id":7,"lrc":"[00:00.000] 作曲 : 华晨宇\n[00:00.391] 作词 : 裴育\n[00:01.173]编曲：郑楠\n[00:06.032]制作人：郑楠\n[00:10.316]\n[00:12.338]抱着沙发 睡眼昏花 凌乱头发\n[00:16.504]却渴望像电影主角一样潇洒\n[00:21.753]\n[00:24.190]屋檐角下 排着乌鸦 密密麻麻\n[00:28.587]被压抑的情绪不知如何表达\n[00:34.070]\n[00:36.274]无论我 在这里 在那里\n[00:40.341]仿佛失魂的虫鸣\n[00:42.658]却明白此刻应该做些努力\n[00:48.024]\n[00:48.275]无论我 在这里 在那里\n[00:52.357]不能弥补的过去\n[00:54.642]每当想起\n[00:56.390]\n[00:58.757]想过离开\n[01:00.725]以这种方式存在\n[01:03.658]是因为 那些旁白 那些姿态 那些伤害\n[01:10.408]\n[01:10.707]不想离开\n[01:12.458]当你说还有你在\n[01:15.493]忽然我开始莫名 期待\n[01:21.191]\n[01:31.843]夕阳西下 翻着电话 无人拨打\n[01:36.176]是习惯孤独的我该得到的吧\n[01:41.543]\n[01:43.525]独木桥呀 把谁推下 才算赢家\n[01:48.010]我无声的反抗何时能战胜它\n[01:53.542]\n[01:55.826]无论我 在这里 在那里\n[01:59.793]仿佛失魂的虫鸣\n[02:02.193]却明白此刻应该做些努力\n[02:07.359]\n[02:07.776]无论我 在这里 在那里\n[02:11.692]不能弥补的过去\n[02:14.177]每当想起\n[02:18.092]\n[02:18.259]想过离开\n[02:19.926]以这种方式存在\n[02:22.959]是因为 那些旁白 那些姿态 那些伤害\n[02:29.909]\n[02:30.160]不想离开\n[02:31.809]也许尝试过被爱\n[02:34.843]会开始仰望未来\n[02:38.859]伤疤 就丢给回忆吧\n[02:50.798]放下 才得到更好啊\n[02:58.322]别怕 别怕\n[03:02.239]\n[03:03.122]想过离开\n[03:04.806]当阳光败给阴霾\n[03:07.838]没想到你会拼命为我拨开\n[03:13.506]\n[03:20.839]曾想过离开\n[03:23.273]却又坚持到现在\n[03:25.922]熬过了 那些旁白 那些姿态 那些伤害\n[03:32.922]\n[03:33.139]不想离开\n[03:34.872]当你的笑容绽开\n[03:37.840]这世界突然填满 色彩\n[03:48.239]\n[04:04.639]抱着沙发 睡眼昏花 凌乱头发\n[04:10.740]夕阳西下 接通电话 是你呀","name":"好想爱这个世界啊","url":"http://112.74.99.109/group1/M00/00/00/rBQJmV88CU6AdLctAKawZPwcEtM172.mp3"},{"artist":"Zic子晨","cover":"http://112.74.99.109/group1/M00/00/00/rBQJmV88COmANUlNAABY0PbauhE401.png","id":6,"lrc":"[00:00.000] 作曲 : 陈耀川\n[00:01.000] 作词 : 楼南蔚\n[00:09.420]本作品经过原词曲版权方授权\n[00:16.390]有些人爱到忘了形\n[00:19.060]结果落的一败涂地\n[00:23.030]有些人永远在憧憬\n[00:26.260]却只差一步距离\n[00:30.460]问世间什么最美丽\n[00:33.040]爱情绝对是个奇迹\n[00:37.420]我明白会有一颗心\n[00:40.420]在远方等我靠近\n[00:45.710]喔我要找到你\n[00:47.340]不管南北东西\n[00:49.090]直觉会给我指引\n[00:52.710]若是爱上你\n[00:54.580]别问什么原因\n[00:56.330]第一眼就能够认出你\n[00:59.680]喔我要找到你\n[01:01.140]喊出你的名字\n[01:03.270]打开幸福的盒子\n[01:07.030]让我找到你\n[01:08.319]就从那一刻起\n[01:10.370]一开始一路走一辈子\n[01:16.360]有些人爱到忘了形\n[01:18.849]结果落的一败涂地\n[01:23.239]有些人永远在憧憬\n[01:26.170]却只差一步距离\n[01:30.189]问世间什么最美丽\n[01:32.970]爱情绝对是个奇迹\n[01:37.280]我明白会有一颗心\n[01:40.340]在远方等我靠近\n[01:45.300]喔我要找到你\n[01:47.390]不管南北东西\n[01:49.290]直觉会给我指引\n[01:52.810]若是爱上你\n[01:54.480]别问什么原因\n[01:56.180]第一眼就能够认出你\n[01:59.700]喔我要找到你\n[02:01.150]喊出你的名字\n[02:03.370]打开幸福的盒子\n[02:06.810]让我找到你\n[02:08.349]就从那一刻起\n[02:10.419]一开始一路走一辈子\n[02:15.710]喔我要找到你\n[02:17.379]不管南北东西\n[02:19.270]直觉会给我指引\n[02:22.780]若是爱上你\n[02:24.220]别问什么原因\n[02:26.240]第一眼就能够认出你\n[02:29.810]喔我要找到你\n[02:31.240]喊出你的名字\n[02:33.310]打开幸福的盒子\n[02:36.919]让我找到你\n[02:38.340]就从那一刻起\n[02:40.560]一开始一路走一辈子\n[02:44.139]一开始一路走一辈子\n[02:47.449]一开始一路走一辈子\n[02:53.789]编曲/吉他：归宿\n[02:54.840]和声：within_轶名/一只鱼卡\n[02:55.479]混音：within_轶名/wuli包子\n[02:56.060]策划：苏琦惠、丁柏昕\n[02:56.479]统筹：黄鲲、潘俊\n[02:56.919]OP：Universal Music Publishing Ltd. Taiwan/大潮音乐经纪有限公司\n[02:57.389]SP：北京大石音乐版权有限公司/美希亚音乐版权代理（北京）有限公司","name":"我要找到你","url":"http://112.74.99.109/group1/M00/00/00/rBQJmV88CPKALOSkAHVpdPLAQWM886.mp3"}],"msg":"操作成功！"}(String), 127.0.0.1(String)
2020-08-27 16:53:27.453 DEBUG [http-nio-8080-exec-4]com.wsy.blog.mapper.LogMapper.save.debug:159 -==> Parameters: /link/getAll(String), [](String), 1(Integer), null, GET(String), 1017(Long), {"code":20000,"data":[{"createdTime":1597388372000,"linkId":1,"linkName":"博客园","linkUrl":"https://www.cnblogs.com/sucker/","updateTime":1597389491000,"version":4},{"createdTime":1597388963000,"linkId":4,"linkName":"bilibili","linkUrl":"https://space.bilibili.com/412866452","updateTime":1597388963000,"version":1},{"createdTime":1597389262000,"linkId":5,"linkName":"QQ空间","linkUrl":"https://user.qzone.qq.com/1437631334/infocenter","updateTime":1597389262000,"version":1}],"msg":"操作成功！"}(String), 127.0.0.1(String)
2020-08-27 16:53:27.481 DEBUG [http-nio-8080-exec-5]com.wsy.blog.mapper.TypeMapper.getNameById.debug:159 -==>  Preparing: select type_name from bl_type where type_id = ? and deleted = 0 
2020-08-27 16:53:27.483 DEBUG [http-nio-8080-exec-2]com.wsy.blog.mapper.TypeMapper.getNameById.debug:159 -<==      Total: 1
2020-08-27 16:53:27.483 DEBUG [http-nio-8080-exec-5]com.wsy.blog.mapper.TypeMapper.getNameById.debug:159 -==> Parameters: 17(Integer)
2020-08-27 16:53:27.518 DEBUG [http-nio-8080-exec-3]com.wsy.blog.mapper.LogMapper.save.debug:159 -<==    Updates: 1
2020-08-27 16:53:27.518 DEBUG [http-nio-8080-exec-5]com.wsy.blog.mapper.TypeMapper.getNameById.debug:159 -<==      Total: 1
2020-08-27 16:53:27.542 DEBUG [http-nio-8080-exec-1]com.wsy.blog.mapper.LogMapper.save.debug:159 -<==    Updates: 1
2020-08-27 16:53:27.542 DEBUG [http-nio-8080-exec-4]com.wsy.blog.mapper.LogMapper.save.debug:159 -<==    Updates: 1
2020-08-27 16:53:27.554 DEBUG [http-nio-8080-exec-2]com.wsy.blog.mapper.TypeMapper.getNameById.debug:159 -==>  Preparing: select type_name from bl_type where type_id = ? and deleted = 0 
2020-08-27 16:53:27.554 DEBUG [http-nio-8080-exec-2]com.wsy.blog.mapper.TypeMapper.getNameById.debug:159 -==> Parameters: 17(Integer)
2020-08-27 16:53:27.588 DEBUG [http-nio-8080-exec-5]com.wsy.blog.mapper.TypeMapper.getNameById.debug:159 -==>  Preparing: select type_name from bl_type where type_id = ? and deleted = 0 
2020-08-27 16:53:27.588 DEBUG [http-nio-8080-exec-5]com.wsy.blog.mapper.TypeMapper.getNameById.debug:159 -==> Parameters: 17(Integer)
2020-08-27 16:53:27.596 DEBUG [http-nio-8080-exec-2]com.wsy.blog.mapper.TypeMapper.getNameById.debug:159 -<==      Total: 1
2020-08-27 16:53:27.633 DEBUG [http-nio-8080-exec-5]com.wsy.blog.mapper.TypeMapper.getNameById.debug:159 -<==      Total: 1
2020-08-27 16:53:27.643 DEBUG [http-nio-8080-exec-2]com.wsy.blog.mapper.TypeMapper.getNameById.debug:159 -==>  Preparing: select type_name from bl_type where type_id = ? and deleted = 0 
2020-08-27 16:53:27.643 DEBUG [http-nio-8080-exec-2]com.wsy.blog.mapper.TypeMapper.getNameById.debug:159 -==> Parameters: 17(Integer)
2020-08-27 16:53:27.673 DEBUG [http-nio-8080-exec-2]com.wsy.blog.mapper.TypeMapper.getNameById.debug:159 -<==      Total: 1
2020-08-27 16:53:27.683 DEBUG [http-nio-8080-exec-5]com.wsy.blog.mapper.TypeMapper.getNameById.debug:159 -==>  Preparing: select type_name from bl_type where type_id = ? and deleted = 0 
2020-08-27 16:53:27.683 DEBUG [http-nio-8080-exec-5]com.wsy.blog.mapper.TypeMapper.getNameById.debug:159 -==> Parameters: 17(Integer)
2020-08-27 16:53:27.722 DEBUG [http-nio-8080-exec-5]com.wsy.blog.mapper.TypeMapper.getNameById.debug:159 -<==      Total: 1
2020-08-27 16:53:27.724 DEBUG [http-nio-8080-exec-2]com.wsy.blog.mapper.LogMapper.save.debug:159 -==>  Preparing: insert into bl_log (log_url, log_params, log_status, log_message, log_method, log_time, log_result, log_ip) values (?, ?, ?, ?, ?, ?, ?, ?) 
2020-08-27 16:53:27.724 DEBUG [http-nio-8080-exec-2]com.wsy.blog.mapper.LogMapper.save.debug:159 -==> Parameters: /blog/recommendedRead(String), [](String), 1(Integer), null, GET(String), 1296(Long), {"code":20000,"data":[{"blogCollection":0,"blogComment":1,"blogGoods":3,"blogId":"1293851272755122176","blogImage":"","blogRead":58,"blogRemark":" ","blogTitle":"Vue-v-bind、v-for、v-if等基本操作","blogType":14,"createdTime":1594260357000,"typeName":"docker"},{"blogCollection":0,"blogComment":0,"blogGoods":1,"blogId":"1295973682287480832","blogRead":8,"blogTitle":"数据结构-顺序树的创建以及按广义表输出","blogType":17,"createdTime":1597819178000,"typeName":"数据结构"},{"blogCollection":0,"blogComment":0,"blogGoods":0,"blogId":"1293850784802377728","blogImage":"","blogRead":4,"blogTitle":"mybatis <if>标签踩坑","blogType":10,"createdTime":1594605840000,"typeName":"Mybatis"},{"blogCollection":0,"blogComment":0,"blogGoods":0,"blogId":"1295973272181018624","blogRead":4,"blogTitle":"数据结构-哈夫曼树","blogType":17,"createdTime":1597819080000,"typeName":"数据结构"},{"blogCollection":0,"blogComment":0,"blogGoods":0,"blogId":"1295973540490645504","blogRead":3,"blogTitle":"数据结构－堆排序","blogType":17,"createdTime":1597819144000,"typeName":"数据结构"}],"msg":"获取成功"}(String), 127.0.0.1(String)
2020-08-27 16:53:27.754 DEBUG [http-nio-8080-exec-5]com.wsy.blog.mapper.TypeMapper.getNameById.debug:159 -==>  Preparing: select type_name from bl_type where type_id = ? and deleted = 0 
2020-08-27 16:53:27.763 DEBUG [http-nio-8080-exec-5]com.wsy.blog.mapper.TypeMapper.getNameById.debug:159 -==> Parameters: 12(Integer)
2020-08-27 16:53:27.795 DEBUG [http-nio-8080-exec-5]com.wsy.blog.mapper.TypeMapper.getNameById.debug:159 -<==      Total: 1
2020-08-27 16:53:27.795 DEBUG [http-nio-8080-exec-2]com.wsy.blog.mapper.LogMapper.save.debug:159 -<==    Updates: 1
2020-08-27 16:53:27.846 DEBUG [http-nio-8080-exec-5]com.wsy.blog.mapper.TypeMapper.getNameById.debug:159 -==>  Preparing: select type_name from bl_type where type_id = ? and deleted = 0 
2020-08-27 16:53:27.846 DEBUG [http-nio-8080-exec-5]com.wsy.blog.mapper.TypeMapper.getNameById.debug:159 -==> Parameters: 16(Integer)
2020-08-27 16:53:27.886 DEBUG [http-nio-8080-exec-5]com.wsy.blog.mapper.TypeMapper.getNameById.debug:159 -<==      Total: 1
2020-08-27 16:53:27.950 DEBUG [http-nio-8080-exec-5]com.wsy.blog.mapper.LogMapper.save.debug:159 -==>  Preparing: insert into bl_log (log_url, log_params, log_status, log_message, log_method, log_time, log_result, log_ip) values (?, ?, ?, ?, ?, ?, ?, ?) 
2020-08-27 16:53:27.950 DEBUG [http-nio-8080-exec-5]com.wsy.blog.mapper.LogMapper.save.debug:159 -==> Parameters: /blog/getPage(String), [Page(pageNum=1, pageSize=5, orderByField=created_time, orderByMode=desc, typeId=null, data=null, totalCount=null, totalPage=null, params={})](String), 1(Integer), null, POST(String), 929(Long), {"code":20000,"data":{"data":[{"blogCollection":0,"blogComment":0,"blogGoods":1,"blogId":"1295973682287480832","blogRead":8,"blogTitle":"数据结构-顺序树的创建以及按广义表输出","blogType":17,"createdTime":1597819178000,"typeName":"数据结构","updateTime":1598081860000,"version":9},{"blogCollection":0,"blogComment":0,"blogGoods":0,"blogId":"1295973540490645504","blogRead":3,"blogTitle":"数据结构－堆排序","blogType":17,"createdTime":1597819144000,"typeName":"数据结构","updateTime":1597922382000,"version":5},{"blogCollection":0,"blogComment":0,"blogGoods":0,"blogId":"1295973272181018624","blogRead":4,"blogTitle":"数据结构-哈夫曼树","blogType":17,"createdTime":1597819080000,"typeName":"数据结构","updateTime":1597822990000,"version":5},{"blogCollection":0,"blogComment":0,"blogGoods":0,"blogId":"1294647161643978752","blogRead":1,"blogTitle":"shiroFilter踩坑","blogType":12,"createdTime":1597474112000,"typeName":"Shiro","updateTime":1597821796000,"version":207},{"blogCollection":0,"blogComment":0,"blogGoods":0,"blogId":"1293808631053139968","blogImage":"","blogRead":1,"blogTitle":"docker 安装 mysql5.7","blogType":16,"createdTime":1597274190000,"typeName":"Mysql","updateTime":1597821806000,"version":10}],"orderByField":"created_time","orderByMode":"desc","pageNum":1,"pageSize":5,"params":{},"totalCount":7,"totalPage":2},"msg":"查询成功！"}(String), 127.0.0.1(String)
2020-08-27 16:53:28.013 DEBUG [http-nio-8080-exec-5]com.wsy.blog.mapper.LogMapper.save.debug:159 -<==    Updates: 1
2020-08-27 16:53:48.635 DEBUG [http-nio-8080-exec-6]com.wsy.blog.mapper.BlogMapper.getById.debug:159 -==>  Preparing: select blog_id, blog_title,blog_image, blog_content, blog_goods, blog_read, blog_collection,blog_type, blog_remark, blog_comment,blog_source,created_time,update_time,version from bl_blog where blog_id = ? and deleted = 0 
2020-08-27 16:53:48.635 DEBUG [http-nio-8080-exec-6]com.wsy.blog.mapper.BlogMapper.getById.debug:159 -==> Parameters: 1295973682287480832(String)
2020-08-27 16:53:48.666 DEBUG [http-nio-8080-exec-6]com.wsy.blog.mapper.BlogMapper.getById.debug:159 -<==      Total: 1
2020-08-27 16:53:48.666 DEBUG [http-nio-8080-exec-6]com.wsy.blog.mapper.TypeMapper.getNameById.debug:159 -==>  Preparing: select type_name from bl_type where type_id = ? and deleted = 0 
2020-08-27 16:53:48.666 DEBUG [http-nio-8080-exec-6]com.wsy.blog.mapper.TypeMapper.getNameById.debug:159 -==> Parameters: 17(Integer)
2020-08-27 16:53:48.704 DEBUG [http-nio-8080-exec-6]com.wsy.blog.mapper.TypeMapper.getNameById.debug:159 -<==      Total: 1
2020-08-27 16:53:48.704 DEBUG [http-nio-8080-exec-6]com.wsy.blog.mapper.BlogMapper.update.debug:159 -==>  Preparing: update bl_blog set version = version + 1 ,blog_Title = ? ,blog_Content = ? ,blog_Goods = ? ,blog_Read = ? ,blog_Type = ? where blog_id = ? and version = ? and deleted = 0 
2020-08-27 16:53:48.704 DEBUG [http-nio-8080-exec-6]com.wsy.blog.mapper.BlogMapper.update.debug:159 -==> Parameters: 数据结构-顺序树的创建以及按广义表输出(String), <pre class="language-c"><code>#include"stdio.h"
#define MaxSize 30
typedef char DataType;
typedef struct TreeNode{
    DataType data[MaxSize];
    int count;
}BinTree;
int k = 0;
//初始化树
void initBinTree(BinTree *t)
{
    for( int i= 0; i&lt; MaxSize; i++)
    {
        t-&gt;data[i] = '#';
    }
    t-&gt;count = 0;
}
//创建二叉树
void creatBinTree(BinTree *t, DataType array[], int index)
{
    DataType ch = array[k++];
    if( ch == ';')
    {
        return ;
    }
    if( ch != '#' )
    {
        t-&gt;data[index] = ch;
        t-&gt;count++;
        creatBinTree(t, array, index*2+1);
        creatBinTree(t, array, index*2+2);
    }
}
//按广义表输出二叉树
void printBinTree(BinTree *t, int index)
{
    if(t != NULL)
    {
        printf("%c ",t-&gt;data[index]);
        if( t-&gt;data[index*2+1] != '#' || t-&gt;data[index*2+2] != '#' )
        {
            printf("(");
            printBinTree(t, index*2+1);
            printf(",");
            printBinTree(t, index*2+2);
            printf(")");
        }
    }
}
main()
{
    BinTree t;
    int n;
    int index = 0;
    DataType ch[] = {'A','B','C','#','#','E','#','#','F','G','#','#','H','#','#',';'};
    initBinTree(&amp;t);
    creatBinTree(&amp;t, ch, index);
    printBinTree(&amp;t, index);
}</code></pre>(String), 1(Integer), 9(Integer), 17(Integer), 1295973682287480832(String), 9(Integer)
2020-08-27 16:53:48.767 DEBUG [http-nio-8080-exec-6]com.wsy.blog.mapper.BlogMapper.update.debug:159 -<==    Updates: 1
2020-08-27 16:53:48.867 DEBUG [http-nio-8080-exec-6]com.wsy.blog.mapper.LogMapper.save.debug:159 -==>  Preparing: insert into bl_log (log_url, log_params, log_status, log_message, log_method, log_time, log_result, log_ip) values (?, ?, ?, ?, ?, ?, ?, ?) 
2020-08-27 16:53:48.867 DEBUG [http-nio-8080-exec-6]com.wsy.blog.mapper.LogMapper.save.debug:159 -==> Parameters: /blog/read/1295973682287480832(String), [1295973682287480832](String), 1(Integer), null, PUT(String), 333(Long), {"code":20000,"data":{"blogCollection":0,"blogComment":0,"blogContent":"<pre class=\"language-c\"><code>#include\"stdio.h\"\n#define MaxSize 30\ntypedef char DataType;\ntypedef struct TreeNode{\n    DataType data[MaxSize];\n    int count;\n}BinTree;\nint k = 0;\n//初始化树\nvoid initBinTree(BinTree *t)\n{\n    for( int i= 0; i&lt; MaxSize; i++)\n    {\n        t-&gt;data[i] = '#';\n    }\n    t-&gt;count = 0;\n}\n//创建二叉树\nvoid creatBinTree(BinTree *t, DataType array[], int index)\n{\n    DataType ch = array[k++];\n    if( ch == ';')\n    {\n        return ;\n    }\n    if( ch != '#' )\n    {\n        t-&gt;data[index] = ch;\n        t-&gt;count++;\n        creatBinTree(t, array, index*2+1);\n        creatBinTree(t, array, index*2+2);\n    }\n}\n//按广义表输出二叉树\nvoid printBinTree(BinTree *t, int index)\n{\n    if(t != NULL)\n    {\n        printf(\"%c \",t-&gt;data[index]);\n        if( t-&gt;data[index*2+1] != '#' || t-&gt;data[index*2+2] != '#' )\n        {\n            printf(\"(\");\n            printBinTree(t, index*2+1);\n            printf(\",\");\n            printBinTree(t, index*2+2);\n            printf(\")\");\n        }\n    }\n}\nmain()\n{\n    BinTree t;\n    int n;\n    int index = 0;\n    DataType ch[] = {'A','B','C','#','#','E','#','#','F','G','#','#','H','#','#',';'};\n    initBinTree(&amp;t);\n    creatBinTree(&amp;t, ch, index);\n    printBinTree(&amp;t, index);\n}</code></pre>","blogGoods":1,"blogId":"1295973682287480832","blogRead":9,"blogTitle":"数据结构-顺序树的创建以及按广义表输出","blogType":17,"createdTime":1597819178000,"typeName":"数据结构","updateTime":1598081860000,"version":9},"msg":"阅读成功"}(String), 127.0.0.1(String)
2020-08-27 16:53:48.905 DEBUG [http-nio-8080-exec-7]com.wsy.blog.mapper.LogMapper.save.debug:159 -==>  Preparing: insert into bl_log (log_url, log_params, log_status, log_message, log_method, log_time, log_result, log_ip) values (?, ?, ?, ?, ?, ?, ?, ?) 
2020-08-27 16:53:48.905 DEBUG [http-nio-8080-exec-7]com.wsy.blog.mapper.LogMapper.save.debug:159 -==> Parameters: /comment/getByBlogId/1295973682287480832(String), [1295973682287480832](String), 1(Integer), null, GET(String), 364(Long), {"code":20000,"data":[],"msg":"操作成功！"}(String), 127.0.0.1(String)
2020-08-27 16:53:48.936 DEBUG [http-nio-8080-exec-6]com.wsy.blog.mapper.LogMapper.save.debug:159 -<==    Updates: 1
2020-08-27 16:53:48.967 DEBUG [http-nio-8080-exec-7]com.wsy.blog.mapper.LogMapper.save.debug:159 -<==    Updates: 1
2020-08-27 16:55:09.298 DEBUG [http-nio-8080-exec-8]com.wsy.blog.mapper.AdminMapper.getByUsername.debug:159 -==>  Preparing: select `name`,header,signature,username,password from bl_admin where username=? 
2020-08-27 16:55:09.298 DEBUG [http-nio-8080-exec-8]com.wsy.blog.mapper.AdminMapper.getByUsername.debug:159 -==> Parameters: qq1437631334(String)
2020-08-27 16:55:09.329 DEBUG [http-nio-8080-exec-8]com.wsy.blog.mapper.AdminMapper.getByUsername.debug:159 -<==      Total: 1
2020-08-27 16:55:09.366 DEBUG [http-nio-8080-exec-8]com.wsy.blog.mapper.LogMapper.save.debug:159 -==>  Preparing: insert into bl_log (log_url, log_params, log_status, log_message, log_method, log_time, log_result, log_ip) values (?, ?, ?, ?, ?, ?, ?, ?) 
2020-08-27 16:55:09.366 DEBUG [http-nio-8080-exec-8]com.wsy.blog.mapper.LogMapper.save.debug:159 -==> Parameters: /admin/login(String), [Admin(id=null, name=null, header=null, signature=null, comment=null, username=qq1437631334, password=249cdae858b9a21da9a99034ac9d3ff9)](String), 1(Integer), null, POST(String), 79(Long), {"code":20000,"data":{"token":"9EF8FCC8C5C57C0AFF33323D85D323D5"},"msg":"操作成功！"}(String), 127.0.0.1(String)
2020-08-27 16:55:09.429 DEBUG [http-nio-8080-exec-8]com.wsy.blog.mapper.LogMapper.save.debug:159 -<==    Updates: 1
2020-08-27 16:55:09.482 DEBUG [http-nio-8080-exec-9]com.wsy.blog.mapper.AdminMapper.getAdmin.debug:159 -==>  Preparing: select id, `name`, `header`, signature, `comment`, username from bl_admin limit 1 
2020-08-27 16:55:09.482 DEBUG [http-nio-8080-exec-9]com.wsy.blog.mapper.AdminMapper.getAdmin.debug:159 -==> Parameters: 
2020-08-27 16:55:09.513 DEBUG [http-nio-8080-exec-9]com.wsy.blog.mapper.AdminMapper.getAdmin.debug:159 -<==      Total: 1
2020-08-27 16:55:09.550 DEBUG [http-nio-8080-exec-9]com.wsy.blog.mapper.LogMapper.save.debug:159 -==>  Preparing: insert into bl_log (log_url, log_params, log_status, log_message, log_method, log_time, log_result, log_ip) values (?, ?, ?, ?, ?, ?, ?, ?) 
2020-08-27 16:55:09.550 DEBUG [http-nio-8080-exec-9]com.wsy.blog.mapper.LogMapper.save.debug:159 -==> Parameters: /admin/getAdmin(String), [](String), 1(Integer), null, GET(String), 62(Long), {"code":20000,"data":{"header":"http://112.74.99.109/group1/M00/00/00/rBQJmV815cOAVtH8AACx7prp57w026.jpg","id":1,"name":"w","signature":"生不出人，我很抱歉","username":"qq1437631334"},"msg":"操作成功！"}(String), 127.0.0.1(String)
2020-08-27 16:55:09.613 DEBUG [http-nio-8080-exec-9]com.wsy.blog.mapper.LogMapper.save.debug:159 -<==    Updates: 1
2020-08-27 16:55:09.829 DEBUG [http-nio-8080-exec-10]com.wsy.blog.mapper.TypeMapper.getAll.debug:159 -==>  Preparing: select type_id,type_name, type_blog_count from bl_type where enable = 1 and deleted = 0 
2020-08-27 16:55:09.829 DEBUG [http-nio-8080-exec-10]com.wsy.blog.mapper.TypeMapper.getAll.debug:159 -==> Parameters: 
2020-08-27 16:55:09.867 DEBUG [http-nio-8080-exec-10]com.wsy.blog.mapper.TypeMapper.getAll.debug:159 -<==      Total: 11
2020-08-27 16:55:09.898 DEBUG [http-nio-8080-exec-10]com.wsy.blog.mapper.LogMapper.save.debug:159 -==>  Preparing: insert into bl_log (log_url, log_params, log_status, log_message, log_method, log_time, log_result, log_ip) values (?, ?, ?, ?, ?, ?, ?, ?) 
2020-08-27 16:55:09.898 DEBUG [http-nio-8080-exec-10]com.wsy.blog.mapper.LogMapper.save.debug:159 -==> Parameters: /type/getAll(String), [](String), 1(Integer), null, GET(String), 100(Long), {"code":20000,"data":[{"typeBlogCount":0,"typeId":6,"typeName":"Java"},{"typeBlogCount":0,"typeId":8,"typeName":"JavaScript"},{"typeBlogCount":0,"typeId":9,"typeName":"Springboot"},{"typeBlogCount":1,"typeId":10,"typeName":"Mybatis"},{"typeBlogCount":0,"typeId":11,"typeName":"HTML"},{"typeBlogCount":1,"typeId":12,"typeName":"Shiro"},{"typeBlogCount":1,"typeId":13,"typeName":"fastdfs"},{"typeBlogCount":5,"typeId":14,"typeName":"docker"},{"typeBlogCount":0,"typeId":15,"typeName":"Vue"},{"typeBlogCount":1,"typeId":16,"typeName":"Mysql"},{"typeBlogCount":3,"typeId":17,"typeName":"数据结构"}],"msg":"操作成功！"}(String), 127.0.0.1(String)
2020-08-27 16:55:09.968 DEBUG [http-nio-8080-exec-10]com.wsy.blog.mapper.LogMapper.save.debug:159 -<==    Updates: 1
2020-08-27 16:55:17.636 DEBUG [http-nio-8080-exec-1]com.wsy.blog.mapper.BlogMapper.getPage_COUNT.debug:159 -==>  Preparing: SELECT count(0) FROM bl_blog WHERE deleted = 0 
2020-08-27 16:55:17.636 DEBUG [http-nio-8080-exec-1]com.wsy.blog.mapper.BlogMapper.getPage_COUNT.debug:159 -==> Parameters: 
2020-08-27 16:55:17.668 DEBUG [http-nio-8080-exec-1]com.wsy.blog.mapper.BlogMapper.getPage_COUNT.debug:159 -<==      Total: 1
2020-08-27 16:55:17.668 DEBUG [http-nio-8080-exec-1]com.wsy.blog.mapper.BlogMapper.getPage.debug:159 -==>  Preparing: SELECT blog_id, blog_title, blog_image, blog_goods, blog_read, blog_collection, blog_type, blog_remark, blog_comment, blog_source, created_time, update_time, version FROM bl_blog WHERE deleted = 0 order by created_time desc LIMIT ? 
2020-08-27 16:55:17.674 DEBUG [http-nio-8080-exec-1]com.wsy.blog.mapper.BlogMapper.getPage.debug:159 -==> Parameters: 4(Integer)
2020-08-27 16:55:17.708 DEBUG [http-nio-8080-exec-1]com.wsy.blog.mapper.BlogMapper.getPage.debug:159 -<==      Total: 4
2020-08-27 16:55:18.315 DEBUG [http-nio-8080-exec-1]com.wsy.blog.mapper.TypeMapper.getNameById.debug:159 -==>  Preparing: select type_name from bl_type where type_id = ? and deleted = 0 
2020-08-27 16:55:18.315 DEBUG [http-nio-8080-exec-1]com.wsy.blog.mapper.TypeMapper.getNameById.debug:159 -==> Parameters: 17(Integer)
2020-08-27 16:55:18.355 DEBUG [http-nio-8080-exec-1]com.wsy.blog.mapper.TypeMapper.getNameById.debug:159 -<==      Total: 1
2020-08-27 16:55:18.391 DEBUG [http-nio-8080-exec-1]com.wsy.blog.mapper.TypeMapper.getNameById.debug:159 -==>  Preparing: select type_name from bl_type where type_id = ? and deleted = 0 
2020-08-27 16:55:18.391 DEBUG [http-nio-8080-exec-1]com.wsy.blog.mapper.TypeMapper.getNameById.debug:159 -==> Parameters: 17(Integer)
2020-08-27 16:55:18.424 DEBUG [http-nio-8080-exec-1]com.wsy.blog.mapper.TypeMapper.getNameById.debug:159 -<==      Total: 1
2020-08-27 16:55:18.476 DEBUG [http-nio-8080-exec-1]com.wsy.blog.mapper.TypeMapper.getNameById.debug:159 -==>  Preparing: select type_name from bl_type where type_id = ? and deleted = 0 
2020-08-27 16:55:18.476 DEBUG [http-nio-8080-exec-1]com.wsy.blog.mapper.TypeMapper.getNameById.debug:159 -==> Parameters: 17(Integer)
2020-08-27 16:55:18.508 DEBUG [http-nio-8080-exec-1]com.wsy.blog.mapper.TypeMapper.getNameById.debug:159 -<==      Total: 1
2020-08-27 16:55:18.539 DEBUG [http-nio-8080-exec-1]com.wsy.blog.mapper.TypeMapper.getNameById.debug:159 -==>  Preparing: select type_name from bl_type where type_id = ? and deleted = 0 
2020-08-27 16:55:18.539 DEBUG [http-nio-8080-exec-1]com.wsy.blog.mapper.TypeMapper.getNameById.debug:159 -==> Parameters: 12(Integer)
2020-08-27 16:55:18.570 DEBUG [http-nio-8080-exec-1]com.wsy.blog.mapper.TypeMapper.getNameById.debug:159 -<==      Total: 1
2020-08-27 16:55:18.607 DEBUG [http-nio-8080-exec-1]com.wsy.blog.mapper.LogMapper.save.debug:159 -==>  Preparing: insert into bl_log (log_url, log_params, log_status, log_message, log_method, log_time, log_result, log_ip) values (?, ?, ?, ?, ?, ?, ?, ?) 
2020-08-27 16:55:18.607 DEBUG [http-nio-8080-exec-1]com.wsy.blog.mapper.LogMapper.save.debug:159 -==> Parameters: /blog/getPage(String), [Page(pageNum=1, pageSize=4, orderByField=created_time, orderByMode=desc, typeId=null, data=null, totalCount=null, totalPage=null, params={})](String), 1(Integer), null, POST(String), 981(Long), {"code":20000,"data":{"data":[{"blogCollection":0,"blogComment":0,"blogGoods":1,"blogId":"1295973682287480832","blogRead":9,"blogTitle":"数据结构-顺序树的创建以及按广义表输出","blogType":17,"createdTime":1597819178000,"typeName":"数据结构","updateTime":1598518427000,"version":10},{"blogCollection":0,"blogComment":0,"blogGoods":0,"blogId":"1295973540490645504","blogRead":3,"blogTitle":"数据结构－堆排序","blogType":17,"createdTime":1597819144000,"typeName":"数据结构","updateTime":1597922382000,"version":5},{"blogCollection":0,"blogComment":0,"blogGoods":0,"blogId":"1295973272181018624","blogRead":4,"blogTitle":"数据结构-哈夫曼树","blogType":17,"createdTime":1597819080000,"typeName":"数据结构","updateTime":1597822990000,"version":5},{"blogCollection":0,"blogComment":0,"blogGoods":0,"blogId":"1294647161643978752","blogRead":1,"blogTitle":"shiroFilter踩坑","blogType":12,"createdTime":1597474112000,"typeName":"Shiro","updateTime":1597821796000,"version":207}],"orderByField":"created_time","orderByMode":"desc","pageNum":1,"pageSize":4,"params":{},"totalCount":7,"totalPage":2},"msg":"查询成功！"}(String), 127.0.0.1(String)
2020-08-27 16:55:18.676 DEBUG [http-nio-8080-exec-1]com.wsy.blog.mapper.LogMapper.save.debug:159 -<==    Updates: 1
2020-08-27 16:55:38.240 DEBUG [http-nio-8080-exec-4]com.wsy.blog.mapper.BlogMapper.save.debug:159 -==>  Preparing: insert into bl_blog( blog_id, blog_title,blog_image, blog_content, blog_type, blog_remark, blog_source ) values ( ?, ?, ?, ?, ?, ?, ? ) 
2020-08-27 16:55:38.240 DEBUG [http-nio-8080-exec-4]com.wsy.blog.mapper.BlogMapper.save.debug:159 -==> Parameters: 1298907009470496768(String), 111(String), null, <p>111121</p>(String), 10(Integer), 1111(String), null
2020-08-27 16:55:38.319 DEBUG [http-nio-8080-exec-4]com.wsy.blog.mapper.BlogMapper.save.debug:159 -<==    Updates: 1
2020-08-27 16:55:38.319 DEBUG [http-nio-8080-exec-4]com.wsy.blog.mapper.TypeMapper.getById.debug:159 -==>  Preparing: select type_id,type_name, type_blog_count,`enable` from bl_type where type_id = ? and deleted = 0 
2020-08-27 16:55:38.334 DEBUG [http-nio-8080-exec-4]com.wsy.blog.mapper.TypeMapper.getById.debug:159 -==> Parameters: 10(Integer)
2020-08-27 16:55:38.366 DEBUG [http-nio-8080-exec-4]com.wsy.blog.mapper.TypeMapper.getById.debug:159 -<==      Total: 1
2020-08-27 16:55:38.391 DEBUG [http-nio-8080-exec-4]com.wsy.blog.mapper.TypeMapper.update.debug:159 -==>  Preparing: update bl_type SET type_name = ?, type_blog_count = ?, enable = ? where type_id = ? and deleted = 0 
2020-08-27 16:55:38.391 DEBUG [http-nio-8080-exec-4]com.wsy.blog.mapper.TypeMapper.update.debug:159 -==> Parameters: Mybatis(String), 2(Integer), 1(Integer), 10(Integer)
2020-08-27 16:55:38.473 DEBUG [http-nio-8080-exec-4]com.wsy.blog.mapper.TypeMapper.update.debug:159 -<==    Updates: 1
2020-08-27 16:55:39.292 DEBUG [http-nio-8080-exec-4]com.wsy.blog.mapper.LogMapper.save.debug:159 -==>  Preparing: insert into bl_log (log_url, log_params, log_status, log_message, log_method, log_time, log_result, log_ip) values (?, ?, ?, ?, ?, ?, ?, ?) 
2020-08-27 16:55:39.292 DEBUG [http-nio-8080-exec-4]com.wsy.blog.mapper.LogMapper.save.debug:159 -==> Parameters: /blog/save(String), [Blog(blogId=, blogTitle=111, blogImage=null, blogContent=<p>111121</p>, blogGoods=null, blogRead=null, blogCollection=null, blogType=10, blogRemark=1111, blogComment=null, blogSource=null, createdTime=null, updateTime=null, version=null, deleted=null)](String), 1(Integer), null, POST(String), 1087(Long), {"code":20000,"msg":"添加成功！"}(String), 127.0.0.1(String)
2020-08-27 16:55:39.360 DEBUG [http-nio-8080-exec-4]com.wsy.blog.mapper.LogMapper.save.debug:159 -<==    Updates: 1
2020-08-27 16:55:39.483 DEBUG [http-nio-8080-exec-3]com.wsy.blog.mapper.BlogMapper.getPage_COUNT.debug:159 -==>  Preparing: SELECT count(0) FROM bl_blog WHERE deleted = 0 
2020-08-27 16:55:39.483 DEBUG [http-nio-8080-exec-3]com.wsy.blog.mapper.BlogMapper.getPage_COUNT.debug:159 -==> Parameters: 
2020-08-27 16:55:39.507 DEBUG [http-nio-8080-exec-3]com.wsy.blog.mapper.BlogMapper.getPage_COUNT.debug:159 -<==      Total: 1
2020-08-27 16:55:39.523 DEBUG [http-nio-8080-exec-3]com.wsy.blog.mapper.BlogMapper.getPage.debug:159 -==>  Preparing: SELECT blog_id, blog_title, blog_image, blog_goods, blog_read, blog_collection, blog_type, blog_remark, blog_comment, blog_source, created_time, update_time, version FROM bl_blog WHERE deleted = 0 order by created_time desc LIMIT ? 
2020-08-27 16:55:39.523 DEBUG [http-nio-8080-exec-3]com.wsy.blog.mapper.BlogMapper.getPage.debug:159 -==> Parameters: 4(Integer)
2020-08-27 16:55:39.559 DEBUG [http-nio-8080-exec-3]com.wsy.blog.mapper.BlogMapper.getPage.debug:159 -<==      Total: 4
2020-08-27 16:55:39.614 DEBUG [http-nio-8080-exec-3]com.wsy.blog.mapper.TypeMapper.getNameById.debug:159 -==>  Preparing: select type_name from bl_type where type_id = ? and deleted = 0 
2020-08-27 16:55:39.614 DEBUG [http-nio-8080-exec-3]com.wsy.blog.mapper.TypeMapper.getNameById.debug:159 -==> Parameters: 10(Integer)
2020-08-27 16:55:39.665 DEBUG [http-nio-8080-exec-3]com.wsy.blog.mapper.TypeMapper.getNameById.debug:159 -<==      Total: 1
2020-08-27 16:55:39.713 DEBUG [http-nio-8080-exec-3]com.wsy.blog.mapper.TypeMapper.getNameById.debug:159 -==>  Preparing: select type_name from bl_type where type_id = ? and deleted = 0 
2020-08-27 16:55:39.713 DEBUG [http-nio-8080-exec-3]com.wsy.blog.mapper.TypeMapper.getNameById.debug:159 -==> Parameters: 17(Integer)
2020-08-27 16:55:40.307 DEBUG [http-nio-8080-exec-3]com.wsy.blog.mapper.TypeMapper.getNameById.debug:159 -<==      Total: 1
2020-08-27 16:55:40.345 DEBUG [http-nio-8080-exec-3]com.wsy.blog.mapper.TypeMapper.getNameById.debug:159 -==>  Preparing: select type_name from bl_type where type_id = ? and deleted = 0 
2020-08-27 16:55:40.345 DEBUG [http-nio-8080-exec-3]com.wsy.blog.mapper.TypeMapper.getNameById.debug:159 -==> Parameters: 17(Integer)
2020-08-27 16:55:40.386 DEBUG [http-nio-8080-exec-3]com.wsy.blog.mapper.TypeMapper.getNameById.debug:159 -<==      Total: 1
2020-08-27 16:55:40.411 DEBUG [http-nio-8080-exec-3]com.wsy.blog.mapper.TypeMapper.getNameById.debug:159 -==>  Preparing: select type_name from bl_type where type_id = ? and deleted = 0 
2020-08-27 16:55:40.411 DEBUG [http-nio-8080-exec-3]com.wsy.blog.mapper.TypeMapper.getNameById.debug:159 -==> Parameters: 17(Integer)
2020-08-27 16:55:40.445 DEBUG [http-nio-8080-exec-3]com.wsy.blog.mapper.TypeMapper.getNameById.debug:159 -<==      Total: 1
2020-08-27 16:55:40.508 DEBUG [http-nio-8080-exec-3]com.wsy.blog.mapper.LogMapper.save.debug:159 -==>  Preparing: insert into bl_log (log_url, log_params, log_status, log_message, log_method, log_time, log_result, log_ip) values (?, ?, ?, ?, ?, ?, ?, ?) 
2020-08-27 16:55:40.508 DEBUG [http-nio-8080-exec-3]com.wsy.blog.mapper.LogMapper.save.debug:159 -==> Parameters: /blog/getPage(String), [Page(pageNum=1, pageSize=4, orderByField=created_time, orderByMode=desc, typeId=null, data=null, totalCount=null, totalPage=null, params={})](String), 1(Integer), null, POST(String), 1006(Long), {"code":20000,"data":{"data":[{"blogCollection":0,"blogComment":0,"blogGoods":0,"blogId":"1298907009470496768","blogRead":0,"blogRemark":"1111","blogTitle":"111","blogType":10,"createdTime":1598518536000,"typeName":"Mybatis","updateTime":1598518536000,"version":1},{"blogCollection":0,"blogComment":0,"blogGoods":1,"blogId":"1295973682287480832","blogRead":9,"blogTitle":"数据结构-顺序树的创建以及按广义表输出","blogType":17,"createdTime":1597819178000,"typeName":"数据结构","updateTime":1598518427000,"version":10},{"blogCollection":0,"blogComment":0,"blogGoods":0,"blogId":"1295973540490645504","blogRead":3,"blogTitle":"数据结构－堆排序","blogType":17,"createdTime":1597819144000,"typeName":"数据结构","updateTime":1597922382000,"version":5},{"blogCollection":0,"blogComment":0,"blogGoods":0,"blogId":"1295973272181018624","blogRead":4,"blogTitle":"数据结构-哈夫曼树","blogType":17,"createdTime":1597819080000,"typeName":"数据结构","updateTime":1597822990000,"version":5}],"orderByField":"created_time","orderByMode":"desc","pageNum":1,"pageSize":4,"params":{},"totalCount":8,"totalPage":2},"msg":"查询成功！"}(String), 127.0.0.1(String)
2020-08-27 16:55:40.577 DEBUG [http-nio-8080-exec-3]com.wsy.blog.mapper.LogMapper.save.debug:159 -<==    Updates: 1
2020-08-27 17:00:51.237 DEBUG [restartedMain]com.wsy.blog.BlogApplication.logStarting:56 -Running with Spring Boot v2.3.2.RELEASE, Spring v5.2.8.RELEASE
2020-08-27 17:02:19.558 DEBUG [restartedMain]com.wsy.blog.BlogApplication.logStarting:56 -Running with Spring Boot v2.3.2.RELEASE, Spring v5.2.8.RELEASE
2020-08-27 17:03:17.017 DEBUG [restartedMain]com.wsy.blog.BlogApplication.logStarting:56 -Running with Spring Boot v2.3.2.RELEASE, Spring v5.2.8.RELEASE
2020-08-27 17:06:50.728 DEBUG [restartedMain]com.wsy.blog.BlogApplication.logStarting:56 -Running with Spring Boot v2.3.2.RELEASE, Spring v5.2.8.RELEASE
